#
# A fatal error has been detected by the Java Runtime Environment:
#
#  SIGSEGV (0xb) at pc=0x000000015dc7678e, pid=2832, tid=0x000000000000bc2f
#
# JRE version: Java(TM) SE Runtime Environment (8.0_111-b14) (build 1.8.0_111-b14)
# Java VM: Java HotSpot(TM) 64-Bit Server VM (25.111-b14 mixed mode bsd-amd64 compressed oops)
# Problematic frame:
# C  [libjniortools.jnilib+0x2678e]  Java_com_google_ortools_constraintsolver_operations_1research_1constraint_1solverJNI_PropagationBaseObject_1toString+0x1e
#
# Failed to write core dump. Core dumps have been disabled. To enable core dumping, try "ulimit -c unlimited" before starting Java again
#
# If you would like to submit a bug report, please visit:
#   http://bugreport.java.com/bugreport/crash.jsp
# The crash happened outside the Java Virtual Machine in native code.
# See problematic frame for where to report the bug.
#

---------------  T H R E A D  ---------------

Current thread (0x00007f9cc58f3800):  JavaThread "AWT-EventQueue-0" [_thread_in_native, id=48175, stack(0x000070000248e000,0x000070000258e000)]

siginfo: si_signo: 11 (SIGSEGV), si_code: 0 (unknown), si_addr: 0x0000000000000000

Registers:
RAX=0x7000000000000000, RBX=0x00007f9cc58f39f8, RCX=0x000070000258afd8, RDX=0x00007f9cca99e6c0
RSP=0x000070000258af70, RBP=0x000070000258afc0, RSI=0x000070000258b000, RDI=0x00007f9cc58f39f8
R8 =0x00000000f33a1de8, R9 =0x0000000740fc9a98, R10=0x000000010edef795, R11=0x0000000100bc0000
R12=0x0000000000000000, R13=0x000000074110c650, R14=0x000070000258b000, R15=0x00007f9cc58f3800
RIP=0x000000015dc7678e, EFLAGS=0x0000000000010202, ERR=0x0000000000000000
  TRAPNO=0x000000000000000d

Top of Stack: (sp=0x000070000258af70)
0x000070000258af70:   00000007e81fa311 0000000740fc9ab0
0x000070000258af80:   0000000740fc3b88 000001cae8204586
0x000070000258af90:   0000000000000000 0000000000000000
0x000070000258afa0:   0000000000000000 0000000000000001
0x000070000258afb0:   0000000000000000 0000000000000000
0x000070000258afc0:   000070000258b010 000000010edef807
0x000070000258afd0:   000000074110c650 0000000799d2a7d0
0x000070000258afe0:   0000000740fc9a98 0000000740fc9ab0
0x000070000258aff0:   000070000258b290 0000000799cddb40
0x000070000258b000:   0000000799d0b078 000000010ed1d5dc
0x000070000258b010:   00000000f33a1de8 000000010ef7dfa4
0x000070000258b020:   000070000258b290 000000010ee451ac
0x000070000258b030:   0000000799d2a7d0 0000000000000000
0x000070000258b040:   0000000799d0eb80 0000000000000000
0x000070000258b050:   0000000799d0e630 0000000799cddb40
0x000070000258b060:   0000000740000ba8 000000071b6d3586
0x000070000258b070:   0000000799d2b4c0 0000000000000299
0x000070000258b080:   0000029900000000 000070000258b130
0x000070000258b090:   0000000000000009 000000015efa7608
0x000070000258b0a0:   00000000ffffffff 000000010ef82d78
0x000070000258b0b0:   0000700000000000 000070000258b290
0x000070000258b0c0:   000000000ef7bb84 0000000000000040
0x000070000258b0d0:   000000079558b560 000000079558b750
0x000070000258b0e0:   0000000700000000 0000000799d0e630
0x000070000258b0f0:   0000000799d0eb80 00000001f33a5356
0x000070000258b100:   0000000799d0e9d8 00000000f33a1cc6
0x000070000258b110:   0000000799d2a828 0000000799d2a828
0x000070000258b120:   0000004f00000299 000000079558b710
0x000070000258b130:   000070000258b290 000000010ef38b24
0x000070000258b140:   0000000000000000 000000079558b560
0x000070000258b150:   000070000258b290 000000010ed534e4
0x000070000258b160:   000001e0000002d0 000001ca000002d0 

Instructions: (pc=0x000000015dc7678e)
0x000000015dc7676e:   00 00 55 48 89 e5 53 48 83 ec 48 48 89 fb 0f 57
0x000000015dc7677e:   c0 0f 29 45 d0 48 c7 45 e0 00 00 00 00 48 8b 02
0x000000015dc7678e:   48 8b 40 10 48 8d 7d b0 48 89 d6 ff d0 f6 45 d0
0x000000015dc7679e:   01 75 17 48 8d 7d d1 c6 45 f6 00 48 8d 75 f6 e8 

Register to memory mapping:

RAX=0x7000000000000000 is an unknown value
RBX=0x00007f9cc58f39f8 is an unknown value
RCX=0x000070000258afd8 is pointing into the stack for thread: 0x00007f9cc58f3800
RDX=0x00007f9cca99e6c0 is an unknown value
RSP=0x000070000258af70 is pointing into the stack for thread: 0x00007f9cc58f3800
RBP=0x000070000258afc0 is pointing into the stack for thread: 0x00007f9cc58f3800
RSI=0x000070000258b000 is pointing into the stack for thread: 0x00007f9cc58f3800
RDI=0x00007f9cc58f39f8 is an unknown value
R8 =0x00000000f33a1de8 is an unknown value
R9 =0x0000000740fc9a98 is an oop
[Ljavax.swing.UIDefaults; 
 - klass: 'javax/swing/UIDefaults'[]
 - length: 2
R10=0x000000010edef795 is at entry_point+85 in (nmethod*)0x000000010edef5d0
R11=0x0000000100bc0000 is an unknown value
R12=0x0000000000000000 is an unknown value
R13=0x000000074110c650 is an oop
java.lang.String 
 - klass: 'java/lang/String'
R14=0x000070000258b000 is pointing into the stack for thread: 0x00007f9cc58f3800
R15=0x00007f9cc58f3800 is a thread


Stack: [0x000070000248e000,0x000070000258e000],  sp=0x000070000258af70,  free space=1011k
Native frames: (J=compiled Java code, j=interpreted, Vv=VM code, C=native code)
C  [libjniortools.jnilib+0x2678e]  Java_com_google_ortools_constraintsolver_operations_1research_1constraint_1solverJNI_PropagationBaseObject_1toString+0x1e
J 1582  com.google.ortools.constraintsolver.operations_research_constraint_solverJNI.PropagationBaseObject_toString(JLcom/google/ortools/constraintsolver/PropagationBaseObject;)Ljava/lang/String; (0 bytes) @ 0x000000010edef807 [0x000000010edef740+0xc7]
J 2056 C2 javax.swing.table.DefaultTableCellRenderer.getTableCellRendererComponent(Ljavax/swing/JTable;Ljava/lang/Object;ZZII)Ljava/awt/Component; (351 bytes) @ 0x000000010ef7dfa4 [0x000000010ef7dc40+0x364]
J 2060 C2 javax.swing.plaf.basic.BasicTableUI.paintCell(Ljava/awt/Graphics;Ljava/awt/Rectangle;II)V (114 bytes) @ 0x000000010ef82d78 [0x000000010ef828a0+0x4d8]
J 1975 C1 javax.swing.plaf.basic.BasicTableUI.paintCells(Ljava/awt/Graphics;IIII)V (342 bytes) @ 0x000000010ef38b24 [0x000000010ef38260+0x8c4]
j  javax.swing.plaf.basic.BasicTableUI.paint(Ljava/awt/Graphics;Ljavax/swing/JComponent;)V+249
J 1951 C2 javax.swing.plaf.ComponentUI.update(Ljava/awt/Graphics;Ljavax/swing/JComponent;)V (36 bytes) @ 0x000000010ef2d790 [0x000000010ef2ce60+0x930]
J 1990 C2 javax.swing.JComponent.paintComponent(Ljava/awt/Graphics;)V (44 bytes) @ 0x000000010ef36c00 [0x000000010ef36960+0x2a0]
J 1870 C2 javax.swing.JComponent.paint(Ljava/awt/Graphics;)V (409 bytes) @ 0x000000010eed90b0 [0x000000010eed8a80+0x630]
j  javax.swing.JComponent.paintToOffscreen(Ljava/awt/Graphics;IIIIII)V+41
j  javax.swing.RepaintManager$PaintManager.paintDoubleBuffered(Ljavax/swing/JComponent;Ljava/awt/Image;Ljava/awt/Graphics;IIII)V+163
j  javax.swing.RepaintManager$PaintManager.paint(Ljavax/swing/JComponent;Ljavax/swing/JComponent;Ljava/awt/Graphics;IIII)Z+116
J 2014 C1 javax.swing.RepaintManager.paint(Ljavax/swing/JComponent;Ljavax/swing/JComponent;Ljava/awt/Graphics;IIII)V (93 bytes) @ 0x000000010ef53c14 [0x000000010ef53720+0x4f4]
j  javax.swing.JComponent._paintImmediately(IIII)V+683
J 1976 C1 javax.swing.JComponent.paintImmediately(IIII)V (155 bytes) @ 0x000000010ef3b654 [0x000000010ef3a840+0xe14]
J 1966 C1 javax.swing.RepaintManager$4.run()Ljava/lang/Void; (278 bytes) @ 0x000000010ef2694c [0x000000010ef262a0+0x6ac]
J 1965 C1 javax.swing.RepaintManager$4.run()Ljava/lang/Object; (5 bytes) @ 0x000000010ef1648c [0x000000010ef16400+0x8c]
v  ~StubRoutines::call_stub
V  [libjvm.dylib+0x2ecf8a]  JavaCalls::call_helper(JavaValue*, methodHandle*, JavaCallArguments*, Thread*)+0x6ae
V  [libjvm.dylib+0x34d6c8]  JVM_DoPrivileged+0x4b8
J 545  java.security.AccessController.doPrivileged(Ljava/security/PrivilegedAction;Ljava/security/AccessControlContext;)Ljava/lang/Object; (0 bytes) @ 0x000000010eaf6095 [0x000000010eaf5fc0+0xd5]
J 555 C1 java.security.ProtectionDomain$JavaSecurityAccessImpl.doIntersectionPrivilege(Ljava/security/PrivilegedAction;Ljava/security/AccessControlContext;Ljava/security/AccessControlContext;)Ljava/lang/Object; (22 bytes) @ 0x000000010eaf9c9c [0x000000010eaf9820+0x47c]
j  javax.swing.RepaintManager.paintDirtyRegions(Ljava/util/Map;)V+154
j  javax.swing.RepaintManager.paintDirtyRegions()V+46
j  javax.swing.RepaintManager.prePaintDirtyRegions()V+73
J 1983 C1 javax.swing.RepaintManager$ProcessingRunnable.run()V (41 bytes) @ 0x000000010ef37bdc [0x000000010ef37980+0x25c]
J 789 C1 java.awt.event.InvocationEvent.dispatch()V (69 bytes) @ 0x000000010eb8b2d4 [0x000000010eb8b0c0+0x214]
J 761 C1 java.awt.EventQueue.dispatchEventImpl(Ljava/awt/AWTEvent;Ljava/lang/Object;)V (149 bytes) @ 0x000000010eb776ec [0x000000010eb75c00+0x1aec]
J 759 C1 java.awt.EventQueue$3.run()Ljava/lang/Void; (60 bytes) @ 0x000000010eb74fd4 [0x000000010eb74dc0+0x214]
J 758 C1 java.awt.EventQueue$3.run()Ljava/lang/Object; (5 bytes) @ 0x000000010eb7068c [0x000000010eb70600+0x8c]
v  ~StubRoutines::call_stub
V  [libjvm.dylib+0x2ecf8a]  JavaCalls::call_helper(JavaValue*, methodHandle*, JavaCallArguments*, Thread*)+0x6ae
V  [libjvm.dylib+0x34d6c8]  JVM_DoPrivileged+0x4b8
J 545  java.security.AccessController.doPrivileged(Ljava/security/PrivilegedAction;Ljava/security/AccessControlContext;)Ljava/lang/Object; (0 bytes) @ 0x000000010eaf6095 [0x000000010eaf5fc0+0xd5]
J 611 C1 java.awt.EventQueue.dispatchEvent(Ljava/awt/AWTEvent;)V (80 bytes) @ 0x000000010eb191ec [0x000000010eb18840+0x9ac]
J 762 C1 java.awt.EventDispatchThread.pumpOneEventForFilters(I)V (295 bytes) @ 0x000000010eb727bc [0x000000010eb70c40+0x1b7c]
j  java.awt.EventDispatchThread.pumpEventsForFilter(ILjava/awt/Conditional;Ljava/awt/EventFilter;)V+35
j  java.awt.EventDispatchThread.pumpEventsForHierarchy(ILjava/awt/Conditional;Ljava/awt/Component;)V+11
j  java.awt.EventDispatchThread.pumpEvents(ILjava/awt/Conditional;)V+4
j  java.awt.EventDispatchThread.pumpEvents(Ljava/awt/Conditional;)V+3
j  java.awt.EventDispatchThread.run()V+9
v  ~StubRoutines::call_stub
V  [libjvm.dylib+0x2ecf8a]  JavaCalls::call_helper(JavaValue*, methodHandle*, JavaCallArguments*, Thread*)+0x6ae
V  [libjvm.dylib+0x2ed718]  JavaCalls::call_virtual(JavaValue*, KlassHandle, Symbol*, Symbol*, JavaCallArguments*, Thread*)+0x164
V  [libjvm.dylib+0x2ed8c4]  JavaCalls::call_virtual(JavaValue*, Handle, KlassHandle, Symbol*, Symbol*, Thread*)+0x4a
V  [libjvm.dylib+0x348039]  thread_entry(JavaThread*, Thread*)+0x7c
V  [libjvm.dylib+0x56a27b]  JavaThread::thread_main_inner()+0x9b
V  [libjvm.dylib+0x56b968]  JavaThread::run()+0x1c2
V  [libjvm.dylib+0x489b0a]  java_start(Thread*)+0xf6
C  [libsystem_pthread.dylib+0x3aab]  _pthread_body+0xb4
C  [libsystem_pthread.dylib+0x39f7]  _pthread_body+0x0
C  [libsystem_pthread.dylib+0x31fd]  thread_start+0xd
C  0x0000000000000000

Java frames: (J=compiled Java code, j=interpreted, Vv=VM code)
J 1582  com.google.ortools.constraintsolver.operations_research_constraint_solverJNI.PropagationBaseObject_toString(JLcom/google/ortools/constraintsolver/PropagationBaseObject;)Ljava/lang/String; (0 bytes) @ 0x000000010edef795 [0x000000010edef740+0x55]
J 2056 C2 javax.swing.table.DefaultTableCellRenderer.getTableCellRendererComponent(Ljavax/swing/JTable;Ljava/lang/Object;ZZII)Ljava/awt/Component; (351 bytes) @ 0x000000010ef7dfa4 [0x000000010ef7dc40+0x364]
J 2060 C2 javax.swing.plaf.basic.BasicTableUI.paintCell(Ljava/awt/Graphics;Ljava/awt/Rectangle;II)V (114 bytes) @ 0x000000010ef82d78 [0x000000010ef828a0+0x4d8]
J 1975 C1 javax.swing.plaf.basic.BasicTableUI.paintCells(Ljava/awt/Graphics;IIII)V (342 bytes) @ 0x000000010ef38b24 [0x000000010ef38260+0x8c4]
j  javax.swing.plaf.basic.BasicTableUI.paint(Ljava/awt/Graphics;Ljavax/swing/JComponent;)V+249
J 1951 C2 javax.swing.plaf.ComponentUI.update(Ljava/awt/Graphics;Ljavax/swing/JComponent;)V (36 bytes) @ 0x000000010ef2d790 [0x000000010ef2ce60+0x930]
J 1990 C2 javax.swing.JComponent.paintComponent(Ljava/awt/Graphics;)V (44 bytes) @ 0x000000010ef36c00 [0x000000010ef36960+0x2a0]
J 1870 C2 javax.swing.JComponent.paint(Ljava/awt/Graphics;)V (409 bytes) @ 0x000000010eed90b0 [0x000000010eed8a80+0x630]
j  javax.swing.JComponent.paintToOffscreen(Ljava/awt/Graphics;IIIIII)V+41
j  javax.swing.RepaintManager$PaintManager.paintDoubleBuffered(Ljavax/swing/JComponent;Ljava/awt/Image;Ljava/awt/Graphics;IIII)V+163
j  javax.swing.RepaintManager$PaintManager.paint(Ljavax/swing/JComponent;Ljavax/swing/JComponent;Ljava/awt/Graphics;IIII)Z+116
J 2014 C1 javax.swing.RepaintManager.paint(Ljavax/swing/JComponent;Ljavax/swing/JComponent;Ljava/awt/Graphics;IIII)V (93 bytes) @ 0x000000010ef53c14 [0x000000010ef53720+0x4f4]
j  javax.swing.JComponent._paintImmediately(IIII)V+683
J 1976 C1 javax.swing.JComponent.paintImmediately(IIII)V (155 bytes) @ 0x000000010ef3b654 [0x000000010ef3a840+0xe14]
J 1966 C1 javax.swing.RepaintManager$4.run()Ljava/lang/Void; (278 bytes) @ 0x000000010ef2694c [0x000000010ef262a0+0x6ac]
J 1965 C1 javax.swing.RepaintManager$4.run()Ljava/lang/Object; (5 bytes) @ 0x000000010ef1648c [0x000000010ef16400+0x8c]
v  ~StubRoutines::call_stub
J 545  java.security.AccessController.doPrivileged(Ljava/security/PrivilegedAction;Ljava/security/AccessControlContext;)Ljava/lang/Object; (0 bytes) @ 0x000000010eaf6023 [0x000000010eaf5fc0+0x63]
J 555 C1 java.security.ProtectionDomain$JavaSecurityAccessImpl.doIntersectionPrivilege(Ljava/security/PrivilegedAction;Ljava/security/AccessControlContext;Ljava/security/AccessControlContext;)Ljava/lang/Object; (22 bytes) @ 0x000000010eaf9c9c [0x000000010eaf9820+0x47c]
j  javax.swing.RepaintManager.paintDirtyRegions(Ljava/util/Map;)V+154
j  javax.swing.RepaintManager.paintDirtyRegions()V+46
j  javax.swing.RepaintManager.prePaintDirtyRegions()V+73
J 1983 C1 javax.swing.RepaintManager$ProcessingRunnable.run()V (41 bytes) @ 0x000000010ef37bdc [0x000000010ef37980+0x25c]
J 789 C1 java.awt.event.InvocationEvent.dispatch()V (69 bytes) @ 0x000000010eb8b2d4 [0x000000010eb8b0c0+0x214]
J 761 C1 java.awt.EventQueue.dispatchEventImpl(Ljava/awt/AWTEvent;Ljava/lang/Object;)V (149 bytes) @ 0x000000010eb776ec [0x000000010eb75c00+0x1aec]
J 759 C1 java.awt.EventQueue$3.run()Ljava/lang/Void; (60 bytes) @ 0x000000010eb74fd4 [0x000000010eb74dc0+0x214]
J 758 C1 java.awt.EventQueue$3.run()Ljava/lang/Object; (5 bytes) @ 0x000000010eb7068c [0x000000010eb70600+0x8c]
v  ~StubRoutines::call_stub
J 545  java.security.AccessController.doPrivileged(Ljava/security/PrivilegedAction;Ljava/security/AccessControlContext;)Ljava/lang/Object; (0 bytes) @ 0x000000010eaf6023 [0x000000010eaf5fc0+0x63]
J 611 C1 java.awt.EventQueue.dispatchEvent(Ljava/awt/AWTEvent;)V (80 bytes) @ 0x000000010eb191ec [0x000000010eb18840+0x9ac]
J 762 C1 java.awt.EventDispatchThread.pumpOneEventForFilters(I)V (295 bytes) @ 0x000000010eb727bc [0x000000010eb70c40+0x1b7c]
j  java.awt.EventDispatchThread.pumpEventsForFilter(ILjava/awt/Conditional;Ljava/awt/EventFilter;)V+35
j  java.awt.EventDispatchThread.pumpEventsForHierarchy(ILjava/awt/Conditional;Ljava/awt/Component;)V+11
j  java.awt.EventDispatchThread.pumpEvents(ILjava/awt/Conditional;)V+4
j  java.awt.EventDispatchThread.pumpEvents(Ljava/awt/Conditional;)V+3
j  java.awt.EventDispatchThread.run()V+9
v  ~StubRoutines::call_stub

---------------  P R O C E S S  ---------------

Java Threads: ( => current thread )
  0x00007f9cc713d000 JavaThread "TimerQueue" daemon [_thread_blocked, id=66491, stack(0x000070000291d000,0x0000700002a1d000)]
  0x00007f9cc6259000 JavaThread "Java2D Disposer" daemon [_thread_blocked, id=57867, stack(0x0000700002694000,0x0000700002794000)]
  0x00007f9cc6802000 JavaThread "Java2D Queue Flusher" daemon [_thread_blocked, id=54791, stack(0x0000700002591000,0x0000700002691000)]
  0x00007f9cc621b800 JavaThread "DestroyJavaVM" [_thread_blocked, id=3587, stack(0x000070000124f000,0x000070000134f000)]
=>0x00007f9cc58f3800 JavaThread "AWT-EventQueue-0" [_thread_in_native, id=48175, stack(0x000070000248e000,0x000070000258e000)]
  0x00007f9cc617d800 JavaThread "AWT-Shutdown" [_thread_blocked, id=30239, stack(0x0000700002285000,0x0000700002385000)]
  0x00007f9cc6985800 JavaThread "AppKit Thread" daemon [_thread_in_native, id=775, stack(0x00007fff5cb9f000,0x00007fff5d39f000)]
  0x00007f9cc5871000 JavaThread "Service Thread" daemon [_thread_blocked, id=18947, stack(0x000070000207f000,0x000070000217f000)]
  0x00007f9cc5832800 JavaThread "C1 CompilerThread2" daemon [_thread_blocked, id=18435, stack(0x0000700001f7c000,0x000070000207c000)]
  0x00007f9cc5832000 JavaThread "C2 CompilerThread1" daemon [_thread_blocked, id=17923, stack(0x0000700001e79000,0x0000700001f79000)]
  0x00007f9cc582f000 JavaThread "C2 CompilerThread0" daemon [_thread_blocked, id=17411, stack(0x0000700001d76000,0x0000700001e76000)]
  0x00007f9cc700f800 JavaThread "Signal Dispatcher" daemon [_thread_blocked, id=16899, stack(0x0000700001c73000,0x0000700001d73000)]
  0x00007f9cc5814000 JavaThread "Finalizer" daemon [_thread_blocked, id=12803, stack(0x0000700001b70000,0x0000700001c70000)]
  0x00007f9cc685e000 JavaThread "Reference Handler" daemon [_thread_blocked, id=12291, stack(0x0000700001a6d000,0x0000700001b6d000)]

Other Threads:
  0x00007f9cc6859800 VMThread [stack: 0x000070000196a000,0x0000700001a6a000] [id=11779]
  0x00007f9cc6872000 WatcherThread [stack: 0x0000700002182000,0x0000700002282000] [id=19459]

VM state:not at safepoint (normal execution)

VM Mutex/Monitor currently owned by a thread: None

Heap:
 PSYoungGen      total 53760K, used 5953K [0x0000000795580000, 0x0000000799f00000, 0x00000007c0000000)
  eden space 50176K, 4% used [0x0000000795580000,0x00000007957dc5a0,0x0000000798680000)
  from space 3584K, 98% used [0x0000000799b80000,0x0000000799ef41a8,0x0000000799f00000)
  to   space 5120K, 0% used [0x0000000799500000,0x0000000799500000,0x0000000799a00000)
 ParOldGen       total 110592K, used 17465K [0x0000000740000000, 0x0000000746c00000, 0x0000000795580000)
  object space 110592K, 15% used [0x0000000740000000,0x000000074110e650,0x0000000746c00000)
 Metaspace       used 15064K, capacity 15306K, committed 15616K, reserved 1062912K
  class space    used 1861K, capacity 1951K, committed 2048K, reserved 1048576K

Card table byte_map: [0x00000001045c0000,0x00000001049c1000] byte_map_base: 0x0000000100bc0000

Marking Bits: (ParMarkBitMap*) 0x00000001031cdd20
 Begin Bits: [0x0000000104c6c000, 0x0000000106c6c000)
 End Bits:   [0x0000000106c6c000, 0x0000000108c6c000)

Polling page: 0x00000001038c2000

CodeCache: size=245760Kb used=6946Kb max_used=6957Kb free=238814Kb
 bounds [0x000000010e8b7000, 0x000000010ef97000, 0x000000011d8b7000]
 total_blobs=2726 nmethods=2067 adapters=571
 compilation: enabled

Compilation events (10 events):
Event: 17.695 Thread 0x00007f9cc582f000 nmethod 2056 0x000000010ef7d950 code [0x000000010ef7dc40, 0x000000010ef7eb58]
Event: 17.695 Thread 0x00007f9cc582f000 2062       4       javax.swing.JTable::prepareRenderer (114 bytes)
Event: 17.699 Thread 0x00007f9cc5832800 2065       3       sun.java2d.pipe.Region::getTranslatedRegion (302 bytes)
Event: 17.709 Thread 0x00007f9cc5832000 nmethod 2061 0x000000010ef85510 code [0x000000010ef856e0, 0x000000010ef85e48]
Event: 17.709 Thread 0x00007f9cc5832800 nmethod 2065 0x000000010ef72450 code [0x000000010ef72640, 0x000000010ef730c8]
Event: 17.709 Thread 0x00007f9cc5832800 2066   !   3       java.lang.ref.Reference::tryHandlePending (115 bytes)
Event: 17.710 Thread 0x00007f9cc582f000 nmethod 2062 0x000000010ef867d0 code [0x000000010ef869c0, 0x000000010ef87178]
Event: 17.711 Thread 0x00007f9cc5832800 nmethod 2066 0x000000010ef74050 code [0x000000010ef74280, 0x000000010ef74f48]
Event: 17.715 Thread 0x00007f9cc5832000 2067       4       java.util.ArrayList::add (29 bytes)
Event: 17.715 Thread 0x00007f9cc5832800 2068       3       sun.misc.VM::addFinalRefCount (24 bytes)

GC Heap History (6 events):
Event: 0.796 GC heap before
{Heap before GC invocations=1 (full 0):
 PSYoungGen      total 38400K, used 33280K [0x0000000795580000, 0x0000000798000000, 0x00000007c0000000)
  eden space 33280K, 100% used [0x0000000795580000,0x0000000797600000,0x0000000797600000)
  from space 5120K, 0% used [0x0000000797b00000,0x0000000797b00000,0x0000000798000000)
  to   space 5120K, 0% used [0x0000000797600000,0x0000000797600000,0x0000000797b00000)
 ParOldGen       total 87552K, used 0K [0x0000000740000000, 0x0000000745580000, 0x0000000795580000)
  object space 87552K, 0% used [0x0000000740000000,0x0000000740000000,0x0000000745580000)
 Metaspace       used 8785K, capacity 8962K, committed 9088K, reserved 1056768K
  class space    used 1065K, capacity 1151K, committed 1152K, reserved 1048576K
Event: 0.820 GC heap after
Heap after GC invocations=1 (full 0):
 PSYoungGen      total 38400K, used 1568K [0x0000000795580000, 0x000000079a080000, 0x00000007c0000000)
  eden space 33280K, 0% used [0x0000000795580000,0x0000000795580000,0x0000000797600000)
  from space 5120K, 30% used [0x0000000797600000,0x0000000797788000,0x0000000797b00000)
  to   space 5120K, 0% used [0x0000000799b80000,0x0000000799b80000,0x000000079a080000)
 ParOldGen       total 87552K, used 48008K [0x0000000740000000, 0x0000000745580000, 0x0000000795580000)
  object space 87552K, 54% used [0x0000000740000000,0x0000000742ee2030,0x0000000745580000)
 Metaspace       used 8785K, capacity 8962K, committed 9088K, reserved 1056768K
  class space    used 1065K, capacity 1151K, committed 1152K, reserved 1048576K
}
Event: 0.820 GC heap before
{Heap before GC invocations=2 (full 1):
 PSYoungGen      total 38400K, used 1568K [0x0000000795580000, 0x000000079a080000, 0x00000007c0000000)
  eden space 33280K, 0% used [0x0000000795580000,0x0000000795580000,0x0000000797600000)
  from space 5120K, 30% used [0x0000000797600000,0x0000000797788000,0x0000000797b00000)
  to   space 5120K, 0% used [0x0000000799b80000,0x0000000799b80000,0x000000079a080000)
 ParOldGen       total 87552K, used 48008K [0x0000000740000000, 0x0000000745580000, 0x0000000795580000)
  object space 87552K, 54% used [0x0000000740000000,0x0000000742ee2030,0x0000000745580000)
 Metaspace       used 8785K, capacity 8962K, committed 9088K, reserved 1056768K
  class space    used 1065K, capacity 1151K, committed 1152K, reserved 1048576K
Event: 0.832 GC heap after
Heap after GC invocations=2 (full 1):
 PSYoungGen      total 38400K, used 0K [0x0000000795580000, 0x000000079a080000, 0x00000007c0000000)
  eden space 33280K, 0% used [0x0000000795580000,0x0000000795580000,0x0000000797600000)
  from space 5120K, 0% used [0x0000000797600000,0x0000000797600000,0x0000000797b00000)
  to   space 5120K, 0% used [0x0000000799b80000,0x0000000799b80000,0x000000079a080000)
 ParOldGen       total 110592K, used 17457K [0x0000000740000000, 0x0000000746c00000, 0x0000000795580000)
  object space 110592K, 15% used [0x0000000740000000,0x000000074110c650,0x0000000746c00000)
 Metaspace       used 8785K, capacity 8962K, committed 9088K, reserved 1056768K
  class space    used 1065K, capacity 1151K, committed 1152K, reserved 1048576K
}
Event: 17.700 GC heap before
{Heap before GC invocations=3 (full 1):
 PSYoungGen      total 38400K, used 33280K [0x0000000795580000, 0x000000079a080000, 0x00000007c0000000)
  eden space 33280K, 100% used [0x0000000795580000,0x0000000797600000,0x0000000797600000)
  from space 5120K, 0% used [0x0000000797600000,0x0000000797600000,0x0000000797b00000)
  to   space 5120K, 0% used [0x0000000799b80000,0x0000000799b80000,0x000000079a080000)
 ParOldGen       total 110592K, used 17457K [0x0000000740000000, 0x0000000746c00000, 0x0000000795580000)
  object space 110592K, 15% used [0x0000000740000000,0x000000074110c650,0x0000000746c00000)
 Metaspace       used 15061K, capacity 15306K, committed 15616K, reserved 1062912K
  class space    used 1861K, capacity 1951K, committed 2048K, reserved 1048576K
Event: 17.707 GC heap after
Heap after GC invocations=3 (full 1):
 PSYoungGen      total 53760K, used 3536K [0x0000000795580000, 0x0000000799f00000, 0x00000007c0000000)
  eden space 50176K, 0% used [0x0000000795580000,0x0000000795580000,0x0000000798680000)
  from space 3584K, 98% used [0x0000000799b80000,0x0000000799ef41a8,0x0000000799f00000)
  to   space 5120K, 0% used [0x0000000799500000,0x0000000799500000,0x0000000799a00000)
 ParOldGen       total 110592K, used 17465K [0x0000000740000000, 0x0000000746c00000, 0x0000000795580000)
  object space 110592K, 15% used [0x0000000740000000,0x000000074110e650,0x0000000746c00000)
 Metaspace       used 15061K, capacity 15306K, committed 15616K, reserved 1062912K
  class space    used 1861K, capacity 1951K, committed 2048K, reserved 1048576K
}

Deoptimization events (10 events):
Event: 5.867 Thread 0x00007f9cc58f3800 Uncommon trap: reason=class_check action=maybe_recompile pc=0x000000010ea2601c method=java.lang.String.equals(Ljava/lang/Object;)Z @ 8
Event: 6.297 Thread 0x00007f9cc58f3800 Uncommon trap: reason=class_check action=maybe_recompile pc=0x000000010ea2601c method=java.lang.String.equals(Ljava/lang/Object;)Z @ 8
Event: 10.068 Thread 0x00007f9cc58f3800 Uncommon trap: reason=unstable_if action=reinterpret pc=0x000000010eab50dc method=java.lang.String.toLowerCase(Ljava/util/Locale;)Ljava/lang/String; @ 22
Event: 10.095 Thread 0x00007f9cc58f3800 Uncommon trap: reason=bimorphic action=maybe_recompile pc=0x000000010ecbb858 method=javax.swing.UIDefaults.getFromHashtable(Ljava/lang/Object;)Ljava/lang/Object; @ 126
Event: 10.121 Thread 0x00007f9cc58f3800 Uncommon trap: reason=bimorphic action=maybe_recompile pc=0x000000010ecd23b8 method=javax.swing.UIDefaults.getFromHashtable(Ljava/lang/Object;)Ljava/lang/Object; @ 126
Event: 10.686 Thread 0x00007f9cc58f3800 Uncommon trap: reason=unstable_if action=reinterpret pc=0x000000010ec03ba8 method=java.awt.Container.findComponentAtImpl(IIZ)Ljava/awt/Component; @ 24
Event: 12.919 Thread 0x00007f9cc58f3800 Uncommon trap: reason=class_check action=maybe_recompile pc=0x000000010ed59eb8 method=java.awt.EventQueue.coalesceEvent(Ljava/awt/AWTEvent;I)Z @ 77
Event: 12.926 Thread 0x00007f9cc58f3800 Uncommon trap: reason=class_check action=maybe_recompile pc=0x000000010ed59eb8 method=java.awt.EventQueue.coalesceEvent(Ljava/awt/AWTEvent;I)Z @ 77
Event: 12.934 Thread 0x00007f9cc58f3800 Uncommon trap: reason=class_check action=maybe_recompile pc=0x000000010ed59eb8 method=java.awt.EventQueue.coalesceEvent(Ljava/awt/AWTEvent;I)Z @ 77
Event: 12.942 Thread 0x00007f9cc58f3800 Uncommon trap: reason=class_check action=maybe_recompile pc=0x000000010ed59eb8 method=java.awt.EventQueue.coalesceEvent(Ljava/awt/AWTEvent;I)Z @ 77

Internal exceptions (10 events):
Event: 0.157 Thread 0x00007f9cc6802000 Exception <a 'java/security/PrivilegedActionException'> (0x000000079560f1d0) thrown at [/Users/java_re/workspace/8-2-build-macosx-x86_64/jdk8u111/7883/hotspot/src/share/vm/prims/jvm.cpp, line 1386]
Event: 0.159 Thread 0x00007f9cc6802000 Exception <a 'java/security/PrivilegedActionException'> (0x00000007956124d8) thrown at [/Users/java_re/workspace/8-2-build-macosx-x86_64/jdk8u111/7883/hotspot/src/share/vm/prims/jvm.cpp, line 1386]
Event: 0.159 Thread 0x00007f9cc6802000 Exception <a 'java/security/PrivilegedActionException'> (0x00000007956126e8) thrown at [/Users/java_re/workspace/8-2-build-macosx-x86_64/jdk8u111/7883/hotspot/src/share/vm/prims/jvm.cpp, line 1386]
Event: 0.212 Thread 0x00007f9cc6802000 Exception <a 'java/lang/NoSuchFieldError': method resolution failed> (0x00000007957949b0) thrown at [/Users/java_re/workspace/8-2-build-macosx-x86_64/jdk8u111/7883/hotspot/src/share/vm/prims/methodHandles.cpp, line 1146]
Event: 0.214 Thread 0x00007f9cc6802000 Exception <a 'java/lang/NoSuchFieldError': method resolution failed> (0x00000007957a2180) thrown at [/Users/java_re/workspace/8-2-build-macosx-x86_64/jdk8u111/7883/hotspot/src/share/vm/prims/methodHandles.cpp, line 1146]
Event: 0.427 Thread 0x00007f9cc6802000 Exception <a 'java/io/FileNotFoundException'> (0x000000079581cce8) thrown at [/Users/java_re/workspace/8-2-build-macosx-x86_64/jdk8u111/7883/hotspot/src/share/vm/prims/jni.cpp, line 709]
Event: 0.427 Thread 0x00007f9cc6802000 Exception <a 'java/io/FileNotFoundException'> (0x000000079581d868) thrown at [/Users/java_re/workspace/8-2-build-macosx-x86_64/jdk8u111/7883/hotspot/src/share/vm/prims/jni.cpp, line 709]
Event: 0.690 Thread 0x00007f9cc58f3800 Exception <a 'java/io/FileNotFoundException'> (0x0000000795b75808) thrown at [/Users/java_re/workspace/8-2-build-macosx-x86_64/jdk8u111/7883/hotspot/src/share/vm/prims/jni.cpp, line 709]
Event: 0.833 Thread 0x00007f9cc5814000 Exception <a 'java/lang/NullPointerException'> (0x000000079561b140) thrown at [/Users/java_re/workspace/8-2-build-macosx-x86_64/jdk8u111/7883/hotspot/src/share/vm/interpreter/linkResolver.cpp, line 1178]
Event: 17.716 Thread 0x00007f9cc5814000 Exception <a 'java/lang/NullPointerException'> (0x000000079575f000) thrown at [/Users/java_re/workspace/8-2-build-macosx-x86_64/jdk8u111/7883/hotspot/src/share/vm/interpreter/linkResolver.cpp, line 1178]

Events (10 events):
Event: 17.713 Executing VM operation: RevokeBias
Event: 17.714 Executing VM operation: RevokeBias done
Event: 17.714 Executing VM operation: RevokeBias
Event: 17.714 Executing VM operation: RevokeBias done
Event: 17.714 Executing VM operation: RevokeBias
Event: 17.714 Executing VM operation: RevokeBias done
Event: 17.715 Executing VM operation: RevokeBias
Event: 17.715 Executing VM operation: RevokeBias done
Event: 17.715 Executing VM operation: RevokeBias
Event: 17.715 Executing VM operation: RevokeBias done


Dynamic libraries:
0x0000000030fe4000 	/System/Library/Frameworks/Cocoa.framework/Versions/A/Cocoa
0x0000000030fe4000 	/System/Library/Frameworks/Security.framework/Versions/A/Security
0x0000000030fe4000 	/System/Library/Frameworks/ApplicationServices.framework/Versions/A/ApplicationServices
0x0000000030fe4000 	/usr/lib/libz.1.dylib
0x0000000030fe4000 	/usr/lib/libSystem.B.dylib
0x0000000030fe4000 	/usr/lib/libobjc.A.dylib
0x0000000030fe4000 	/System/Library/Frameworks/CoreFoundation.framework/Versions/A/CoreFoundation
0x0000000030fe4000 	/System/Library/Frameworks/Foundation.framework/Versions/C/Foundation
0x0000000030fe4000 	/System/Library/Frameworks/AppKit.framework/Versions/C/AppKit
0x0000000030fe4000 	/System/Library/Frameworks/CoreData.framework/Versions/A/CoreData
0x0000000030fe4000 	/System/Library/PrivateFrameworks/RemoteViewServices.framework/Versions/A/RemoteViewServices
0x0000000030fe4000 	/System/Library/PrivateFrameworks/UIFoundation.framework/Versions/A/UIFoundation
0x0000000030fe4000 	/System/Library/PrivateFrameworks/DFRFoundation.framework/Versions/A/DFRFoundation
0x0000000030fe4000 	/usr/lib/libenergytrace.dylib
0x0000000030fe4000 	/System/Library/PrivateFrameworks/SkyLight.framework/Versions/A/SkyLight
0x0000000030fe4000 	/System/Library/Frameworks/CoreGraphics.framework/Versions/A/CoreGraphics
0x0000000030fe4000 	/usr/lib/libScreenReader.dylib
0x0000000030fe4000 	/System/Library/Frameworks/Accelerate.framework/Versions/A/Accelerate
0x0000000030fe4000 	/System/Library/Frameworks/IOSurface.framework/Versions/A/IOSurface
0x0000000030fe4000 	/System/Library/Frameworks/AudioToolbox.framework/Versions/A/AudioToolbox
0x0000000030fe4000 	/System/Library/Frameworks/AudioUnit.framework/Versions/A/AudioUnit
0x0000000030fe4000 	/System/Library/PrivateFrameworks/DataDetectorsCore.framework/Versions/A/DataDetectorsCore
0x0000000030fe4000 	/System/Library/PrivateFrameworks/DesktopServicesPriv.framework/Versions/A/DesktopServicesPriv
0x0000000030fe4000 	/System/Library/Frameworks/Carbon.framework/Versions/A/Frameworks/HIToolbox.framework/Versions/A/HIToolbox
0x0000000030fe4000 	/usr/lib/libicucore.A.dylib
0x0000000030fe4000 	/System/Library/Frameworks/QuartzCore.framework/Versions/A/QuartzCore
0x0000000030fe4000 	/System/Library/Frameworks/Carbon.framework/Versions/A/Frameworks/SpeechRecognition.framework/Versions/A/SpeechRecognition
0x0000000030fe4000 	/usr/lib/libauto.dylib
0x0000000030fe4000 	/usr/lib/libxml2.2.dylib
0x0000000030fe4000 	/System/Library/PrivateFrameworks/CoreUI.framework/Versions/A/CoreUI
0x0000000030fe4000 	/System/Library/Frameworks/CoreAudio.framework/Versions/A/CoreAudio
0x0000000030fe4000 	/System/Library/Frameworks/DiskArbitration.framework/Versions/A/DiskArbitration
0x0000000030fe4000 	/usr/lib/liblangid.dylib
0x0000000030fe4000 	/System/Library/PrivateFrameworks/MultitouchSupport.framework/Versions/A/MultitouchSupport
0x0000000030fe4000 	/System/Library/Frameworks/IOKit.framework/Versions/A/IOKit
0x0000000030fe4000 	/usr/lib/libDiagnosticMessagesClient.dylib
0x0000000030fe4000 	/System/Library/Frameworks/CoreServices.framework/Versions/A/CoreServices
0x0000000030fe4000 	/System/Library/PrivateFrameworks/PerformanceAnalysis.framework/Versions/A/PerformanceAnalysis
0x0000000030fe4000 	/System/Library/PrivateFrameworks/GenerationalStorage.framework/Versions/A/GenerationalStorage
0x0000000030fe4000 	/System/Library/Frameworks/OpenGL.framework/Versions/A/OpenGL
0x0000000030fe4000 	/System/Library/Frameworks/CoreImage.framework/Versions/A/CoreImage
0x0000000030fe4000 	/System/Library/Frameworks/CoreText.framework/Versions/A/CoreText
0x0000000030fe4000 	/System/Library/Frameworks/ImageIO.framework/Versions/A/ImageIO
0x0000000030fe4000 	/System/Library/PrivateFrameworks/Backup.framework/Versions/A/Backup
0x0000000030fe4000 	/usr/lib/libarchive.2.dylib
0x0000000030fe4000 	/System/Library/Frameworks/CFNetwork.framework/Versions/A/CFNetwork
0x0000000030fe4000 	/System/Library/Frameworks/SystemConfiguration.framework/Versions/A/SystemConfiguration
0x0000000030fe4000 	/usr/lib/libCRFSuite.dylib
0x0000000030fe4000 	/usr/lib/libc++.1.dylib
0x0000000030fe4000 	/usr/lib/libc++abi.dylib
0x0000000030fe4000 	/usr/lib/system/libcache.dylib
0x0000000030fe4000 	/usr/lib/system/libcommonCrypto.dylib
0x0000000030fe4000 	/usr/lib/system/libcompiler_rt.dylib
0x0000000030fe4000 	/usr/lib/system/libcopyfile.dylib
0x0000000030fe4000 	/usr/lib/system/libcorecrypto.dylib
0x0000000030fe4000 	/usr/lib/system/libdispatch.dylib
0x0000000030fe4000 	/usr/lib/system/libdyld.dylib
0x0000000030fe4000 	/usr/lib/system/libkeymgr.dylib
0x0000000030fe4000 	/usr/lib/system/liblaunch.dylib
0x0000000030fe4000 	/usr/lib/system/libmacho.dylib
0x0000000030fe4000 	/usr/lib/system/libquarantine.dylib
0x0000000030fe4000 	/usr/lib/system/libremovefile.dylib
0x0000000030fe4000 	/usr/lib/system/libsystem_asl.dylib
0x0000000030fe4000 	/usr/lib/system/libsystem_blocks.dylib
0x0000000030fe4000 	/usr/lib/system/libsystem_c.dylib
0x0000000030fe4000 	/usr/lib/system/libsystem_configuration.dylib
0x0000000030fe4000 	/usr/lib/system/libsystem_coreservices.dylib
0x0000000030fe4000 	/usr/lib/system/libsystem_coretls.dylib
0x0000000030fe4000 	/usr/lib/system/libsystem_dnssd.dylib
0x0000000030fe4000 	/usr/lib/system/libsystem_info.dylib
0x0000000030fe4000 	/usr/lib/system/libsystem_kernel.dylib
0x0000000030fe4000 	/usr/lib/system/libsystem_m.dylib
0x0000000030fe4000 	/usr/lib/system/libsystem_malloc.dylib
0x0000000030fe4000 	/usr/lib/system/libsystem_network.dylib
0x0000000030fe4000 	/usr/lib/system/libsystem_networkextension.dylib
0x0000000030fe4000 	/usr/lib/system/libsystem_notify.dylib
0x0000000030fe4000 	/usr/lib/system/libsystem_platform.dylib
0x0000000030fe4000 	/usr/lib/system/libsystem_pthread.dylib
0x0000000030fe4000 	/usr/lib/system/libsystem_sandbox.dylib
0x0000000030fe4000 	/usr/lib/system/libsystem_secinit.dylib
0x0000000030fe4000 	/usr/lib/system/libsystem_symptoms.dylib
0x0000000030fe4000 	/usr/lib/system/libsystem_trace.dylib
0x0000000030fe4000 	/usr/lib/system/libunwind.dylib
0x0000000030fe4000 	/usr/lib/system/libxpc.dylib
0x0000000030fe4000 	/usr/lib/libbsm.0.dylib
0x0000000030fe4000 	/usr/lib/system/libkxld.dylib
0x0000000030fe4000 	/usr/lib/libcoretls.dylib
0x0000000030fe4000 	/usr/lib/libcoretls_cfhelpers.dylib
0x0000000030fe4000 	/usr/lib/libxar.1.dylib
0x0000000030fe4000 	/usr/lib/libsqlite3.dylib
0x0000000030fe4000 	/usr/lib/libpam.2.dylib
0x0000000030fe4000 	/usr/lib/libOpenScriptingUtil.dylib
0x0000000030fe4000 	/usr/lib/libbz2.1.0.dylib
0x0000000030fe4000 	/usr/lib/liblzma.5.dylib
0x0000000030fe4000 	/usr/lib/libnetwork.dylib
0x0000000030fe4000 	/usr/lib/libpcap.A.dylib
0x0000000030fe4000 	/System/Library/Frameworks/CoreServices.framework/Versions/A/Frameworks/FSEvents.framework/Versions/A/FSEvents
0x0000000030fe4000 	/System/Library/Frameworks/CoreServices.framework/Versions/A/Frameworks/CarbonCore.framework/Versions/A/CarbonCore
0x0000000030fe4000 	/System/Library/Frameworks/CoreServices.framework/Versions/A/Frameworks/Metadata.framework/Versions/A/Metadata
0x0000000030fe4000 	/System/Library/Frameworks/CoreServices.framework/Versions/A/Frameworks/OSServices.framework/Versions/A/OSServices
0x0000000030fe4000 	/System/Library/Frameworks/CoreServices.framework/Versions/A/Frameworks/SearchKit.framework/Versions/A/SearchKit
0x0000000030fe4000 	/System/Library/Frameworks/CoreServices.framework/Versions/A/Frameworks/AE.framework/Versions/A/AE
0x0000000030fe4000 	/System/Library/Frameworks/CoreServices.framework/Versions/A/Frameworks/LaunchServices.framework/Versions/A/LaunchServices
0x0000000030fe4000 	/System/Library/Frameworks/CoreServices.framework/Versions/A/Frameworks/DictionaryServices.framework/Versions/A/DictionaryServices
0x0000000030fe4000 	/System/Library/Frameworks/CoreServices.framework/Versions/A/Frameworks/SharedFileList.framework/Versions/A/SharedFileList
0x0000000030fe4000 	/System/Library/Frameworks/NetFS.framework/Versions/A/NetFS
0x0000000030fe4000 	/System/Library/PrivateFrameworks/NetAuth.framework/Versions/A/NetAuth
0x0000000030fe4000 	/System/Library/PrivateFrameworks/login.framework/Versions/A/Frameworks/loginsupport.framework/Versions/A/loginsupport
0x0000000030fe4000 	/System/Library/PrivateFrameworks/TCC.framework/Versions/A/TCC
0x0000000030fe4000 	/usr/lib/libmecabra.dylib
0x0000000030fe4000 	/System/Library/Frameworks/ApplicationServices.framework/Versions/A/Frameworks/ATS.framework/Versions/A/ATS
0x0000000030fe4000 	/System/Library/Frameworks/ApplicationServices.framework/Versions/A/Frameworks/ColorSync.framework/Versions/A/ColorSync
0x0000000030fe4000 	/System/Library/Frameworks/ApplicationServices.framework/Versions/A/Frameworks/HIServices.framework/Versions/A/HIServices
0x0000000030fe4000 	/System/Library/Frameworks/ApplicationServices.framework/Versions/A/Frameworks/LangAnalysis.framework/Versions/A/LangAnalysis
0x0000000030fe4000 	/System/Library/Frameworks/ApplicationServices.framework/Versions/A/Frameworks/PrintCore.framework/Versions/A/PrintCore
0x0000000030fe4000 	/System/Library/Frameworks/ApplicationServices.framework/Versions/A/Frameworks/QD.framework/Versions/A/QD
0x0000000030fe4000 	/System/Library/Frameworks/ApplicationServices.framework/Versions/A/Frameworks/SpeechSynthesis.framework/Versions/A/SpeechSynthesis
0x0000000030fe4000 	/System/Library/Frameworks/Accelerate.framework/Versions/A/Frameworks/vImage.framework/Versions/A/vImage
0x0000000030fe4000 	/System/Library/Frameworks/Accelerate.framework/Versions/A/Frameworks/vecLib.framework/Versions/A/vecLib
0x0000000030fe4000 	/System/Library/Frameworks/Accelerate.framework/Versions/A/Frameworks/vecLib.framework/Versions/A/libvDSP.dylib
0x0000000030fe4000 	/System/Library/Frameworks/Accelerate.framework/Versions/A/Frameworks/vecLib.framework/Versions/A/libBNNS.dylib
0x0000000030fe4000 	/System/Library/Frameworks/Accelerate.framework/Versions/A/Frameworks/vecLib.framework/Versions/A/libQuadrature.dylib
0x0000000030fe4000 	/System/Library/Frameworks/Accelerate.framework/Versions/A/Frameworks/vecLib.framework/Versions/A/libvMisc.dylib
0x0000000030fe4000 	/System/Library/Frameworks/Accelerate.framework/Versions/A/Frameworks/vecLib.framework/Versions/A/libLAPACK.dylib
0x0000000030fe4000 	/System/Library/Frameworks/Accelerate.framework/Versions/A/Frameworks/vecLib.framework/Versions/A/libBLAS.dylib
0x0000000030fe4000 	/System/Library/Frameworks/Accelerate.framework/Versions/A/Frameworks/vecLib.framework/Versions/A/libLinearAlgebra.dylib
0x0000000030fe4000 	/System/Library/Frameworks/Accelerate.framework/Versions/A/Frameworks/vecLib.framework/Versions/A/libSparseBLAS.dylib
0x0000000030fe4000 	/System/Library/Frameworks/ApplicationServices.framework/Versions/A/Frameworks/ATS.framework/Versions/A/Resources/libFontParser.dylib
0x0000000030fe4000 	/System/Library/Frameworks/ApplicationServices.framework/Versions/A/Frameworks/ATS.framework/Versions/A/Resources/libFontRegistry.dylib
0x0000000030fe4000 	/System/Library/Frameworks/ImageIO.framework/Versions/A/Resources/libJPEG.dylib
0x0000000030fe4000 	/System/Library/Frameworks/ImageIO.framework/Versions/A/Resources/libTIFF.dylib
0x0000000030fe4000 	/System/Library/Frameworks/ImageIO.framework/Versions/A/Resources/libPng.dylib
0x0000000030fe4000 	/System/Library/Frameworks/ImageIO.framework/Versions/A/Resources/libGIF.dylib
0x0000000030fe4000 	/System/Library/Frameworks/ImageIO.framework/Versions/A/Resources/libJP2.dylib
0x0000000030fe4000 	/System/Library/Frameworks/ImageIO.framework/Versions/A/Resources/libRadiance.dylib
0x0000000030fe4000 	/usr/lib/libcompression.dylib
0x0000000030fe4000 	/System/Library/PrivateFrameworks/AppleJPEG.framework/Versions/A/AppleJPEG
0x0000000030fe4000 	/usr/lib/libcups.2.dylib
0x0000000030fe4000 	/System/Library/Frameworks/Kerberos.framework/Versions/A/Kerberos
0x0000000030fe4000 	/System/Library/Frameworks/GSS.framework/Versions/A/GSS
0x0000000030fe4000 	/usr/lib/libresolv.9.dylib
0x0000000030fe4000 	/usr/lib/libiconv.2.dylib
0x0000000030fe4000 	/System/Library/PrivateFrameworks/Heimdal.framework/Versions/A/Heimdal
0x0000000030fe4000 	/usr/lib/libheimdal-asn1.dylib
0x0000000030fe4000 	/System/Library/Frameworks/OpenDirectory.framework/Versions/A/OpenDirectory
0x0000000030fe4000 	/System/Library/PrivateFrameworks/CommonAuth.framework/Versions/A/CommonAuth
0x0000000030fe4000 	/System/Library/Frameworks/OpenDirectory.framework/Versions/A/Frameworks/CFOpenDirectory.framework/Versions/A/CFOpenDirectory
0x0000000030fe4000 	/System/Library/Frameworks/SecurityFoundation.framework/Versions/A/SecurityFoundation
0x0000000030fe4000 	/System/Library/PrivateFrameworks/LanguageModeling.framework/Versions/A/LanguageModeling
0x0000000030fe4000 	/usr/lib/libmarisa.dylib
0x0000000030fe4000 	/usr/lib/libChineseTokenizer.dylib
0x0000000030fe4000 	/usr/lib/libcmph.dylib
0x0000000030fe4000 	/System/Library/PrivateFrameworks/CoreEmoji.framework/Versions/A/CoreEmoji
0x0000000030fe4000 	/System/Library/Frameworks/ServiceManagement.framework/Versions/A/ServiceManagement
0x0000000030fe4000 	/usr/lib/libxslt.1.dylib
0x0000000030fe4000 	/System/Library/Frameworks/Carbon.framework/Versions/A/Frameworks/Ink.framework/Versions/A/Ink
0x0000000030fe4000 	/System/Library/PrivateFrameworks/TextureIO.framework/Versions/A/TextureIO
0x0000000030fe4000 	/System/Library/Frameworks/Metal.framework/Versions/A/Metal
0x0000000030fe4000 	/usr/lib/libate.dylib
0x0000000030fe4000 	/System/Library/PrivateFrameworks/GPUCompiler.framework/libmetal_timestamp.dylib
0x0000000030fe4000 	/System/Library/Frameworks/OpenGL.framework/Versions/A/Libraries/libCoreFSCache.dylib
0x0000000030fe4000 	/System/Library/PrivateFrameworks/IOAccelerator.framework/Versions/A/IOAccelerator
0x0000000030fe4000 	/System/Library/Frameworks/CoreVideo.framework/Versions/A/CoreVideo
0x0000000030fe4000 	/usr/lib/libFosl_dynamic.dylib
0x0000000030fe4000 	/System/Library/PrivateFrameworks/MetalPerformanceShaders.framework/Versions/A/MetalPerformanceShaders
0x0000000030fe4000 	/System/Library/PrivateFrameworks/FaceCore.framework/Versions/A/FaceCore
0x0000000030fe4000 	/System/Library/Frameworks/OpenCL.framework/Versions/A/OpenCL
0x0000000030fe4000 	/System/Library/Frameworks/OpenGL.framework/Versions/A/Libraries/libGLU.dylib
0x0000000030fe4000 	/System/Library/Frameworks/OpenGL.framework/Versions/A/Libraries/libGFXShared.dylib
0x0000000030fe4000 	/System/Library/Frameworks/OpenGL.framework/Versions/A/Libraries/libGL.dylib
0x0000000030fe4000 	/System/Library/Frameworks/OpenGL.framework/Versions/A/Libraries/libGLImage.dylib
0x0000000030fe4000 	/System/Library/Frameworks/OpenGL.framework/Versions/A/Libraries/libCVMSPluginSupport.dylib
0x0000000030fe4000 	/System/Library/Frameworks/OpenGL.framework/Versions/A/Libraries/libCoreVMClient.dylib
0x0000000030fe4000 	/System/Library/PrivateFrameworks/CrashReporterSupport.framework/Versions/A/CrashReporterSupport
0x0000000030fe4000 	/System/Library/PrivateFrameworks/Sharing.framework/Versions/A/Sharing
0x0000000030fe4000 	/System/Library/PrivateFrameworks/IconServices.framework/Versions/A/IconServices
0x0000000030fe4000 	/System/Library/PrivateFrameworks/ProtocolBuffer.framework/Versions/A/ProtocolBuffer
0x0000000030fe4000 	/System/Library/PrivateFrameworks/Apple80211.framework/Versions/A/Apple80211
0x0000000030fe4000 	/System/Library/Frameworks/CoreWLAN.framework/Versions/A/CoreWLAN
0x0000000030fe4000 	/System/Library/PrivateFrameworks/CoreUtils.framework/Versions/A/CoreUtils
0x0000000030fe4000 	/System/Library/Frameworks/IOBluetooth.framework/Versions/A/IOBluetooth
0x0000000030fe4000 	/System/Library/PrivateFrameworks/CoreWiFi.framework/Versions/A/CoreWiFi
0x0000000030fe4000 	/System/Library/Frameworks/CoreBluetooth.framework/Versions/A/CoreBluetooth
0x0000000030fe4000 	/System/Library/Frameworks/CoreDisplay.framework/Versions/A/CoreDisplay
0x0000000030fe4000 	/System/Library/PrivateFrameworks/IOPresentment.framework/Versions/A/IOPresentment
0x0000000030fe4000 	/System/Library/PrivateFrameworks/DebugSymbols.framework/Versions/A/DebugSymbols
0x0000000030fe4000 	/System/Library/PrivateFrameworks/CoreSymbolication.framework/Versions/A/CoreSymbolication
0x0000000030fe4000 	/System/Library/PrivateFrameworks/Symbolication.framework/Versions/A/Symbolication
0x0000000030fe4000 	/System/Library/PrivateFrameworks/AppleFSCompression.framework/Versions/A/AppleFSCompression
0x0000000030fe4000 	/System/Library/PrivateFrameworks/SpeechRecognitionCore.framework/Versions/A/SpeechRecognitionCore
0x0000000030fe4000 	/System/Library/PrivateFrameworks/ChunkingLibrary.framework/Versions/A/ChunkingLibrary
0x00000001028de000 	/Library/Java/JavaVirtualMachines/jdk1.8.0_111.jdk/Contents/Home/jre/lib/server/libjvm.dylib
0x0000000030fe4000 	/usr/lib/libstdc++.6.dylib
0x000000010387f000 	/Library/Java/JavaVirtualMachines/jdk1.8.0_111.jdk/Contents/Home/jre/lib/libverify.dylib
0x000000010388d000 	/Library/Java/JavaVirtualMachines/jdk1.8.0_111.jdk/Contents/Home/jre/lib/libjava.dylib
0x00000001038cc000 	/Library/Java/JavaVirtualMachines/jdk1.8.0_111.jdk/Contents/Home/jre/lib/libzip.dylib
0x000000010aa42000 	/System/Library/Frameworks/JavaVM.framework/Frameworks/JavaRuntimeSupport.framework/JavaRuntimeSupport
0x000000010aa5c000 	/System/Library/Frameworks/JavaVM.framework/Versions/A/Frameworks/JavaNativeFoundation.framework/Versions/A/JavaNativeFoundation
0x000000010aa71000 	/System/Library/Frameworks/JavaVM.framework/Versions/A/JavaVM
0x0000000030fe4000 	/System/Library/Frameworks/Carbon.framework/Versions/A/Carbon
0x000000010aa7e000 	/System/Library/PrivateFrameworks/JavaLaunching.framework/Versions/A/JavaLaunching
0x0000000030fe4000 	/System/Library/Frameworks/Carbon.framework/Versions/A/Frameworks/CommonPanels.framework/Versions/A/CommonPanels
0x0000000030fe4000 	/System/Library/Frameworks/Carbon.framework/Versions/A/Frameworks/Help.framework/Versions/A/Help
0x0000000030fe4000 	/System/Library/Frameworks/Carbon.framework/Versions/A/Frameworks/ImageCapture.framework/Versions/A/ImageCapture
0x0000000030fe4000 	/System/Library/Frameworks/Carbon.framework/Versions/A/Frameworks/OpenScripting.framework/Versions/A/OpenScripting
0x0000000030fe4000 	/System/Library/Frameworks/Carbon.framework/Versions/A/Frameworks/Print.framework/Versions/A/Print
0x0000000030fe4000 	/System/Library/Frameworks/Carbon.framework/Versions/A/Frameworks/SecurityHI.framework/Versions/A/SecurityHI
0x000000010c39d000 	/Library/Java/JavaVirtualMachines/jdk1.8.0_111.jdk/Contents/Home/jre/lib/libawt.dylib
0x000000010c445000 	/Library/Java/JavaVirtualMachines/jdk1.8.0_111.jdk/Contents/Home/jre/lib/./libmlib_image.dylib
0x000000010c511000 	/Library/Java/JavaVirtualMachines/jdk1.8.0_111.jdk/Contents/Home/jre/lib/libawt_lwawt.dylib
0x000000010c5c6000 	/Library/Java/JavaVirtualMachines/jdk1.8.0_111.jdk/Contents/Home/jre/lib/./libosxapp.dylib
0x0000000030fe4000 	/System/Library/Frameworks/ExceptionHandling.framework/Versions/A/ExceptionHandling
0x0000000030fe4000 	/System/Library/PrivateFrameworks/CoreServicesInternal.framework/Versions/A/CoreServicesInternal
0x0000000030fe4000 	/System/Library/CoreServices/RawCamera.bundle/Contents/MacOS/RawCamera
0x0000000030fe4000 	/System/Library/Frameworks/Accelerate.framework/Versions/A/Frameworks/vImage.framework/Versions/A/Libraries/libCGInterfaces.dylib
0x0000000030fe4000 	/System/Library/Frameworks/ApplicationServices.framework/Versions/A/Frameworks/ATS.framework/Versions/A/Resources/libTrueTypeScaler.dylib
0x0000000030fe4000 	/System/Library/Frameworks/OpenGL.framework/Versions/A/Resources/GLEngine.bundle/GLEngine
0x0000000030fe4000 	/System/Library/Frameworks/OpenGL.framework/Versions/A/Libraries/libGLProgrammability.dylib
0x000000010e08a000 	/System/Library/Extensions/AppleIntelBDWGraphicsGLDriver.bundle/Contents/MacOS/AppleIntelBDWGraphicsGLDriver
0x0000000030fe4000 	/System/Library/PrivateFrameworks/GPUSupport.framework/Versions/A/Libraries/libGPUSupportMercury.dylib
0x0000000030fe4000 	/System/Library/Frameworks/OpenGL.framework/Versions/A/Resources/GLRendererFloat.bundle/GLRendererFloat
0x0000000030fe4000 	/System/Library/Frameworks/OpenCL.framework/Versions/A/Libraries/libcldcpuengine.dylib
0x0000000030fe4000 	/usr/lib/libcrypto.0.9.8.dylib
0x0000000030fe4000 	/System/Library/PrivateFrameworks/TrustEvaluationAgent.framework/Versions/A/TrustEvaluationAgent
0x000000011d8b7000 	/System/Library/Extensions/AppleIntelBDWGraphicsMTLDriver.bundle/Contents/MacOS/AppleIntelBDWGraphicsMTLDriver
0x0000000030fe4000 	/System/Library/PrivateFrameworks/FamilyControls.framework/Versions/A/FamilyControls
0x0000000030fe4000 	/System/Library/PrivateFrameworks/CommerceKit.framework/Versions/A/Frameworks/CommerceCore.framework/Versions/A/CommerceCore
0x0000000030fe4000 	/System/Library/PrivateFrameworks/SystemAdministration.framework/Versions/A/SystemAdministration
0x0000000030fe4000 	/System/Library/PrivateFrameworks/AppContainer.framework/Versions/A/AppContainer
0x0000000030fe4000 	/System/Library/PrivateFrameworks/SecCodeWrapper.framework/Versions/A/SecCodeWrapper
0x0000000030fe4000 	/System/Library/Frameworks/DirectoryService.framework/Versions/A/DirectoryService
0x0000000030fe4000 	/System/Library/PrivateFrameworks/DiskImages.framework/Versions/A/DiskImages
0x0000000030fe4000 	/System/Library/PrivateFrameworks/LoginUIKit.framework/Versions/A/Frameworks/LoginUICore.framework/Versions/A/LoginUICore
0x0000000030fe4000 	/usr/lib/libCoreStorage.dylib
0x0000000030fe4000 	/usr/lib/libcsfde.dylib
0x0000000030fe4000 	/usr/lib/libodfde.dylib
0x0000000030fe4000 	/System/Library/Frameworks/DiscRecording.framework/Versions/A/DiscRecording
0x0000000030fe4000 	/usr/lib/libcurl.4.dylib
0x0000000030fe4000 	/System/Library/PrivateFrameworks/MediaKit.framework/Versions/A/MediaKit
0x0000000030fe4000 	/System/Library/PrivateFrameworks/ProtectedCloudStorage.framework/Versions/A/ProtectedCloudStorage
0x0000000030fe4000 	/System/Library/PrivateFrameworks/EFILogin.framework/Versions/A/EFILogin
0x0000000030fe4000 	/usr/lib/libutil.dylib
0x0000000030fe4000 	/System/Library/Frameworks/LDAP.framework/Versions/A/LDAP
0x0000000030fe4000 	/usr/lib/libsasl2.2.dylib
0x0000000030fe4000 	/System/Library/PrivateFrameworks/CoreDaemon.framework/Versions/B/CoreDaemon
0x0000000030fe4000 	/System/Library/PrivateFrameworks/AppleSRP.framework/Versions/A/AppleSRP
0x0000000030fe4000 	/System/Library/PrivateFrameworks/APFS.framework/Versions/A/APFS
0x000000011ecc1000 	/Library/Java/JavaVirtualMachines/jdk1.8.0_111.jdk/Contents/Home/jre/lib/libfontmanager.dylib
0x000000011f51c000 	/Library/Java/JavaVirtualMachines/jdk1.8.0_111.jdk/Contents/Home/jre/lib/libosxui.dylib
0x0000000030fe4000 	/System/Library/PrivateFrameworks/ViewBridge.framework/Versions/A/ViewBridge
0x0000000030fe4000 	/System/Library/PrivateFrameworks/XPCService.framework/Versions/A/XPCService
0x0000000030fe4000 	/System/Library/PrivateFrameworks/AppSandbox.framework/Versions/A/AppSandbox
0x0000000030fe4000 	/usr/lib/libsandbox.1.dylib
0x0000000030fe4000 	/usr/lib/libMatch.1.dylib
0x0000000121a6e000 	/Library/Java/JavaVirtualMachines/jdk1.8.0_111.jdk/Contents/Home/jre/lib/libjpeg.dylib
0x0000000121f47000 	/Library/Java/JavaVirtualMachines/jdk1.8.0_111.jdk/Contents/Home/jre/lib/libnet.dylib
0x0000000121fa6000 	/Library/Java/JavaVirtualMachines/jdk1.8.0_111.jdk/Contents/Home/jre/lib/libnio.dylib
0x000000015d3b1000 	/Library/Java/JavaVirtualMachines/jdk1.8.0_111.jdk/Contents/Home/jre/lib/libdcpr.dylib
0x000000015dc50000 	/Users/AlexHope/Documents/workspace/Timetable/lib/libjniortools.jnilib
0x000000015de20000 	/Users/AlexHope/Documents/workspace/Timetable/lib/libortools.dylib

VM Arguments:
jvm_args: -Djava.library.path=/Users/AlexHope/Documents/workspace/Timetable/lib:/Users/AlexHope/Documents/workspace/Timetable/lib -Dfile.encoding=UTF-8 
java_command: View.MainFrame
java_class_path (initial): /Users/AlexHope/Documents/workspace/Timetable/bin:/Users/AlexHope/Documents/workspace/Timetable/lib/com.google.ortools.jar:/Users/AlexHope/Documents/workspace/Timetable/lib/protobuf.jar:/Users/AlexHope/Documents/workspace/Timetable/objs:/Users/AlexHope/.p2/pool/plugins/org.junit_4.12.0.v201504281640/junit.jar:/Users/AlexHope/.p2/pool/plugins/org.hamcrest.core_1.3.0.v201303031735.jar
Launcher Type: SUN_STANDARD

Environment Variables:
PATH=/usr/bin:/bin:/usr/sbin:/sbin
SHELL=/bin/bash

Signal Handlers:
SIGSEGV: [libjvm.dylib+0x5b03ed], sa_mask[0]=11111111011111110111111111111111, sa_flags=SA_ONSTACK|SA_RESTART|SA_SIGINFO
SIGBUS: [libjvm.dylib+0x5b03ed], sa_mask[0]=11111111011111110111111111111111, sa_flags=SA_RESTART|SA_SIGINFO
SIGFPE: [libjvm.dylib+0x48711c], sa_mask[0]=11111111011111110111111111111111, sa_flags=SA_RESTART|SA_SIGINFO
SIGPIPE: [libjvm.dylib+0x48711c], sa_mask[0]=11111111011111110111111111111111, sa_flags=SA_RESTART|SA_SIGINFO
SIGXFSZ: [libjvm.dylib+0x48711c], sa_mask[0]=11111111011111110111111111111111, sa_flags=SA_RESTART|SA_SIGINFO
SIGILL: [libjvm.dylib+0x48711c], sa_mask[0]=11111111011111110111111111111111, sa_flags=SA_RESTART|SA_SIGINFO
SIGUSR1: SIG_DFL, sa_mask[0]=00000000000000000000000000000000, sa_flags=none
SIGUSR2: [libjvm.dylib+0x486c3a], sa_mask[0]=00100000000000000000000000000000, sa_flags=SA_RESTART|SA_SIGINFO
SIGHUP: [libjvm.dylib+0x485211], sa_mask[0]=11111111011111110111111111111111, sa_flags=SA_RESTART|SA_SIGINFO
SIGINT: [libjvm.dylib+0x485211], sa_mask[0]=11111111011111110111111111111111, sa_flags=SA_RESTART|SA_SIGINFO
SIGTERM: [libjvm.dylib+0x485211], sa_mask[0]=11111111011111110111111111111111, sa_flags=SA_RESTART|SA_SIGINFO
SIGQUIT: [libjvm.dylib+0x485211], sa_mask[0]=11111111011111110111111111111111, sa_flags=SA_RESTART|SA_SIGINFO


---------------  S Y S T E M  ---------------

OS:Bsduname:Darwin 16.4.0 Darwin Kernel Version 16.4.0: Thu Dec 22 22:53:21 PST 2016; root:xnu-3789.41.3~3/RELEASE_X86_64 x86_64
rlimit: STACK 8192k, CORE 0k, NPROC 709, NOFILE 10240, AS infinity
load average:1.53 1.39 1.33

CPU:total 4 (2 cores per cpu, 2 threads per core) family 6 model 61 stepping 4, cmov, cx8, fxsr, mmx, sse, sse2, sse3, ssse3, sse4.1, sse4.2, popcnt, avx, avx2, aes, clmul, erms, 3dnowpref, lzcnt, ht, tsc, tscinvbit, bmi1, bmi2, adx

Memory: 4k page, physical 8388608k(1718500k free)

/proc/meminfo:


vm_info: Java HotSpot(TM) 64-Bit Server VM (25.111-b14) for bsd-amd64 JRE (1.8.0_111-b14), built on Sep 22 2016 15:31:41 by "java_re" with gcc 4.2.1 (Based on Apple Inc. build 5658) (LLVM build 2336.11.00)

time: Mon Feb 20 13:03:38 2017
elapsed time: 17 seconds (0d 0h 0m 17s)

