#
# A fatal error has been detected by the Java Runtime Environment:
#
#  SIGSEGV (0xb) at pc=0x000000016978c78e, pid=1976, tid=0x000000000000bf2f
#
# JRE version: Java(TM) SE Runtime Environment (8.0_111-b14) (build 1.8.0_111-b14)
# Java VM: Java HotSpot(TM) 64-Bit Server VM (25.111-b14 mixed mode bsd-amd64 compressed oops)
# Problematic frame:
# C  [libjniortools.jnilib+0x2678e]  Java_com_google_ortools_constraintsolver_operations_1research_1constraint_1solverJNI_PropagationBaseObject_1toString+0x1e
#
# Failed to write core dump. Core dumps have been disabled. To enable core dumping, try "ulimit -c unlimited" before starting Java again
#
# If you would like to submit a bug report, please visit:
#   http://bugreport.java.com/bugreport/crash.jsp
# The crash happened outside the Java Virtual Machine in native code.
# See problematic frame for where to report the bug.
#

---------------  T H R E A D  ---------------

Current thread (0x00007f941a112000):  JavaThread "AWT-EventQueue-0" [_thread_in_native, id=48943, stack(0x000070000cccd000,0x000070000cdcd000)]

siginfo: si_signo: 11 (SIGSEGV), si_code: 0 (unknown), si_addr: 0x0000000000000000

Registers:
RAX=0x1000000000000000, RBX=0x00007f941a1121f8, RCX=0x000070000cdc9ea8, RDX=0x00007f941fdbb9c0
RSP=0x000070000cdc9e40, RBP=0x000070000cdc9e90, RSI=0x000070000cdc9ed0, RDI=0x00007f941a1121f8
R8 =0x0000000799c0dae0, R9 =0x0000000740fcbda0, R10=0x00000001190670d5, R11=0x0000000000000000
R12=0x0000000000000000, R13=0x00000000000010f5, R14=0x000070000cdc9ed0, R15=0x00007f941a112000
RIP=0x000000016978c78e, EFLAGS=0x0000000000010202, ERR=0x0000000000000000
  TRAPNO=0x000000000000000d

Top of Stack: (sp=0x000070000cdc9e40)
0x000070000cdc9e40:   0000000000000000 0000000119116a78
0x000070000cdc9e50:   00000002e81f97b4 00000007e81f5f45
0x000070000cdc9e60:   0000000000000000 0000000000000000
0x000070000cdc9e70:   0000000000000000 0000000740fcbdb8
0x000070000cdc9e80:   0000000799bc9c98 00000000000010f5
0x000070000cdc9e90:   000070000cdc9ee0 0000000119067147
0x000070000cdc9ea0:   000070000cdca2c0 0000000799bf5a00
0x000070000cdc9eb0:   000070000cdca2c0 0000000118f9b1ec
0x000070000cdc9ec0:   000070000cdca2c0 0000000118f938bc
0x000070000cdc9ed0:   0000000799b8d8c0 00000007e81f5f45
0x000070000cdc9ee0:   000070000cdca2c0 00000001190728bc
0x000070000cdc9ef0:   0000000799bd9890 0000000799c0dae0
0x000070000cdc9f00:   0000000799c0dae0 0000000799bd9890
0x000070000cdc9f10:   00000000ff000000 00007f941a112000
0x000070000cdc9f20:   000070000cdca2c0 000000011906d594
0x000070000cdc9f30:   0000000799c0c9d8 00000007c00c70b8
0x000070000cdc9f40:   0000000799c09108 0000000740000fd0
0x000070000cdc9f50:   0000000740fce688 000000071b6d3586
0x000070000cdc9f60:   000070000cdca2c0 0000000119054fe4
0x000070000cdc9f70:   0000000000000009 000000010d901cde
0x000070000cdc9f80:   0000000799c0c880 0000000119076a58
0x000070000cdc9f90:   0000000740000fd0 0000000019d00260
0x000070000cdc9fa0:   0000000000000000 0000000799bd9890
0x000070000cdc9fb0:   0000000799bf4198 0000000000000000
0x000070000cdc9fc0:   0000000799bf5a00 00000001137446f0
0x000070000cdc9fd0:   00007f941a112000 0000000740fce688
0x000070000cdc9fe0:   0000000740fce688 0000000799bc9c98
0x000070000cdc9ff0:   0000000799bc9c98 0000000100000001
0x000070000cdca000:   000070000cdca2c0 0000000119071f7c
0x000070000cdca010:   0000700000000000 0000000118ffbf9c
0x000070000cdca020:   0000000740fce688 000000010d867992
0x000070000cdca030:   0000000799c09108 0000000118ffbf9c 

Instructions: (pc=0x000000016978c78e)
0x000000016978c76e:   00 00 55 48 89 e5 53 48 83 ec 48 48 89 fb 0f 57
0x000000016978c77e:   c0 0f 29 45 d0 48 c7 45 e0 00 00 00 00 48 8b 02
0x000000016978c78e:   48 8b 40 10 48 8d 7d b0 48 89 d6 ff d0 f6 45 d0
0x000000016978c79e:   01 75 17 48 8d 7d d1 c6 45 f6 00 48 8d 75 f6 e8 

Register to memory mapping:

RAX=0x1000000000000000 is an unknown value
RBX=0x00007f941a1121f8 is an unknown value
RCX=0x000070000cdc9ea8 is pointing into the stack for thread: 0x00007f941a112000
RDX=0x00007f941fdbb9c0 is an unknown value
RSP=0x000070000cdc9e40 is pointing into the stack for thread: 0x00007f941a112000
RBP=0x000070000cdc9e90 is pointing into the stack for thread: 0x00007f941a112000
RSI=0x000070000cdc9ed0 is pointing into the stack for thread: 0x00007f941a112000
RDI=0x00007f941a1121f8 is an unknown value
R8 =0x0000000799c0dae0 is an oop
javax.swing.border.EmptyBorder 
 - klass: 'javax/swing/border/EmptyBorder'
R9 =0x0000000740fcbda0 is an oop
[Ljavax.swing.UIDefaults; 
 - klass: 'javax/swing/UIDefaults'[]
 - length: 2
R10=0x00000001190670d5 is at entry_point+85 in (nmethod*)0x0000000119066f10
R11=0x0000000000000000 is an unknown value
R12=0x0000000000000000 is an unknown value
R13=0x00000000000010f5 is an unknown value
R14=0x000070000cdc9ed0 is pointing into the stack for thread: 0x00007f941a112000
R15=0x00007f941a112000 is a thread


Stack: [0x000070000cccd000,0x000070000cdcd000],  sp=0x000070000cdc9e40,  free space=1011k
Native frames: (J=compiled Java code, j=interpreted, Vv=VM code, C=native code)
C  [libjniortools.jnilib+0x2678e]  Java_com_google_ortools_constraintsolver_operations_1research_1constraint_1solverJNI_PropagationBaseObject_1toString+0x1e
J 1671  com.google.ortools.constraintsolver.operations_research_constraint_solverJNI.PropagationBaseObject_toString(JLcom/google/ortools/constraintsolver/PropagationBaseObject;)Ljava/lang/String; (0 bytes) @ 0x0000000119067147 [0x0000000119067080+0xc7]
J 1670 C1 com.google.ortools.constraintsolver.PropagationBaseObject.toString()Ljava/lang/String; (9 bytes) @ 0x00000001190728bc [0x0000000119072840+0x7c]
J 1658 C1 javax.swing.table.DefaultTableCellRenderer.getTableCellRendererComponent(Ljavax/swing/JTable;Ljava/lang/Object;ZZII)Ljava/awt/Component; (351 bytes) @ 0x000000011906d594 [0x000000011906a0e0+0x34b4]
J 1665 C1 javax.swing.JTable.prepareRenderer(Ljavax/swing/table/TableCellRenderer;II)Ljava/awt/Component; (114 bytes) @ 0x0000000119071f7c [0x0000000119071460+0xb1c]
J 1663 C1 javax.swing.plaf.basic.BasicTableUI.paintCell(Ljava/awt/Graphics;Ljava/awt/Rectangle;II)V (114 bytes) @ 0x000000011906f77c [0x000000011906f2a0+0x4dc]
J 2041 C1 javax.swing.plaf.basic.BasicTableUI.paintCells(Ljava/awt/Graphics;IIII)V (342 bytes) @ 0x00000001191c7584 [0x00000001191c6c20+0x964]
j  javax.swing.plaf.basic.BasicTableUI.paint(Ljava/awt/Graphics;Ljavax/swing/JComponent;)V+249
J 1586 C1 javax.swing.plaf.ComponentUI.update(Ljava/awt/Graphics;Ljavax/swing/JComponent;)V (36 bytes) @ 0x000000011902ca9c [0x000000011902c360+0x73c]
J 1401 C1 javax.swing.JComponent.paintComponent(Ljava/awt/Graphics;)V (44 bytes) @ 0x0000000118fbbdb4 [0x0000000118fbbb40+0x274]
J 1963 C2 javax.swing.JComponent.paint(Ljava/awt/Graphics;)V (409 bytes) @ 0x000000011917f54c [0x000000011917ef20+0x62c]
j  javax.swing.JComponent.paintToOffscreen(Ljava/awt/Graphics;IIIIII)V+41
j  javax.swing.RepaintManager$PaintManager.paintDoubleBuffered(Ljavax/swing/JComponent;Ljava/awt/Image;Ljava/awt/Graphics;IIII)V+163
j  javax.swing.RepaintManager$PaintManager.paint(Ljavax/swing/JComponent;Ljavax/swing/JComponent;Ljava/awt/Graphics;IIII)Z+116
J 2024 C1 javax.swing.RepaintManager.paint(Ljavax/swing/JComponent;Ljavax/swing/JComponent;Ljava/awt/Graphics;IIII)V (93 bytes) @ 0x00000001191bc894 [0x00000001191bc3a0+0x4f4]
J 1988 C1 javax.swing.JComponent._paintImmediately(IIII)V (891 bytes) @ 0x0000000119185eec [0x0000000119182d80+0x316c]
J 1986 C1 javax.swing.JComponent.paintImmediately(IIII)V (155 bytes) @ 0x000000011917dd14 [0x000000011917cf00+0xe14]
J 1978 C1 javax.swing.RepaintManager$4.run()Ljava/lang/Void; (278 bytes) @ 0x000000011917388c [0x00000001191731e0+0x6ac]
J 1977 C1 javax.swing.RepaintManager$4.run()Ljava/lang/Object; (5 bytes) @ 0x0000000119172d4c [0x0000000119172cc0+0x8c]
v  ~StubRoutines::call_stub
V  [libjvm.dylib+0x2ecf8a]
V  [libjvm.dylib+0x34d6c8]
J 536  java.security.AccessController.doPrivileged(Ljava/security/PrivilegedAction;Ljava/security/AccessControlContext;)Ljava/lang/Object; (0 bytes) @ 0x0000000118d4e315 [0x0000000118d4e240+0xd5]
J 1733 C2 java.security.ProtectionDomain$JavaSecurityAccessImpl.doIntersectionPrivilege(Ljava/security/PrivilegedAction;Ljava/security/AccessControlContext;Ljava/security/AccessControlContext;)Ljava/lang/Object; (22 bytes) @ 0x000000011909a984 [0x000000011909a820+0x164]
j  javax.swing.RepaintManager.paintDirtyRegions(Ljava/util/Map;)V+154
j  javax.swing.RepaintManager.paintDirtyRegions()V+46
j  javax.swing.RepaintManager.prePaintDirtyRegions()V+73
J 1999 C1 javax.swing.RepaintManager$ProcessingRunnable.run()V (41 bytes) @ 0x0000000119191f9c [0x0000000119191d40+0x25c]
J 966 C1 java.awt.event.InvocationEvent.dispatch()V (69 bytes) @ 0x0000000118e6a154 [0x0000000118e69f40+0x214]
J 939 C1 java.awt.EventQueue.dispatchEventImpl(Ljava/awt/AWTEvent;Ljava/lang/Object;)V (149 bytes) @ 0x0000000118e3ecac [0x0000000118e3d1c0+0x1aec]
J 937 C1 java.awt.EventQueue$3.run()Ljava/lang/Void; (60 bytes) @ 0x0000000118e3c594 [0x0000000118e3c380+0x214]
J 936 C1 java.awt.EventQueue$3.run()Ljava/lang/Object; (5 bytes) @ 0x0000000118e3af8c [0x0000000118e3af00+0x8c]
v  ~StubRoutines::call_stub
V  [libjvm.dylib+0x2ecf8a]
V  [libjvm.dylib+0x34d6c8]
J 536  java.security.AccessController.doPrivileged(Ljava/security/PrivilegedAction;Ljava/security/AccessControlContext;)Ljava/lang/Object; (0 bytes) @ 0x0000000118d4e315 [0x0000000118d4e240+0xd5]
J 641 C1 java.awt.EventQueue.dispatchEvent(Ljava/awt/AWTEvent;)V (80 bytes) @ 0x0000000118d8e22c [0x0000000118d8d880+0x9ac]
J 643 C1 java.awt.EventDispatchThread.pumpOneEventForFilters(I)V (295 bytes) @ 0x0000000118d914bc [0x0000000118d8f940+0x1b7c]
j  java.awt.EventDispatchThread.pumpEventsForFilter(ILjava/awt/Conditional;Ljava/awt/EventFilter;)V+35
j  java.awt.EventDispatchThread.pumpEventsForHierarchy(ILjava/awt/Conditional;Ljava/awt/Component;)V+11
j  java.awt.EventDispatchThread.pumpEvents(ILjava/awt/Conditional;)V+4
j  java.awt.EventDispatchThread.pumpEvents(Ljava/awt/Conditional;)V+3
j  java.awt.EventDispatchThread.run()V+9
v  ~StubRoutines::call_stub
V  [libjvm.dylib+0x2ecf8a]
V  [libjvm.dylib+0x2ed718]
V  [libjvm.dylib+0x2ed8c4]
V  [libjvm.dylib+0x348039]
V  [libjvm.dylib+0x56a27b]
V  [libjvm.dylib+0x56b968]
V  [libjvm.dylib+0x489b0a]
C  [libsystem_pthread.dylib+0x3aab]  _pthread_body+0xb4
C  [libsystem_pthread.dylib+0x39f7]  _pthread_body+0x0
C  [libsystem_pthread.dylib+0x31fd]  thread_start+0xd
C  0x0000000000000000

Java frames: (J=compiled Java code, j=interpreted, Vv=VM code)
J 1671  com.google.ortools.constraintsolver.operations_research_constraint_solverJNI.PropagationBaseObject_toString(JLcom/google/ortools/constraintsolver/PropagationBaseObject;)Ljava/lang/String; (0 bytes) @ 0x00000001190670d5 [0x0000000119067080+0x55]
J 1670 C1 com.google.ortools.constraintsolver.PropagationBaseObject.toString()Ljava/lang/String; (9 bytes) @ 0x00000001190728bc [0x0000000119072840+0x7c]
J 1658 C1 javax.swing.table.DefaultTableCellRenderer.getTableCellRendererComponent(Ljavax/swing/JTable;Ljava/lang/Object;ZZII)Ljava/awt/Component; (351 bytes) @ 0x000000011906d594 [0x000000011906a0e0+0x34b4]
J 1665 C1 javax.swing.JTable.prepareRenderer(Ljavax/swing/table/TableCellRenderer;II)Ljava/awt/Component; (114 bytes) @ 0x0000000119071f7c [0x0000000119071460+0xb1c]
J 1663 C1 javax.swing.plaf.basic.BasicTableUI.paintCell(Ljava/awt/Graphics;Ljava/awt/Rectangle;II)V (114 bytes) @ 0x000000011906f77c [0x000000011906f2a0+0x4dc]
J 2041 C1 javax.swing.plaf.basic.BasicTableUI.paintCells(Ljava/awt/Graphics;IIII)V (342 bytes) @ 0x00000001191c7584 [0x00000001191c6c20+0x964]
j  javax.swing.plaf.basic.BasicTableUI.paint(Ljava/awt/Graphics;Ljavax/swing/JComponent;)V+249
J 1586 C1 javax.swing.plaf.ComponentUI.update(Ljava/awt/Graphics;Ljavax/swing/JComponent;)V (36 bytes) @ 0x000000011902ca9c [0x000000011902c360+0x73c]
J 1401 C1 javax.swing.JComponent.paintComponent(Ljava/awt/Graphics;)V (44 bytes) @ 0x0000000118fbbdb4 [0x0000000118fbbb40+0x274]
J 1963 C2 javax.swing.JComponent.paint(Ljava/awt/Graphics;)V (409 bytes) @ 0x000000011917f54c [0x000000011917ef20+0x62c]
j  javax.swing.JComponent.paintToOffscreen(Ljava/awt/Graphics;IIIIII)V+41
j  javax.swing.RepaintManager$PaintManager.paintDoubleBuffered(Ljavax/swing/JComponent;Ljava/awt/Image;Ljava/awt/Graphics;IIII)V+163
j  javax.swing.RepaintManager$PaintManager.paint(Ljavax/swing/JComponent;Ljavax/swing/JComponent;Ljava/awt/Graphics;IIII)Z+116
J 2024 C1 javax.swing.RepaintManager.paint(Ljavax/swing/JComponent;Ljavax/swing/JComponent;Ljava/awt/Graphics;IIII)V (93 bytes) @ 0x00000001191bc894 [0x00000001191bc3a0+0x4f4]
J 1988 C1 javax.swing.JComponent._paintImmediately(IIII)V (891 bytes) @ 0x0000000119185eec [0x0000000119182d80+0x316c]
J 1986 C1 javax.swing.JComponent.paintImmediately(IIII)V (155 bytes) @ 0x000000011917dd14 [0x000000011917cf00+0xe14]
J 1978 C1 javax.swing.RepaintManager$4.run()Ljava/lang/Void; (278 bytes) @ 0x000000011917388c [0x00000001191731e0+0x6ac]
J 1977 C1 javax.swing.RepaintManager$4.run()Ljava/lang/Object; (5 bytes) @ 0x0000000119172d4c [0x0000000119172cc0+0x8c]
v  ~StubRoutines::call_stub
J 536  java.security.AccessController.doPrivileged(Ljava/security/PrivilegedAction;Ljava/security/AccessControlContext;)Ljava/lang/Object; (0 bytes) @ 0x0000000118d4e2a3 [0x0000000118d4e240+0x63]
J 1733 C2 java.security.ProtectionDomain$JavaSecurityAccessImpl.doIntersectionPrivilege(Ljava/security/PrivilegedAction;Ljava/security/AccessControlContext;Ljava/security/AccessControlContext;)Ljava/lang/Object; (22 bytes) @ 0x000000011909a984 [0x000000011909a820+0x164]
j  javax.swing.RepaintManager.paintDirtyRegions(Ljava/util/Map;)V+154
j  javax.swing.RepaintManager.paintDirtyRegions()V+46
j  javax.swing.RepaintManager.prePaintDirtyRegions()V+73
J 1999 C1 javax.swing.RepaintManager$ProcessingRunnable.run()V (41 bytes) @ 0x0000000119191f9c [0x0000000119191d40+0x25c]
J 966 C1 java.awt.event.InvocationEvent.dispatch()V (69 bytes) @ 0x0000000118e6a154 [0x0000000118e69f40+0x214]
J 939 C1 java.awt.EventQueue.dispatchEventImpl(Ljava/awt/AWTEvent;Ljava/lang/Object;)V (149 bytes) @ 0x0000000118e3ecac [0x0000000118e3d1c0+0x1aec]
J 937 C1 java.awt.EventQueue$3.run()Ljava/lang/Void; (60 bytes) @ 0x0000000118e3c594 [0x0000000118e3c380+0x214]
J 936 C1 java.awt.EventQueue$3.run()Ljava/lang/Object; (5 bytes) @ 0x0000000118e3af8c [0x0000000118e3af00+0x8c]
v  ~StubRoutines::call_stub
J 536  java.security.AccessController.doPrivileged(Ljava/security/PrivilegedAction;Ljava/security/AccessControlContext;)Ljava/lang/Object; (0 bytes) @ 0x0000000118d4e2a3 [0x0000000118d4e240+0x63]
J 641 C1 java.awt.EventQueue.dispatchEvent(Ljava/awt/AWTEvent;)V (80 bytes) @ 0x0000000118d8e22c [0x0000000118d8d880+0x9ac]
J 643 C1 java.awt.EventDispatchThread.pumpOneEventForFilters(I)V (295 bytes) @ 0x0000000118d914bc [0x0000000118d8f940+0x1b7c]
j  java.awt.EventDispatchThread.pumpEventsForFilter(ILjava/awt/Conditional;Ljava/awt/EventFilter;)V+35
j  java.awt.EventDispatchThread.pumpEventsForHierarchy(ILjava/awt/Conditional;Ljava/awt/Component;)V+11
j  java.awt.EventDispatchThread.pumpEvents(ILjava/awt/Conditional;)V+4
j  java.awt.EventDispatchThread.pumpEvents(Ljava/awt/Conditional;)V+3
j  java.awt.EventDispatchThread.run()V+9
v  ~StubRoutines::call_stub

---------------  P R O C E S S  ---------------

Java Threads: ( => current thread )
  0x00007f941a1be800 JavaThread "TimerQueue" daemon [_thread_blocked, id=72719, stack(0x000070000d15c000,0x000070000d25c000)]
  0x00007f941b9a2800 JavaThread "Java2D Disposer" daemon [_thread_blocked, id=58639, stack(0x000070000ced3000,0x000070000cfd3000)]
  0x00007f941a11b000 JavaThread "Java2D Queue Flusher" daemon [_thread_blocked, id=55559, stack(0x000070000cdd0000,0x000070000ced0000)]
  0x00007f941a009000 JavaThread "DestroyJavaVM" [_thread_blocked, id=7171, stack(0x000070000bb94000,0x000070000bc94000)]
=>0x00007f941a112000 JavaThread "AWT-EventQueue-0" [_thread_in_native, id=48943, stack(0x000070000cccd000,0x000070000cdcd000)]
  0x00007f941a8ae000 JavaThread "AWT-Shutdown" [_thread_blocked, id=30495, stack(0x000070000ca41000,0x000070000cb41000)]
  0x00007f941a893000 JavaThread "AppKit Thread" daemon [_thread_in_native, id=775, stack(0x00007fff5298f000,0x00007fff5318f000)]
  0x00007f941a823800 JavaThread "Service Thread" daemon [_thread_blocked, id=18691, stack(0x000070000c7b8000,0x000070000c8b8000)]
  0x00007f941a810800 JavaThread "C1 CompilerThread2" daemon [_thread_blocked, id=18179, stack(0x000070000c6b5000,0x000070000c7b5000)]
  0x00007f941a80f800 JavaThread "C2 CompilerThread1" daemon [_thread_blocked, id=17667, stack(0x000070000c5b2000,0x000070000c6b2000)]
  0x00007f941a80c000 JavaThread "C2 CompilerThread0" daemon [_thread_blocked, id=17155, stack(0x000070000c4af000,0x000070000c5af000)]
  0x00007f941a01c000 JavaThread "Signal Dispatcher" daemon [_thread_blocked, id=16643, stack(0x000070000c3ac000,0x000070000c4ac000)]
  0x00007f941b003000 JavaThread "Finalizer" daemon [_thread_blocked, id=12547, stack(0x000070000c2a9000,0x000070000c3a9000)]
  0x00007f941a015800 JavaThread "Reference Handler" daemon [_thread_blocked, id=12035, stack(0x000070000c1a6000,0x000070000c2a6000)]

Other Threads:
  0x00007f941a806000 VMThread [stack: 0x000070000c0a3000,0x000070000c1a3000] [id=11523]
  0x00007f941a041000 WatcherThread [stack: 0x000070000c8bb000,0x000070000c9bb000] [id=19203]

VM state:not at safepoint (normal execution)

VM Mutex/Monitor currently owned by a thread: None

Heap:
 PSYoungGen      total 54272K, used 7797K [0x0000000795580000, 0x000000079a080000, 0x00000007c0000000)
  eden space 49152K, 5% used [0x0000000795580000,0x000000079583a598,0x0000000798580000)
  from space 5120K, 97% used [0x0000000799b80000,0x000000079a062f70,0x000000079a080000)
  to   space 5120K, 0% used [0x0000000799680000,0x0000000799680000,0x0000000799b80000)
 ParOldGen       total 111616K, used 17462K [0x0000000740000000, 0x0000000746d00000, 0x0000000795580000)
  object space 111616K, 15% used [0x0000000740000000,0x000000074110dae0,0x0000000746d00000)
 Metaspace       used 15498K, capacity 15782K, committed 16256K, reserved 1062912K
  class space    used 1968K, capacity 2049K, committed 2176K, reserved 1048576K

Card table byte_map: [0x000000010e761000,0x000000010eb62000] byte_map_base: 0x000000010ad61000

Marking Bits: (ParMarkBitMap*) 0x000000010dcefd20
 Begin Bits: [0x000000010ee0d000, 0x0000000110e0d000)
 End Bits:   [0x0000000110e0d000, 0x0000000112e0d000)

Polling page: 0x000000010cb31000

CodeCache: size=245760Kb used=7000Kb max_used=7010Kb free=238759Kb
 bounds [0x0000000118b16000, 0x00000001191f6000, 0x0000000127b16000]
 total_blobs=2728 nmethods=2074 adapters=566
 compilation: enabled

Compilation events (10 events):
Event: 14.599 Thread 0x00007f941a810800 nmethod 2066 0x00000001191f0110 code [0x00000001191f02c0, 0x00000001191f0b38]
Event: 14.599 Thread 0x00007f941a810800 2069       3       java.lang.System$2::invokeFinalize (5 bytes)
Event: 14.599 Thread 0x00007f941a810800 nmethod 2069 0x00000001191efcd0 code [0x00000001191efe40, 0x00000001191f0068]
Event: 14.599 Thread 0x00007f941a810800 2073  s    3       com.google.ortools.constraintsolver.IntExpr::delete (38 bytes)
Event: 14.599 Thread 0x00007f941a810800 nmethod 2073 0x00000001191ef690 code [0x00000001191ef820, 0x00000001191efbd8]
Event: 14.599 Thread 0x00007f941a810800 2050       3       javax.swing.JViewport::getInsets (12 bytes)
Event: 14.599 Thread 0x00007f941a810800 nmethod 2050 0x00000001191ef190 code [0x00000001191ef300, 0x00000001191ef570]
Event: 14.599 Thread 0x00007f941a810800 2052       3       javax.swing.JTable::rowAtPoint (48 bytes)
Event: 14.599 Thread 0x00007f941a80f800 nmethod 2071 0x00000001191eeb90 code [0x00000001191eed00, 0x00000001191eef98]
Event: 14.599 Thread 0x00007f941a810800 nmethod 2052 0x00000001191ee410 code [0x00000001191ee5a0, 0x00000001191eea38]

GC Heap History (6 events):
Event: 0.935 GC heap before
{Heap before GC invocations=1 (full 0):
 PSYoungGen      total 38400K, used 33280K [0x0000000795580000, 0x0000000798000000, 0x00000007c0000000)
  eden space 33280K, 100% used [0x0000000795580000,0x0000000797600000,0x0000000797600000)
  from space 5120K, 0% used [0x0000000797b00000,0x0000000797b00000,0x0000000798000000)
  to   space 5120K, 0% used [0x0000000797600000,0x0000000797600000,0x0000000797b00000)
 ParOldGen       total 87552K, used 0K [0x0000000740000000, 0x0000000745580000, 0x0000000795580000)
  object space 87552K, 0% used [0x0000000740000000,0x0000000740000000,0x0000000745580000)
 Metaspace       used 8788K, capacity 8962K, committed 9088K, reserved 1056768K
  class space    used 1065K, capacity 1151K, committed 1152K, reserved 1048576K
Event: 0.963 GC heap after
Heap after GC invocations=1 (full 0):
 PSYoungGen      total 38400K, used 1504K [0x0000000795580000, 0x000000079a080000, 0x00000007c0000000)
  eden space 33280K, 0% used [0x0000000795580000,0x0000000795580000,0x0000000797600000)
  from space 5120K, 29% used [0x0000000797600000,0x0000000797778020,0x0000000797b00000)
  to   space 5120K, 0% used [0x0000000799b80000,0x0000000799b80000,0x000000079a080000)
 ParOldGen       total 87552K, used 48008K [0x0000000740000000, 0x0000000745580000, 0x0000000795580000)
  object space 87552K, 54% used [0x0000000740000000,0x0000000742ee2030,0x0000000745580000)
 Metaspace       used 8788K, capacity 8962K, committed 9088K, reserved 1056768K
  class space    used 1065K, capacity 1151K, committed 1152K, reserved 1048576K
}
Event: 0.963 GC heap before
{Heap before GC invocations=2 (full 1):
 PSYoungGen      total 38400K, used 1504K [0x0000000795580000, 0x000000079a080000, 0x00000007c0000000)
  eden space 33280K, 0% used [0x0000000795580000,0x0000000795580000,0x0000000797600000)
  from space 5120K, 29% used [0x0000000797600000,0x0000000797778020,0x0000000797b00000)
  to   space 5120K, 0% used [0x0000000799b80000,0x0000000799b80000,0x000000079a080000)
 ParOldGen       total 87552K, used 48008K [0x0000000740000000, 0x0000000745580000, 0x0000000795580000)
  object space 87552K, 54% used [0x0000000740000000,0x0000000742ee2030,0x0000000745580000)
 Metaspace       used 8788K, capacity 8962K, committed 9088K, reserved 1056768K
  class space    used 1065K, capacity 1151K, committed 1152K, reserved 1048576K
Event: 0.980 GC heap after
Heap after GC invocations=2 (full 1):
 PSYoungGen      total 38400K, used 0K [0x0000000795580000, 0x000000079a080000, 0x00000007c0000000)
  eden space 33280K, 0% used [0x0000000795580000,0x0000000795580000,0x0000000797600000)
  from space 5120K, 0% used [0x0000000797600000,0x0000000797600000,0x0000000797b00000)
  to   space 5120K, 0% used [0x0000000799b80000,0x0000000799b80000,0x000000079a080000)
 ParOldGen       total 111616K, used 17454K [0x0000000740000000, 0x0000000746d00000, 0x0000000795580000)
  object space 111616K, 15% used [0x0000000740000000,0x000000074110bae0,0x0000000746d00000)
 Metaspace       used 8788K, capacity 8962K, committed 9088K, reserved 1056768K
  class space    used 1065K, capacity 1151K, committed 1152K, reserved 1048576K
}
Event: 14.571 GC heap before
{Heap before GC invocations=3 (full 1):
 PSYoungGen      total 38400K, used 33280K [0x0000000795580000, 0x000000079a080000, 0x00000007c0000000)
  eden space 33280K, 100% used [0x0000000795580000,0x0000000797600000,0x0000000797600000)
  from space 5120K, 0% used [0x0000000797600000,0x0000000797600000,0x0000000797b00000)
  to   space 5120K, 0% used [0x0000000799b80000,0x0000000799b80000,0x000000079a080000)
 ParOldGen       total 111616K, used 17454K [0x0000000740000000, 0x0000000746d00000, 0x0000000795580000)
  object space 111616K, 15% used [0x0000000740000000,0x000000074110bae0,0x0000000746d00000)
 Metaspace       used 15488K, capacity 15782K, committed 16256K, reserved 1062912K
  class space    used 1968K, capacity 2049K, committed 2176K, reserved 1048576K
Event: 14.580 GC heap after
Heap after GC invocations=3 (full 1):
 PSYoungGen      total 54272K, used 5003K [0x0000000795580000, 0x000000079a080000, 0x00000007c0000000)
  eden space 49152K, 0% used [0x0000000795580000,0x0000000795580000,0x0000000798580000)
  from space 5120K, 97% used [0x0000000799b80000,0x000000079a062f70,0x000000079a080000)
  to   space 5120K, 0% used [0x0000000799680000,0x0000000799680000,0x0000000799b80000)
 ParOldGen       total 111616K, used 17462K [0x0000000740000000, 0x0000000746d00000, 0x0000000795580000)
  object space 111616K, 15% used [0x0000000740000000,0x000000074110dae0,0x0000000746d00000)
 Metaspace       used 15488K, capacity 15782K, committed 16256K, reserved 1062912K
  class space    used 1968K, capacity 2049K, committed 2176K, reserved 1048576K
}

Deoptimization events (6 events):
Event: 4.077 Thread 0x00007f941a9b4000 Uncommon trap: reason=unstable_if action=reinterpret pc=0x0000000118d10dc0 method=java.lang.String.toLowerCase(Ljava/util/Locale;)Ljava/lang/String; @ 85
Event: 4.127 Thread 0x00007f941a112000 Uncommon trap: reason=class_check action=maybe_recompile pc=0x0000000118c88b5c method=java.lang.String.equals(Ljava/lang/Object;)Z @ 8
Event: 4.127 Thread 0x00007f941a112000 Uncommon trap: reason=class_check action=maybe_recompile pc=0x0000000118c88b5c method=java.lang.String.equals(Ljava/lang/Object;)Z @ 8
Event: 4.142 Thread 0x00007f941a112000 Uncommon trap: reason=class_check action=maybe_recompile pc=0x0000000118c88b5c method=java.lang.String.equals(Ljava/lang/Object;)Z @ 8
Event: 4.142 Thread 0x00007f941a112000 Uncommon trap: reason=class_check action=maybe_recompile pc=0x0000000118c88b5c method=java.lang.String.equals(Ljava/lang/Object;)Z @ 8
Event: 11.707 Thread 0x00007f941a112000 Uncommon trap: reason=unstable_if action=reinterpret pc=0x0000000118e97c40 method=java.awt.Container.findComponentAtImpl(IIZ)Ljava/awt/Component; @ 24

Internal exceptions (10 events):
Event: 0.148 Thread 0x00007f941a009000 Exception <a 'java/security/PrivilegedActionException'> (0x000000079560f1d8) thrown at [/Users/java_re/workspace/8-2-build-macosx-x86_64/jdk8u111/7883/hotspot/src/share/vm/prims/jvm.cpp, line 1386]
Event: 0.149 Thread 0x00007f941a009000 Exception <a 'java/security/PrivilegedActionException'> (0x00000007956124e0) thrown at [/Users/java_re/workspace/8-2-build-macosx-x86_64/jdk8u111/7883/hotspot/src/share/vm/prims/jvm.cpp, line 1386]
Event: 0.149 Thread 0x00007f941a009000 Exception <a 'java/security/PrivilegedActionException'> (0x00000007956126f0) thrown at [/Users/java_re/workspace/8-2-build-macosx-x86_64/jdk8u111/7883/hotspot/src/share/vm/prims/jvm.cpp, line 1386]
Event: 0.223 Thread 0x00007f941a009000 Exception <a 'java/lang/NoSuchFieldError': method resolution failed> (0x00000007957949b0) thrown at [/Users/java_re/workspace/8-2-build-macosx-x86_64/jdk8u111/7883/hotspot/src/share/vm/prims/methodHandles.cpp, line 1146]
Event: 0.226 Thread 0x00007f941a009000 Exception <a 'java/lang/NoSuchFieldError': method resolution failed> (0x00000007957a2180) thrown at [/Users/java_re/workspace/8-2-build-macosx-x86_64/jdk8u111/7883/hotspot/src/share/vm/prims/methodHandles.cpp, line 1146]
Event: 0.456 Thread 0x00007f941a009000 Exception <a 'java/io/FileNotFoundException'> (0x000000079581cce8) thrown at [/Users/java_re/workspace/8-2-build-macosx-x86_64/jdk8u111/7883/hotspot/src/share/vm/prims/jni.cpp, line 709]
Event: 0.456 Thread 0x00007f941a009000 Exception <a 'java/io/FileNotFoundException'> (0x000000079581d868) thrown at [/Users/java_re/workspace/8-2-build-macosx-x86_64/jdk8u111/7883/hotspot/src/share/vm/prims/jni.cpp, line 709]
Event: 0.803 Thread 0x00007f941a112000 Exception <a 'java/io/FileNotFoundException'> (0x0000000795b75548) thrown at [/Users/java_re/workspace/8-2-build-macosx-x86_64/jdk8u111/7883/hotspot/src/share/vm/prims/jni.cpp, line 709]
Event: 0.980 Thread 0x00007f941b003000 Exception <a 'java/lang/NullPointerException'> (0x000000079561b1c0) thrown at [/Users/java_re/workspace/8-2-build-macosx-x86_64/jdk8u111/7883/hotspot/src/share/vm/interpreter/linkResolver.cpp, line 1178]
Event: 4.072 Thread 0x00007f941a112000 Exception <a 'java/lang/NullPointerException'> (0x0000000795faf5c0) thrown at [/Users/java_re/workspace/8-2-build-macosx-x86_64/jdk8u111/7883/hotspot/src/share/vm/prims/jni.cpp, line 735]

Events (10 events):
Event: 14.593 Executing VM operation: RevokeBias
Event: 14.593 Executing VM operation: RevokeBias done
Event: 14.593 Executing VM operation: RevokeBias
Event: 14.593 Executing VM operation: RevokeBias done
Event: 14.593 Executing VM operation: BulkRevokeBias
Event: 14.593 Executing VM operation: BulkRevokeBias done
Event: 14.593 Executing VM operation: RevokeBias
Event: 14.593 Executing VM operation: RevokeBias done
Event: 14.593 Executing VM operation: RevokeBias
Event: 14.594 Executing VM operation: RevokeBias done


Dynamic libraries:
0x0000000039cf2000 	/System/Library/Frameworks/Cocoa.framework/Versions/A/Cocoa
0x0000000039cf2000 	/System/Library/Frameworks/Security.framework/Versions/A/Security
0x0000000039cf2000 	/System/Library/Frameworks/ApplicationServices.framework/Versions/A/ApplicationServices
0x0000000039cf2000 	/usr/lib/libz.1.dylib
0x0000000039cf2000 	/usr/lib/libSystem.B.dylib
0x0000000039cf2000 	/usr/lib/libobjc.A.dylib
0x0000000039cf2000 	/System/Library/Frameworks/CoreFoundation.framework/Versions/A/CoreFoundation
0x0000000039cf2000 	/System/Library/Frameworks/Foundation.framework/Versions/C/Foundation
0x0000000039cf2000 	/System/Library/Frameworks/AppKit.framework/Versions/C/AppKit
0x0000000039cf2000 	/System/Library/Frameworks/CoreData.framework/Versions/A/CoreData
0x0000000039cf2000 	/System/Library/PrivateFrameworks/RemoteViewServices.framework/Versions/A/RemoteViewServices
0x0000000039cf2000 	/System/Library/PrivateFrameworks/UIFoundation.framework/Versions/A/UIFoundation
0x0000000039cf2000 	/System/Library/PrivateFrameworks/DFRFoundation.framework/Versions/A/DFRFoundation
0x0000000039cf2000 	/usr/lib/libenergytrace.dylib
0x0000000039cf2000 	/System/Library/PrivateFrameworks/SkyLight.framework/Versions/A/SkyLight
0x0000000039cf2000 	/System/Library/Frameworks/CoreGraphics.framework/Versions/A/CoreGraphics
0x0000000039cf2000 	/usr/lib/libScreenReader.dylib
0x0000000039cf2000 	/System/Library/Frameworks/Accelerate.framework/Versions/A/Accelerate
0x0000000039cf2000 	/System/Library/Frameworks/IOSurface.framework/Versions/A/IOSurface
0x0000000039cf2000 	/System/Library/Frameworks/AudioToolbox.framework/Versions/A/AudioToolbox
0x0000000039cf2000 	/System/Library/Frameworks/AudioUnit.framework/Versions/A/AudioUnit
0x0000000039cf2000 	/System/Library/PrivateFrameworks/DataDetectorsCore.framework/Versions/A/DataDetectorsCore
0x0000000039cf2000 	/System/Library/PrivateFrameworks/DesktopServicesPriv.framework/Versions/A/DesktopServicesPriv
0x0000000039cf2000 	/System/Library/Frameworks/Carbon.framework/Versions/A/Frameworks/HIToolbox.framework/Versions/A/HIToolbox
0x0000000039cf2000 	/usr/lib/libicucore.A.dylib
0x0000000039cf2000 	/System/Library/Frameworks/QuartzCore.framework/Versions/A/QuartzCore
0x0000000039cf2000 	/System/Library/Frameworks/Carbon.framework/Versions/A/Frameworks/SpeechRecognition.framework/Versions/A/SpeechRecognition
0x0000000039cf2000 	/usr/lib/libauto.dylib
0x0000000039cf2000 	/usr/lib/libxml2.2.dylib
0x0000000039cf2000 	/System/Library/PrivateFrameworks/CoreUI.framework/Versions/A/CoreUI
0x0000000039cf2000 	/System/Library/Frameworks/CoreAudio.framework/Versions/A/CoreAudio
0x0000000039cf2000 	/System/Library/Frameworks/DiskArbitration.framework/Versions/A/DiskArbitration
0x0000000039cf2000 	/usr/lib/liblangid.dylib
0x0000000039cf2000 	/System/Library/PrivateFrameworks/MultitouchSupport.framework/Versions/A/MultitouchSupport
0x0000000039cf2000 	/System/Library/Frameworks/IOKit.framework/Versions/A/IOKit
0x0000000039cf2000 	/usr/lib/libDiagnosticMessagesClient.dylib
0x0000000039cf2000 	/System/Library/Frameworks/CoreServices.framework/Versions/A/CoreServices
0x0000000039cf2000 	/System/Library/PrivateFrameworks/PerformanceAnalysis.framework/Versions/A/PerformanceAnalysis
0x0000000039cf2000 	/System/Library/PrivateFrameworks/GenerationalStorage.framework/Versions/A/GenerationalStorage
0x0000000039cf2000 	/System/Library/Frameworks/OpenGL.framework/Versions/A/OpenGL
0x0000000039cf2000 	/System/Library/Frameworks/CoreImage.framework/Versions/A/CoreImage
0x0000000039cf2000 	/System/Library/Frameworks/CoreText.framework/Versions/A/CoreText
0x0000000039cf2000 	/System/Library/Frameworks/ImageIO.framework/Versions/A/ImageIO
0x0000000039cf2000 	/System/Library/PrivateFrameworks/Backup.framework/Versions/A/Backup
0x0000000039cf2000 	/usr/lib/libarchive.2.dylib
0x0000000039cf2000 	/System/Library/Frameworks/CFNetwork.framework/Versions/A/CFNetwork
0x0000000039cf2000 	/System/Library/Frameworks/SystemConfiguration.framework/Versions/A/SystemConfiguration
0x0000000039cf2000 	/usr/lib/libCRFSuite.dylib
0x0000000039cf2000 	/usr/lib/libc++.1.dylib
0x0000000039cf2000 	/usr/lib/libc++abi.dylib
0x0000000039cf2000 	/usr/lib/system/libcache.dylib
0x0000000039cf2000 	/usr/lib/system/libcommonCrypto.dylib
0x0000000039cf2000 	/usr/lib/system/libcompiler_rt.dylib
0x0000000039cf2000 	/usr/lib/system/libcopyfile.dylib
0x0000000039cf2000 	/usr/lib/system/libcorecrypto.dylib
0x0000000039cf2000 	/usr/lib/system/libdispatch.dylib
0x0000000039cf2000 	/usr/lib/system/libdyld.dylib
0x0000000039cf2000 	/usr/lib/system/libkeymgr.dylib
0x0000000039cf2000 	/usr/lib/system/liblaunch.dylib
0x0000000039cf2000 	/usr/lib/system/libmacho.dylib
0x0000000039cf2000 	/usr/lib/system/libquarantine.dylib
0x0000000039cf2000 	/usr/lib/system/libremovefile.dylib
0x0000000039cf2000 	/usr/lib/system/libsystem_asl.dylib
0x0000000039cf2000 	/usr/lib/system/libsystem_blocks.dylib
0x0000000039cf2000 	/usr/lib/system/libsystem_c.dylib
0x0000000039cf2000 	/usr/lib/system/libsystem_configuration.dylib
0x0000000039cf2000 	/usr/lib/system/libsystem_coreservices.dylib
0x0000000039cf2000 	/usr/lib/system/libsystem_coretls.dylib
0x0000000039cf2000 	/usr/lib/system/libsystem_dnssd.dylib
0x0000000039cf2000 	/usr/lib/system/libsystem_info.dylib
0x0000000039cf2000 	/usr/lib/system/libsystem_kernel.dylib
0x0000000039cf2000 	/usr/lib/system/libsystem_m.dylib
0x0000000039cf2000 	/usr/lib/system/libsystem_malloc.dylib
0x0000000039cf2000 	/usr/lib/system/libsystem_network.dylib
0x0000000039cf2000 	/usr/lib/system/libsystem_networkextension.dylib
0x0000000039cf2000 	/usr/lib/system/libsystem_notify.dylib
0x0000000039cf2000 	/usr/lib/system/libsystem_platform.dylib
0x0000000039cf2000 	/usr/lib/system/libsystem_pthread.dylib
0x0000000039cf2000 	/usr/lib/system/libsystem_sandbox.dylib
0x0000000039cf2000 	/usr/lib/system/libsystem_secinit.dylib
0x0000000039cf2000 	/usr/lib/system/libsystem_symptoms.dylib
0x0000000039cf2000 	/usr/lib/system/libsystem_trace.dylib
0x0000000039cf2000 	/usr/lib/system/libunwind.dylib
0x0000000039cf2000 	/usr/lib/system/libxpc.dylib
0x0000000039cf2000 	/usr/lib/libbsm.0.dylib
0x0000000039cf2000 	/usr/lib/system/libkxld.dylib
0x0000000039cf2000 	/usr/lib/libcoretls.dylib
0x0000000039cf2000 	/usr/lib/libcoretls_cfhelpers.dylib
0x0000000039cf2000 	/usr/lib/libxar.1.dylib
0x0000000039cf2000 	/usr/lib/libsqlite3.dylib
0x0000000039cf2000 	/usr/lib/libpam.2.dylib
0x0000000039cf2000 	/usr/lib/libOpenScriptingUtil.dylib
0x0000000039cf2000 	/usr/lib/libbz2.1.0.dylib
0x0000000039cf2000 	/usr/lib/liblzma.5.dylib
0x0000000039cf2000 	/usr/lib/libnetwork.dylib
0x0000000039cf2000 	/usr/lib/libpcap.A.dylib
0x0000000039cf2000 	/System/Library/Frameworks/CoreServices.framework/Versions/A/Frameworks/FSEvents.framework/Versions/A/FSEvents
0x0000000039cf2000 	/System/Library/Frameworks/CoreServices.framework/Versions/A/Frameworks/CarbonCore.framework/Versions/A/CarbonCore
0x0000000039cf2000 	/System/Library/Frameworks/CoreServices.framework/Versions/A/Frameworks/Metadata.framework/Versions/A/Metadata
0x0000000039cf2000 	/System/Library/Frameworks/CoreServices.framework/Versions/A/Frameworks/OSServices.framework/Versions/A/OSServices
0x0000000039cf2000 	/System/Library/Frameworks/CoreServices.framework/Versions/A/Frameworks/SearchKit.framework/Versions/A/SearchKit
0x0000000039cf2000 	/System/Library/Frameworks/CoreServices.framework/Versions/A/Frameworks/AE.framework/Versions/A/AE
0x0000000039cf2000 	/System/Library/Frameworks/CoreServices.framework/Versions/A/Frameworks/LaunchServices.framework/Versions/A/LaunchServices
0x0000000039cf2000 	/System/Library/Frameworks/CoreServices.framework/Versions/A/Frameworks/DictionaryServices.framework/Versions/A/DictionaryServices
0x0000000039cf2000 	/System/Library/Frameworks/CoreServices.framework/Versions/A/Frameworks/SharedFileList.framework/Versions/A/SharedFileList
0x0000000039cf2000 	/System/Library/Frameworks/NetFS.framework/Versions/A/NetFS
0x0000000039cf2000 	/System/Library/PrivateFrameworks/NetAuth.framework/Versions/A/NetAuth
0x0000000039cf2000 	/System/Library/PrivateFrameworks/login.framework/Versions/A/Frameworks/loginsupport.framework/Versions/A/loginsupport
0x0000000039cf2000 	/System/Library/PrivateFrameworks/TCC.framework/Versions/A/TCC
0x0000000039cf2000 	/usr/lib/libmecabra.dylib
0x0000000039cf2000 	/System/Library/Frameworks/ApplicationServices.framework/Versions/A/Frameworks/ATS.framework/Versions/A/ATS
0x0000000039cf2000 	/System/Library/Frameworks/ApplicationServices.framework/Versions/A/Frameworks/ColorSync.framework/Versions/A/ColorSync
0x0000000039cf2000 	/System/Library/Frameworks/ApplicationServices.framework/Versions/A/Frameworks/HIServices.framework/Versions/A/HIServices
0x0000000039cf2000 	/System/Library/Frameworks/ApplicationServices.framework/Versions/A/Frameworks/LangAnalysis.framework/Versions/A/LangAnalysis
0x0000000039cf2000 	/System/Library/Frameworks/ApplicationServices.framework/Versions/A/Frameworks/PrintCore.framework/Versions/A/PrintCore
0x0000000039cf2000 	/System/Library/Frameworks/ApplicationServices.framework/Versions/A/Frameworks/QD.framework/Versions/A/QD
0x0000000039cf2000 	/System/Library/Frameworks/ApplicationServices.framework/Versions/A/Frameworks/SpeechSynthesis.framework/Versions/A/SpeechSynthesis
0x0000000039cf2000 	/System/Library/Frameworks/Accelerate.framework/Versions/A/Frameworks/vImage.framework/Versions/A/vImage
0x0000000039cf2000 	/System/Library/Frameworks/Accelerate.framework/Versions/A/Frameworks/vecLib.framework/Versions/A/vecLib
0x0000000039cf2000 	/System/Library/Frameworks/Accelerate.framework/Versions/A/Frameworks/vecLib.framework/Versions/A/libvDSP.dylib
0x0000000039cf2000 	/System/Library/Frameworks/Accelerate.framework/Versions/A/Frameworks/vecLib.framework/Versions/A/libBNNS.dylib
0x0000000039cf2000 	/System/Library/Frameworks/Accelerate.framework/Versions/A/Frameworks/vecLib.framework/Versions/A/libQuadrature.dylib
0x0000000039cf2000 	/System/Library/Frameworks/Accelerate.framework/Versions/A/Frameworks/vecLib.framework/Versions/A/libvMisc.dylib
0x0000000039cf2000 	/System/Library/Frameworks/Accelerate.framework/Versions/A/Frameworks/vecLib.framework/Versions/A/libLAPACK.dylib
0x0000000039cf2000 	/System/Library/Frameworks/Accelerate.framework/Versions/A/Frameworks/vecLib.framework/Versions/A/libBLAS.dylib
0x0000000039cf2000 	/System/Library/Frameworks/Accelerate.framework/Versions/A/Frameworks/vecLib.framework/Versions/A/libLinearAlgebra.dylib
0x0000000039cf2000 	/System/Library/Frameworks/Accelerate.framework/Versions/A/Frameworks/vecLib.framework/Versions/A/libSparseBLAS.dylib
0x0000000039cf2000 	/System/Library/Frameworks/ApplicationServices.framework/Versions/A/Frameworks/ATS.framework/Versions/A/Resources/libFontParser.dylib
0x0000000039cf2000 	/System/Library/Frameworks/ApplicationServices.framework/Versions/A/Frameworks/ATS.framework/Versions/A/Resources/libFontRegistry.dylib
0x0000000039cf2000 	/System/Library/Frameworks/ImageIO.framework/Versions/A/Resources/libJPEG.dylib
0x0000000039cf2000 	/System/Library/Frameworks/ImageIO.framework/Versions/A/Resources/libTIFF.dylib
0x0000000039cf2000 	/System/Library/Frameworks/ImageIO.framework/Versions/A/Resources/libPng.dylib
0x0000000039cf2000 	/System/Library/Frameworks/ImageIO.framework/Versions/A/Resources/libGIF.dylib
0x0000000039cf2000 	/System/Library/Frameworks/ImageIO.framework/Versions/A/Resources/libJP2.dylib
0x0000000039cf2000 	/System/Library/Frameworks/ImageIO.framework/Versions/A/Resources/libRadiance.dylib
0x0000000039cf2000 	/usr/lib/libcompression.dylib
0x0000000039cf2000 	/System/Library/PrivateFrameworks/AppleJPEG.framework/Versions/A/AppleJPEG
0x0000000039cf2000 	/usr/lib/libcups.2.dylib
0x0000000039cf2000 	/System/Library/Frameworks/Kerberos.framework/Versions/A/Kerberos
0x0000000039cf2000 	/System/Library/Frameworks/GSS.framework/Versions/A/GSS
0x0000000039cf2000 	/usr/lib/libresolv.9.dylib
0x0000000039cf2000 	/usr/lib/libiconv.2.dylib
0x0000000039cf2000 	/System/Library/PrivateFrameworks/Heimdal.framework/Versions/A/Heimdal
0x0000000039cf2000 	/usr/lib/libheimdal-asn1.dylib
0x0000000039cf2000 	/System/Library/Frameworks/OpenDirectory.framework/Versions/A/OpenDirectory
0x0000000039cf2000 	/System/Library/PrivateFrameworks/CommonAuth.framework/Versions/A/CommonAuth
0x0000000039cf2000 	/System/Library/Frameworks/OpenDirectory.framework/Versions/A/Frameworks/CFOpenDirectory.framework/Versions/A/CFOpenDirectory
0x0000000039cf2000 	/System/Library/Frameworks/SecurityFoundation.framework/Versions/A/SecurityFoundation
0x0000000039cf2000 	/System/Library/PrivateFrameworks/LanguageModeling.framework/Versions/A/LanguageModeling
0x0000000039cf2000 	/usr/lib/libmarisa.dylib
0x0000000039cf2000 	/usr/lib/libChineseTokenizer.dylib
0x0000000039cf2000 	/usr/lib/libcmph.dylib
0x0000000039cf2000 	/System/Library/PrivateFrameworks/CoreEmoji.framework/Versions/A/CoreEmoji
0x0000000039cf2000 	/System/Library/Frameworks/ServiceManagement.framework/Versions/A/ServiceManagement
0x0000000039cf2000 	/usr/lib/libxslt.1.dylib
0x0000000039cf2000 	/System/Library/Frameworks/Carbon.framework/Versions/A/Frameworks/Ink.framework/Versions/A/Ink
0x0000000039cf2000 	/System/Library/PrivateFrameworks/TextureIO.framework/Versions/A/TextureIO
0x0000000039cf2000 	/System/Library/Frameworks/Metal.framework/Versions/A/Metal
0x0000000039cf2000 	/usr/lib/libate.dylib
0x0000000039cf2000 	/System/Library/PrivateFrameworks/GPUCompiler.framework/libmetal_timestamp.dylib
0x0000000039cf2000 	/System/Library/Frameworks/OpenGL.framework/Versions/A/Libraries/libCoreFSCache.dylib
0x0000000039cf2000 	/System/Library/PrivateFrameworks/IOAccelerator.framework/Versions/A/IOAccelerator
0x0000000039cf2000 	/System/Library/Frameworks/CoreVideo.framework/Versions/A/CoreVideo
0x0000000039cf2000 	/usr/lib/libFosl_dynamic.dylib
0x0000000039cf2000 	/System/Library/PrivateFrameworks/MetalPerformanceShaders.framework/Versions/A/MetalPerformanceShaders
0x0000000039cf2000 	/System/Library/PrivateFrameworks/FaceCore.framework/Versions/A/FaceCore
0x0000000039cf2000 	/System/Library/Frameworks/OpenCL.framework/Versions/A/OpenCL
0x0000000039cf2000 	/System/Library/Frameworks/OpenGL.framework/Versions/A/Libraries/libGLU.dylib
0x0000000039cf2000 	/System/Library/Frameworks/OpenGL.framework/Versions/A/Libraries/libGFXShared.dylib
0x0000000039cf2000 	/System/Library/Frameworks/OpenGL.framework/Versions/A/Libraries/libGL.dylib
0x0000000039cf2000 	/System/Library/Frameworks/OpenGL.framework/Versions/A/Libraries/libGLImage.dylib
0x0000000039cf2000 	/System/Library/Frameworks/OpenGL.framework/Versions/A/Libraries/libCVMSPluginSupport.dylib
0x0000000039cf2000 	/System/Library/Frameworks/OpenGL.framework/Versions/A/Libraries/libCoreVMClient.dylib
0x0000000039cf2000 	/System/Library/PrivateFrameworks/CrashReporterSupport.framework/Versions/A/CrashReporterSupport
0x0000000039cf2000 	/System/Library/PrivateFrameworks/Sharing.framework/Versions/A/Sharing
0x0000000039cf2000 	/System/Library/PrivateFrameworks/IconServices.framework/Versions/A/IconServices
0x0000000039cf2000 	/System/Library/PrivateFrameworks/ProtocolBuffer.framework/Versions/A/ProtocolBuffer
0x0000000039cf2000 	/System/Library/PrivateFrameworks/Apple80211.framework/Versions/A/Apple80211
0x0000000039cf2000 	/System/Library/Frameworks/CoreWLAN.framework/Versions/A/CoreWLAN
0x0000000039cf2000 	/System/Library/PrivateFrameworks/CoreUtils.framework/Versions/A/CoreUtils
0x0000000039cf2000 	/System/Library/Frameworks/IOBluetooth.framework/Versions/A/IOBluetooth
0x0000000039cf2000 	/System/Library/PrivateFrameworks/CoreWiFi.framework/Versions/A/CoreWiFi
0x0000000039cf2000 	/System/Library/Frameworks/CoreBluetooth.framework/Versions/A/CoreBluetooth
0x0000000039cf2000 	/System/Library/Frameworks/CoreDisplay.framework/Versions/A/CoreDisplay
0x0000000039cf2000 	/System/Library/PrivateFrameworks/IOPresentment.framework/Versions/A/IOPresentment
0x0000000039cf2000 	/System/Library/PrivateFrameworks/DebugSymbols.framework/Versions/A/DebugSymbols
0x0000000039cf2000 	/System/Library/PrivateFrameworks/CoreSymbolication.framework/Versions/A/CoreSymbolication
0x0000000039cf2000 	/System/Library/PrivateFrameworks/Symbolication.framework/Versions/A/Symbolication
0x0000000039cf2000 	/System/Library/PrivateFrameworks/AppleFSCompression.framework/Versions/A/AppleFSCompression
0x0000000039cf2000 	/System/Library/PrivateFrameworks/SpeechRecognitionCore.framework/Versions/A/SpeechRecognitionCore
0x0000000039cf2000 	/System/Library/PrivateFrameworks/ChunkingLibrary.framework/Versions/A/ChunkingLibrary
0x000000010d400000 	/Library/Java/JavaVirtualMachines/jdk1.8.0_111.jdk/Contents/Home/jre/lib/server/libjvm.dylib
0x0000000039cf2000 	/usr/lib/libstdc++.6.dylib
0x000000010caee000 	/Library/Java/JavaVirtualMachines/jdk1.8.0_111.jdk/Contents/Home/jre/lib/libverify.dylib
0x000000010cafc000 	/Library/Java/JavaVirtualMachines/jdk1.8.0_111.jdk/Contents/Home/jre/lib/libjava.dylib
0x000000010cb3b000 	/Library/Java/JavaVirtualMachines/jdk1.8.0_111.jdk/Contents/Home/jre/lib/libzip.dylib
0x0000000114c59000 	/System/Library/Frameworks/JavaVM.framework/Frameworks/JavaRuntimeSupport.framework/JavaRuntimeSupport
0x0000000114c73000 	/System/Library/Frameworks/JavaVM.framework/Versions/A/Frameworks/JavaNativeFoundation.framework/Versions/A/JavaNativeFoundation
0x000000010cbf0000 	/System/Library/Frameworks/JavaVM.framework/Versions/A/JavaVM
0x0000000039cf2000 	/System/Library/Frameworks/Carbon.framework/Versions/A/Carbon
0x0000000114c88000 	/System/Library/PrivateFrameworks/JavaLaunching.framework/Versions/A/JavaLaunching
0x0000000039cf2000 	/System/Library/Frameworks/Carbon.framework/Versions/A/Frameworks/CommonPanels.framework/Versions/A/CommonPanels
0x0000000039cf2000 	/System/Library/Frameworks/Carbon.framework/Versions/A/Frameworks/Help.framework/Versions/A/Help
0x0000000039cf2000 	/System/Library/Frameworks/Carbon.framework/Versions/A/Frameworks/ImageCapture.framework/Versions/A/ImageCapture
0x0000000039cf2000 	/System/Library/Frameworks/Carbon.framework/Versions/A/Frameworks/OpenScripting.framework/Versions/A/OpenScripting
0x0000000039cf2000 	/System/Library/Frameworks/Carbon.framework/Versions/A/Frameworks/Print.framework/Versions/A/Print
0x0000000039cf2000 	/System/Library/Frameworks/Carbon.framework/Versions/A/Frameworks/SecurityHI.framework/Versions/A/SecurityHI
0x00000001165ad000 	/Library/Java/JavaVirtualMachines/jdk1.8.0_111.jdk/Contents/Home/jre/lib/libawt.dylib
0x0000000116655000 	/Library/Java/JavaVirtualMachines/jdk1.8.0_111.jdk/Contents/Home/jre/lib/./libmlib_image.dylib
0x0000000116721000 	/Library/Java/JavaVirtualMachines/jdk1.8.0_111.jdk/Contents/Home/jre/lib/libawt_lwawt.dylib
0x00000001167d6000 	/Library/Java/JavaVirtualMachines/jdk1.8.0_111.jdk/Contents/Home/jre/lib/./libosxapp.dylib
0x0000000039cf2000 	/System/Library/Frameworks/ExceptionHandling.framework/Versions/A/ExceptionHandling
0x0000000039cf2000 	/System/Library/PrivateFrameworks/CoreServicesInternal.framework/Versions/A/CoreServicesInternal
0x0000000039cf2000 	/System/Library/CoreServices/RawCamera.bundle/Contents/MacOS/RawCamera
0x0000000039cf2000 	/System/Library/Frameworks/Accelerate.framework/Versions/A/Frameworks/vImage.framework/Versions/A/Libraries/libCGInterfaces.dylib
0x0000000039cf2000 	/System/Library/Frameworks/ApplicationServices.framework/Versions/A/Frameworks/ATS.framework/Versions/A/Resources/libTrueTypeScaler.dylib
0x0000000039cf2000 	/System/Library/Frameworks/OpenGL.framework/Versions/A/Resources/GLEngine.bundle/GLEngine
0x0000000039cf2000 	/System/Library/Frameworks/OpenGL.framework/Versions/A/Libraries/libGLProgrammability.dylib
0x0000000127b16000 	/System/Library/Extensions/AppleIntelBDWGraphicsGLDriver.bundle/Contents/MacOS/AppleIntelBDWGraphicsGLDriver
0x0000000039cf2000 	/System/Library/PrivateFrameworks/GPUSupport.framework/Versions/A/Libraries/libGPUSupportMercury.dylib
0x0000000039cf2000 	/System/Library/Frameworks/OpenGL.framework/Versions/A/Resources/GLRendererFloat.bundle/GLRendererFloat
0x0000000039cf2000 	/System/Library/Frameworks/OpenCL.framework/Versions/A/Libraries/libcldcpuengine.dylib
0x0000000039cf2000 	/usr/lib/libcrypto.0.9.8.dylib
0x0000000039cf2000 	/System/Library/PrivateFrameworks/TrustEvaluationAgent.framework/Versions/A/TrustEvaluationAgent
0x00000001185f3000 	/System/Library/Extensions/AppleIntelBDWGraphicsMTLDriver.bundle/Contents/MacOS/AppleIntelBDWGraphicsMTLDriver
0x0000000039cf2000 	/System/Library/PrivateFrameworks/FamilyControls.framework/Versions/A/FamilyControls
0x0000000039cf2000 	/System/Library/PrivateFrameworks/CommerceKit.framework/Versions/A/Frameworks/CommerceCore.framework/Versions/A/CommerceCore
0x0000000039cf2000 	/System/Library/PrivateFrameworks/SystemAdministration.framework/Versions/A/SystemAdministration
0x0000000039cf2000 	/System/Library/PrivateFrameworks/AppContainer.framework/Versions/A/AppContainer
0x0000000039cf2000 	/System/Library/PrivateFrameworks/SecCodeWrapper.framework/Versions/A/SecCodeWrapper
0x0000000039cf2000 	/System/Library/Frameworks/DirectoryService.framework/Versions/A/DirectoryService
0x0000000039cf2000 	/System/Library/PrivateFrameworks/DiskImages.framework/Versions/A/DiskImages
0x0000000039cf2000 	/System/Library/PrivateFrameworks/LoginUIKit.framework/Versions/A/Frameworks/LoginUICore.framework/Versions/A/LoginUICore
0x0000000039cf2000 	/usr/lib/libCoreStorage.dylib
0x0000000039cf2000 	/usr/lib/libcsfde.dylib
0x0000000039cf2000 	/usr/lib/libodfde.dylib
0x0000000039cf2000 	/System/Library/Frameworks/DiscRecording.framework/Versions/A/DiscRecording
0x0000000039cf2000 	/usr/lib/libcurl.4.dylib
0x0000000039cf2000 	/System/Library/PrivateFrameworks/MediaKit.framework/Versions/A/MediaKit
0x0000000039cf2000 	/System/Library/PrivateFrameworks/ProtectedCloudStorage.framework/Versions/A/ProtectedCloudStorage
0x0000000039cf2000 	/System/Library/PrivateFrameworks/EFILogin.framework/Versions/A/EFILogin
0x0000000039cf2000 	/usr/lib/libutil.dylib
0x0000000039cf2000 	/System/Library/Frameworks/LDAP.framework/Versions/A/LDAP
0x0000000039cf2000 	/usr/lib/libsasl2.2.dylib
0x0000000039cf2000 	/System/Library/PrivateFrameworks/CoreDaemon.framework/Versions/B/CoreDaemon
0x0000000039cf2000 	/System/Library/PrivateFrameworks/AppleSRP.framework/Versions/A/AppleSRP
0x0000000039cf2000 	/System/Library/PrivateFrameworks/APFS.framework/Versions/A/APFS
0x0000000118a01000 	/Library/Java/JavaVirtualMachines/jdk1.8.0_111.jdk/Contents/Home/jre/lib/libfontmanager.dylib
0x0000000118a7c000 	/Library/Java/JavaVirtualMachines/jdk1.8.0_111.jdk/Contents/Home/jre/lib/libosxui.dylib
0x0000000039cf2000 	/System/Library/PrivateFrameworks/ViewBridge.framework/Versions/A/ViewBridge
0x0000000039cf2000 	/System/Library/PrivateFrameworks/XPCService.framework/Versions/A/XPCService
0x0000000039cf2000 	/System/Library/PrivateFrameworks/AppSandbox.framework/Versions/A/AppSandbox
0x0000000039cf2000 	/usr/lib/libsandbox.1.dylib
0x0000000039cf2000 	/usr/lib/libMatch.1.dylib
0x000000012bfb6000 	/Library/Java/JavaVirtualMachines/jdk1.8.0_111.jdk/Contents/Home/jre/lib/libjpeg.dylib
0x000000012c47f000 	/Library/Java/JavaVirtualMachines/jdk1.8.0_111.jdk/Contents/Home/jre/lib/libnet.dylib
0x000000012c280000 	/Library/Java/JavaVirtualMachines/jdk1.8.0_111.jdk/Contents/Home/jre/lib/libnio.dylib
0x0000000039cf2000 	/System/Library/PrivateFrameworks/CloudDocs.framework/Versions/A/CloudDocs
0x0000000039cf2000 	/System/Library/Frameworks/CloudKit.framework/Versions/A/CloudKit
0x0000000039cf2000 	/System/Library/PrivateFrameworks/MMCS.framework/Versions/A/MMCS
0x0000000039cf2000 	/System/Library/Frameworks/CoreLocation.framework/Versions/A/CoreLocation
0x0000000039cf2000 	/System/Library/PrivateFrameworks/AssetCacheServices.framework/Versions/A/AssetCacheServices
0x0000000039cf2000 	/System/Library/PrivateFrameworks/GeoServices.framework/Versions/A/GeoServices
0x0000000169766000 	/Users/AlexHope/Documents/workspace/Timetable/lib/libjniortools.jnilib
0x0000000169936000 	/Users/AlexHope/Documents/workspace/Timetable/lib/libortools.dylib

VM Arguments:
jvm_args: -Djava.library.path=/Users/AlexHope/Documents/workspace/Timetable/lib:/Users/AlexHope/Documents/workspace/Timetable/lib -Dfile.encoding=UTF-8 
java_command: View.MainFrame
java_class_path (initial): /Users/AlexHope/Documents/workspace/Timetable/bin:/Users/AlexHope/Documents/workspace/Timetable/lib/com.google.ortools.jar:/Users/AlexHope/Documents/workspace/Timetable/lib/protobuf.jar:/Users/AlexHope/Documents/workspace/Timetable/objs:/Users/AlexHope/.p2/pool/plugins/org.junit_4.12.0.v201504281640/junit.jar:/Users/AlexHope/.p2/pool/plugins/org.hamcrest.core_1.3.0.v201303031735.jar
Launcher Type: SUN_STANDARD

Environment Variables:
PATH=/usr/bin:/bin:/usr/sbin:/sbin
SHELL=/bin/bash

Signal Handlers:
SIGSEGV: [libjvm.dylib+0x5b03ed], sa_mask[0]=11111111011111110111111111111111, sa_flags=SA_ONSTACK|SA_RESTART|SA_SIGINFO
SIGBUS: [libjvm.dylib+0x5b03ed], sa_mask[0]=11111111011111110111111111111111, sa_flags=SA_RESTART|SA_SIGINFO
SIGFPE: [libjvm.dylib+0x48711c], sa_mask[0]=11111111011111110111111111111111, sa_flags=SA_RESTART|SA_SIGINFO
SIGPIPE: [libjvm.dylib+0x48711c], sa_mask[0]=11111111011111110111111111111111, sa_flags=SA_RESTART|SA_SIGINFO
SIGXFSZ: [libjvm.dylib+0x48711c], sa_mask[0]=11111111011111110111111111111111, sa_flags=SA_RESTART|SA_SIGINFO
SIGILL: [libjvm.dylib+0x48711c], sa_mask[0]=11111111011111110111111111111111, sa_flags=SA_RESTART|SA_SIGINFO
SIGUSR1: SIG_DFL, sa_mask[0]=00000000000000000000000000000000, sa_flags=none
SIGUSR2: [libjvm.dylib+0x486c3a], sa_mask[0]=00100000000000000000000000000000, sa_flags=SA_RESTART|SA_SIGINFO
SIGHUP: [libjvm.dylib+0x485211], sa_mask[0]=11111111011111110111111111111111, sa_flags=SA_RESTART|SA_SIGINFO
SIGINT: [libjvm.dylib+0x485211], sa_mask[0]=11111111011111110111111111111111, sa_flags=SA_RESTART|SA_SIGINFO
SIGTERM: [libjvm.dylib+0x485211], sa_mask[0]=11111111011111110111111111111111, sa_flags=SA_RESTART|SA_SIGINFO
SIGQUIT: [libjvm.dylib+0x485211], sa_mask[0]=11111111011111110111111111111111, sa_flags=SA_RESTART|SA_SIGINFO


---------------  S Y S T E M  ---------------

OS:Bsduname:Darwin 16.4.0 Darwin Kernel Version 16.4.0: Thu Dec 22 22:53:21 PST 2016; root:xnu-3789.41.3~3/RELEASE_X86_64 x86_64
rlimit: STACK 8192k, CORE 0k, NPROC 709, NOFILE 10240, AS infinity
load average:0.80 0.98 1.19

CPU:total 4 (2 cores per cpu, 2 threads per core) family 6 model 61 stepping 4, cmov, cx8, fxsr, mmx, sse, sse2, sse3, ssse3, sse4.1, sse4.2, popcnt, avx, avx2, aes, clmul, erms, 3dnowpref, lzcnt, ht, tsc, tscinvbit, bmi1, bmi2, adx

Memory: 4k page, physical 8388608k(2517040k free)

/proc/meminfo:


vm_info: Java HotSpot(TM) 64-Bit Server VM (25.111-b14) for bsd-amd64 JRE (1.8.0_111-b14), built on Sep 22 2016 15:31:41 by "java_re" with gcc 4.2.1 (Based on Apple Inc. build 5658) (LLVM build 2336.11.00)

time: Fri Mar 24 16:08:54 2017
elapsed time: 14 seconds (0d 0h 0m 14s)

