#
# A fatal error has been detected by the Java Runtime Environment:
#
#  SIGSEGV (0xb) at pc=0x00000001138494c5, pid=913, tid=0x0000000000001c03
#
# JRE version: Java(TM) SE Runtime Environment (8.0_111-b14) (build 1.8.0_111-b14)
# Java VM: Java HotSpot(TM) 64-Bit Server VM (25.111-b14 mixed mode bsd-amd64 compressed oops)
# Problematic frame:
# C  [libortools.dylib+0x2664c5]  operations_research::Solver::MakeIsEqualCstCt(operations_research::IntExpr*, long long, operations_research::IntVar*)+0x25
#
# Failed to write core dump. Core dumps have been disabled. To enable core dumping, try "ulimit -c unlimited" before starting Java again
#
# If you would like to submit a bug report, please visit:
#   http://bugreport.java.com/bugreport/crash.jsp
# The crash happened outside the Java Virtual Machine in native code.
# See problematic frame for where to report the bug.
#

---------------  T H R E A D  ---------------

Current thread (0x00007fcda6802800):  JavaThread "main" [_thread_in_native, id=7171, stack(0x00007000058b5000,0x00007000059b5000)]

siginfo: si_signo: 11 (SIGSEGV), si_code: 1 (SEGV_MAPERR), si_addr: 0x0000000000000008

Registers:
RAX=0x30b834e0f1000095, RBX=0x000000011044fa28, RCX=0x00007fcda5581870, RDX=0x0000000000000001
RSP=0x00007000059b4550, RBP=0x00007000059b45d0, RSI=0x0000000000000000, RDI=0x00007fcda570d950
R8 =0x0000000000000000, R9 =0x0000000000000000, R10=0xffffffffffffffff, R11=0x00000001138494a0
R12=0x0000000000000001, R13=0x0000000000000000, R14=0x00007000059b46e8, R15=0x00007fcda6802800
RIP=0x00000001138494c5, EFLAGS=0x0000000000010206, ERR=0x0000000000000004
  TRAPNO=0x000000000000000e

Top of Stack: (sp=0x00007000059b4550)
0x00007000059b4550:   00007000059b45c0 000000010a4e5e07
0x00007000059b4560:   0000000e059b4590 00007fcda6802800
0x00007000059b4570:   00007fcda6802800 000000011044fa28
0x00007000059b4580:   0000000000000000 0000000000000000
0x00007000059b4590:   0000000000000001 000000011044fa28
0x00007000059b45a0:   30b834e0f1000095 000000011044fa28
0x00007000059b45b0:   0000000000000000 000000011044fa28
0x00007000059b45c0:   00007000059b46e8 00007fcda6802800
0x00007000059b45d0:   00007000059b4678 00000001168079f4
0x00007000059b45e0:   0000000000000001 00007fcda5581870
0x00007000059b45f0:   00007000059b4698 000000010a4e639b
0x00007000059b4600:   00007fcda6802800 00007fcda6802800
0x00007000059b4610:   000000011044fa28 00007000059b46e8
0x00007000059b4620:   00007000059b4678 0000000116807787
0x00007000059b4630:   0000000116807742 00007000059b4638
0x00007000059b4640:   000000011044fa28 00007000059b46e8
0x00007000059b4650:   00000001104942a0 0000000000000000
0x00007000059b4660:   000000011044fa28 0000000000000000
0x00007000059b4670:   00007000059b4698 00007000059b4730
0x00007000059b4680:   00000001167f7dd0 0000000795794c68
0x00007000059b4690:   0000000116801537 00000007957c5610
0x00007000059b46a0:   00007fcda5581870 00000007957c5610
0x00007000059b46b0:   0000000000000001 00007000059b46d0
0x00007000059b46c0:   0000000000000000 0000000000000000
0x00007000059b46d0:   0000000000000000 000000079579b040
0x00007000059b46e0:   00007fcda570d950 000000079579b040
0x00007000059b46f0:   00007000059b46f0 000000011041bcba
0x00007000059b4700:   00007000059b4770 0000000110430028
0x00007000059b4710:   0000000000000000 000000011041bce0
0x00007000059b4720:   00007000059b4698 00007000059b4750
0x00007000059b4730:   00007000059b47c0 00000001167f8040
0x00007000059b4740:   0000000000000000 0000000000000000 

Instructions: (pc=0x00000001138494c5)
0x00000001138494a5:   57 41 56 41 55 41 54 53 48 83 ec 58 49 89 d4 49
0x00000001138494b5:   89 f5 48 8b 05 52 41 91 00 48 8b 00 48 89 45 d0
0x00000001138494c5:   49 39 7d 08 0f 85 be 02 00 00 48 39 79 08 48 89
0x00000001138494d5:   7d 88 49 89 cf 0f 85 e0 02 00 00 49 8b 45 00 4c 

Register to memory mapping:

RAX=0x30b834e0f1000095 is an unknown value
RBX={method} {0x000000011044fa28} 'Solver_makeIsEqualCstCt' '(JLcom/google/ortools/constraintsolver/Solver;JLcom/google/ortools/constraintsolver/IntExpr;JJLcom/google/ortools/constraintsolver/IntVar;)J' in 'com/google/ortools/constraintsolver/operations_research_constraint_solverJNI'
RCX=0x00007fcda5581870 is an unknown value
RDX=0x0000000000000001 is an unknown value
RSP=0x00007000059b4550 is pointing into the stack for thread: 0x00007fcda6802800
RBP=0x00007000059b45d0 is pointing into the stack for thread: 0x00007fcda6802800
RSI=0x0000000000000000 is an unknown value
RDI=0x00007fcda570d950 is an unknown value
R8 =0x0000000000000000 is an unknown value
R9 =0x0000000000000000 is an unknown value
R10=0xffffffffffffffff is an unknown value
R11=0x00000001138494a0: _ZN19operations_research6Solver16MakeIsEqualCstCtEPNS_7IntExprExPNS_6IntVarE+0 in /Users/AlexHope/Documents/workspace/Timetable/lib/libortools.dylib at 0x00000001135e3000
R12=0x0000000000000001 is an unknown value
R13=0x0000000000000000 is an unknown value
R14=0x00007000059b46e8 is pointing into the stack for thread: 0x00007fcda6802800
R15=0x00007fcda6802800 is a thread


Stack: [0x00007000058b5000,0x00007000059b5000],  sp=0x00007000059b4550,  free space=1021k
Native frames: (J=compiled Java code, j=interpreted, Vv=VM code, C=native code)
C  [libortools.dylib+0x2664c5]  operations_research::Solver::MakeIsEqualCstCt(operations_research::IntExpr*, long long, operations_research::IntVar*)+0x25
j  com.google.ortools.constraintsolver.operations_research_constraint_solverJNI.Solver_makeIsEqualCstCt(JLcom/google/ortools/constraintsolver/Solver;JLcom/google/ortools/constraintsolver/IntExpr;JJLcom/google/ortools/constraintsolver/IntVar;)J+0
j  com.google.ortools.constraintsolver.Solver.makeIsEqualCstCt(Lcom/google/ortools/constraintsolver/IntExpr;JLcom/google/ortools/constraintsolver/IntVar;)Lcom/google/ortools/constraintsolver/Constraint;+18
j  Model.Programme.addModule(Lcom/google/ortools/constraintsolver/Solver;LModel/Module;)V+62
j  Model.Main.makeProgramme(Lcom/google/ortools/constraintsolver/Solver;Ljava/util/ArrayList;[Ljava/lang/String;)LModel/Programme;+53
j  Model.Main.solve()V+22
j  Model.Main.main([Ljava/lang/String;)V+0
v  ~StubRoutines::call_stub
V  [libjvm.dylib+0x2ecf8a]  JavaCalls::call_helper(JavaValue*, methodHandle*, JavaCallArguments*, Thread*)+0x6ae
V  [libjvm.dylib+0x323d82]  jni_invoke_static(JNIEnv_*, JavaValue*, _jobject*, JNICallType, _jmethodID*, JNI_ArgumentPusher*, Thread*)+0x1bf
V  [libjvm.dylib+0x31caf9]  jni_CallStaticVoidMethod+0x15d
C  [java+0x3931]  JavaMain+0x9c4
C  [libsystem_pthread.dylib+0x3aab]  _pthread_body+0xb4
C  [libsystem_pthread.dylib+0x39f7]  _pthread_body+0x0
C  [libsystem_pthread.dylib+0x31fd]  thread_start+0xd
C  0x0000000000000000

Java frames: (J=compiled Java code, j=interpreted, Vv=VM code)
j  com.google.ortools.constraintsolver.operations_research_constraint_solverJNI.Solver_makeIsEqualCstCt(JLcom/google/ortools/constraintsolver/Solver;JLcom/google/ortools/constraintsolver/IntExpr;JJLcom/google/ortools/constraintsolver/IntVar;)J+0
j  com.google.ortools.constraintsolver.Solver.makeIsEqualCstCt(Lcom/google/ortools/constraintsolver/IntExpr;JLcom/google/ortools/constraintsolver/IntVar;)Lcom/google/ortools/constraintsolver/Constraint;+18
j  Model.Programme.addModule(Lcom/google/ortools/constraintsolver/Solver;LModel/Module;)V+62
j  Model.Main.makeProgramme(Lcom/google/ortools/constraintsolver/Solver;Ljava/util/ArrayList;[Ljava/lang/String;)LModel/Programme;+53
j  Model.Main.solve()V+22
j  Model.Main.main([Ljava/lang/String;)V+0
v  ~StubRoutines::call_stub

---------------  P R O C E S S  ---------------

Java Threads: ( => current thread )
  0x00007fcda705c000 JavaThread "Service Thread" daemon [_thread_blocked, id=18691, stack(0x00007000064d9000,0x00007000065d9000)]
  0x00007fcda7020800 JavaThread "C1 CompilerThread2" daemon [_thread_blocked, id=18179, stack(0x00007000063d6000,0x00007000064d6000)]
  0x00007fcda7020000 JavaThread "C2 CompilerThread1" daemon [_thread_blocked, id=17667, stack(0x00007000062d3000,0x00007000063d3000)]
  0x00007fcda7016000 JavaThread "C2 CompilerThread0" daemon [_thread_blocked, id=17155, stack(0x00007000061d0000,0x00007000062d0000)]
  0x00007fcda7015800 JavaThread "Signal Dispatcher" daemon [_thread_blocked, id=16643, stack(0x00007000060cd000,0x00007000061cd000)]
  0x00007fcda580c000 JavaThread "Finalizer" daemon [_thread_blocked, id=12547, stack(0x0000700005fca000,0x00007000060ca000)]
  0x00007fcda605b000 JavaThread "Reference Handler" daemon [_thread_blocked, id=12035, stack(0x0000700005ec7000,0x0000700005fc7000)]
=>0x00007fcda6802800 JavaThread "main" [_thread_in_native, id=7171, stack(0x00007000058b5000,0x00007000059b5000)]

Other Threads:
  0x00007fcda6056800 VMThread [stack: 0x0000700005dc4000,0x0000700005ec4000] [id=11523]
  0x00007fcda5800800 WatcherThread [stack: 0x00007000065dc000,0x00007000066dc000] [id=19203]

VM state:not at safepoint (normal execution)

VM Mutex/Monitor currently owned by a thread: None

Heap:
 PSYoungGen      total 38400K, used 2994K [0x0000000795580000, 0x0000000798000000, 0x00000007c0000000)
  eden space 33280K, 8% used [0x0000000795580000,0x000000079586caf8,0x0000000797600000)
  from space 5120K, 0% used [0x0000000797b00000,0x0000000797b00000,0x0000000798000000)
  to   space 5120K, 0% used [0x0000000797600000,0x0000000797600000,0x0000000797b00000)
 ParOldGen       total 87552K, used 0K [0x0000000740000000, 0x0000000745580000, 0x0000000795580000)
  object space 87552K, 0% used [0x0000000740000000,0x0000000740000000,0x0000000745580000)
 Metaspace       used 3543K, capacity 5102K, committed 5376K, reserved 1056768K
  class space    used 340K, capacity 418K, committed 512K, reserved 1048576K

Card table byte_map: [0x000000010b561000,0x000000010b962000] byte_map_base: 0x0000000107b61000

Marking Bits: (ParMarkBitMap*) 0x000000010aaefd20
 Begin Bits: [0x000000010bc0d000, 0x000000010dc0d000)
 End Bits:   [0x000000010dc0d000, 0x000000010fc0d000)

Polling page: 0x0000000109987000

CodeCache: size=245760Kb used=1216Kb max_used=1216Kb free=244543Kb
 bounds [0x00000001167f0000, 0x0000000116a60000, 0x00000001257f0000]
 total_blobs=427 nmethods=54 adapters=287
 compilation: enabled

Compilation events (10 events):
Event: 0.350 Thread 0x00007fcda7020800 nmethod 44 0x000000011691c150 code [0x000000011691c2c0, 0x000000011691c548]
Event: 0.350 Thread 0x00007fcda7020800   46       3       com.google.ortools.constraintsolver.Solver::makeBoolVar (29 bytes)
Event: 0.351 Thread 0x00007fcda7020800 nmethod 46 0x000000011691cdd0 code [0x000000011691cfa0, 0x000000011691d4d8]
Event: 0.351 Thread 0x00007fcda7020800   48       3       com.google.ortools.constraintsolver.IntVar::<init> (15 bytes)
Event: 0.351 Thread 0x00007fcda7020800 nmethod 48 0x000000011691d8d0 code [0x000000011691da80, 0x000000011691de68]
Event: 0.352 Thread 0x00007fcda7020800   51   !   3       java.lang.ref.Finalizer::add (41 bytes)
Event: 0.352 Thread 0x00007fcda7020800 nmethod 51 0x000000011691e850 code [0x000000011691e9c0, 0x000000011691ed70]
Event: 0.353 Thread 0x00007fcda7020800   52       3       java.lang.String::substring (79 bytes)
Event: 0.354 Thread 0x00007fcda7020800 nmethod 52 0x000000011691ee90 code [0x000000011691f060, 0x000000011691f518]
Event: 0.355 Thread 0x00007fcda7020800   53       3       java.io.UnixFileSystem::normalize (75 bytes)

GC Heap History (0 events):
No events

Deoptimization events (0 events):
No events

Internal exceptions (2 events):
Event: 0.030 Thread 0x00007fcda6802800 Exception <a 'java/lang/NoSuchMethodError': Method sun.misc.Unsafe.defineClass(Ljava/lang/String;[BII)Ljava/lang/Class; name or signature does not match> (0x0000000795587c78) thrown at [/Users/java_re/workspace/8-2-build-macosx-x86_64/jdk8u111/7883/hotspo
Event: 0.030 Thread 0x00007fcda6802800 Exception <a 'java/lang/NoSuchMethodError': Method sun.misc.Unsafe.prefetchRead(Ljava/lang/Object;J)V name or signature does not match> (0x0000000795587f60) thrown at [/Users/java_re/workspace/8-2-build-macosx-x86_64/jdk8u111/7883/hotspot/src/share/vm/pri

Events (10 events):
Event: 0.344 loading class com/google/ortools/constraintsolver/IntVar
Event: 0.344 loading class com/google/ortools/constraintsolver/IntVar done
Event: 0.344 loading class com/google/ortools/constraintsolver/IntExpr
Event: 0.344 loading class com/google/ortools/constraintsolver/IntExpr done
Event: 0.345 loading class com/google/ortools/constraintsolver/PropagationBaseObject
Event: 0.345 loading class com/google/ortools/constraintsolver/PropagationBaseObject done
Event: 0.345 loading class com/google/ortools/constraintsolver/BaseObject
Event: 0.345 loading class com/google/ortools/constraintsolver/BaseObject done
Event: 0.347 loading class com/google/ortools/constraintsolver/Constraint
Event: 0.347 loading class com/google/ortools/constraintsolver/Constraint done


Dynamic libraries:
0x0000000038dc7000 	/System/Library/Frameworks/Cocoa.framework/Versions/A/Cocoa
0x0000000038dc7000 	/System/Library/Frameworks/Security.framework/Versions/A/Security
0x0000000038dc7000 	/System/Library/Frameworks/ApplicationServices.framework/Versions/A/ApplicationServices
0x0000000038dc7000 	/usr/lib/libz.1.dylib
0x0000000038dc7000 	/usr/lib/libSystem.B.dylib
0x0000000038dc7000 	/usr/lib/libobjc.A.dylib
0x0000000038dc7000 	/System/Library/Frameworks/CoreFoundation.framework/Versions/A/CoreFoundation
0x0000000038dc7000 	/System/Library/Frameworks/Foundation.framework/Versions/C/Foundation
0x0000000038dc7000 	/System/Library/Frameworks/AppKit.framework/Versions/C/AppKit
0x0000000038dc7000 	/System/Library/Frameworks/CoreData.framework/Versions/A/CoreData
0x0000000038dc7000 	/System/Library/PrivateFrameworks/RemoteViewServices.framework/Versions/A/RemoteViewServices
0x0000000038dc7000 	/System/Library/PrivateFrameworks/UIFoundation.framework/Versions/A/UIFoundation
0x0000000038dc7000 	/System/Library/PrivateFrameworks/DFRFoundation.framework/Versions/A/DFRFoundation
0x0000000038dc7000 	/usr/lib/libenergytrace.dylib
0x0000000038dc7000 	/System/Library/PrivateFrameworks/SkyLight.framework/Versions/A/SkyLight
0x0000000038dc7000 	/System/Library/Frameworks/CoreGraphics.framework/Versions/A/CoreGraphics
0x0000000038dc7000 	/usr/lib/libScreenReader.dylib
0x0000000038dc7000 	/System/Library/Frameworks/Accelerate.framework/Versions/A/Accelerate
0x0000000038dc7000 	/System/Library/Frameworks/IOSurface.framework/Versions/A/IOSurface
0x0000000038dc7000 	/System/Library/Frameworks/AudioToolbox.framework/Versions/A/AudioToolbox
0x0000000038dc7000 	/System/Library/Frameworks/AudioUnit.framework/Versions/A/AudioUnit
0x0000000038dc7000 	/System/Library/PrivateFrameworks/DataDetectorsCore.framework/Versions/A/DataDetectorsCore
0x0000000038dc7000 	/System/Library/PrivateFrameworks/DesktopServicesPriv.framework/Versions/A/DesktopServicesPriv
0x0000000038dc7000 	/System/Library/Frameworks/Carbon.framework/Versions/A/Frameworks/HIToolbox.framework/Versions/A/HIToolbox
0x0000000038dc7000 	/usr/lib/libicucore.A.dylib
0x0000000038dc7000 	/System/Library/Frameworks/QuartzCore.framework/Versions/A/QuartzCore
0x0000000038dc7000 	/System/Library/Frameworks/Carbon.framework/Versions/A/Frameworks/SpeechRecognition.framework/Versions/A/SpeechRecognition
0x0000000038dc7000 	/usr/lib/libauto.dylib
0x0000000038dc7000 	/usr/lib/libxml2.2.dylib
0x0000000038dc7000 	/System/Library/PrivateFrameworks/CoreUI.framework/Versions/A/CoreUI
0x0000000038dc7000 	/System/Library/Frameworks/CoreAudio.framework/Versions/A/CoreAudio
0x0000000038dc7000 	/System/Library/Frameworks/DiskArbitration.framework/Versions/A/DiskArbitration
0x0000000038dc7000 	/usr/lib/liblangid.dylib
0x0000000038dc7000 	/System/Library/PrivateFrameworks/MultitouchSupport.framework/Versions/A/MultitouchSupport
0x0000000038dc7000 	/System/Library/Frameworks/IOKit.framework/Versions/A/IOKit
0x0000000038dc7000 	/usr/lib/libDiagnosticMessagesClient.dylib
0x0000000038dc7000 	/System/Library/Frameworks/CoreServices.framework/Versions/A/CoreServices
0x0000000038dc7000 	/System/Library/PrivateFrameworks/PerformanceAnalysis.framework/Versions/A/PerformanceAnalysis
0x0000000038dc7000 	/System/Library/PrivateFrameworks/GenerationalStorage.framework/Versions/A/GenerationalStorage
0x0000000038dc7000 	/System/Library/Frameworks/OpenGL.framework/Versions/A/OpenGL
0x0000000038dc7000 	/System/Library/Frameworks/CoreImage.framework/Versions/A/CoreImage
0x0000000038dc7000 	/System/Library/Frameworks/CoreText.framework/Versions/A/CoreText
0x0000000038dc7000 	/System/Library/Frameworks/ImageIO.framework/Versions/A/ImageIO
0x0000000038dc7000 	/System/Library/PrivateFrameworks/Backup.framework/Versions/A/Backup
0x0000000038dc7000 	/usr/lib/libarchive.2.dylib
0x0000000038dc7000 	/System/Library/Frameworks/CFNetwork.framework/Versions/A/CFNetwork
0x0000000038dc7000 	/System/Library/Frameworks/SystemConfiguration.framework/Versions/A/SystemConfiguration
0x0000000038dc7000 	/usr/lib/libCRFSuite.dylib
0x0000000038dc7000 	/usr/lib/libc++.1.dylib
0x0000000038dc7000 	/usr/lib/libc++abi.dylib
0x0000000038dc7000 	/usr/lib/system/libcache.dylib
0x0000000038dc7000 	/usr/lib/system/libcommonCrypto.dylib
0x0000000038dc7000 	/usr/lib/system/libcompiler_rt.dylib
0x0000000038dc7000 	/usr/lib/system/libcopyfile.dylib
0x0000000038dc7000 	/usr/lib/system/libcorecrypto.dylib
0x0000000038dc7000 	/usr/lib/system/libdispatch.dylib
0x0000000038dc7000 	/usr/lib/system/libdyld.dylib
0x0000000038dc7000 	/usr/lib/system/libkeymgr.dylib
0x0000000038dc7000 	/usr/lib/system/liblaunch.dylib
0x0000000038dc7000 	/usr/lib/system/libmacho.dylib
0x0000000038dc7000 	/usr/lib/system/libquarantine.dylib
0x0000000038dc7000 	/usr/lib/system/libremovefile.dylib
0x0000000038dc7000 	/usr/lib/system/libsystem_asl.dylib
0x0000000038dc7000 	/usr/lib/system/libsystem_blocks.dylib
0x0000000038dc7000 	/usr/lib/system/libsystem_c.dylib
0x0000000038dc7000 	/usr/lib/system/libsystem_configuration.dylib
0x0000000038dc7000 	/usr/lib/system/libsystem_coreservices.dylib
0x0000000038dc7000 	/usr/lib/system/libsystem_coretls.dylib
0x0000000038dc7000 	/usr/lib/system/libsystem_dnssd.dylib
0x0000000038dc7000 	/usr/lib/system/libsystem_info.dylib
0x0000000038dc7000 	/usr/lib/system/libsystem_kernel.dylib
0x0000000038dc7000 	/usr/lib/system/libsystem_m.dylib
0x0000000038dc7000 	/usr/lib/system/libsystem_malloc.dylib
0x0000000038dc7000 	/usr/lib/system/libsystem_network.dylib
0x0000000038dc7000 	/usr/lib/system/libsystem_networkextension.dylib
0x0000000038dc7000 	/usr/lib/system/libsystem_notify.dylib
0x0000000038dc7000 	/usr/lib/system/libsystem_platform.dylib
0x0000000038dc7000 	/usr/lib/system/libsystem_pthread.dylib
0x0000000038dc7000 	/usr/lib/system/libsystem_sandbox.dylib
0x0000000038dc7000 	/usr/lib/system/libsystem_secinit.dylib
0x0000000038dc7000 	/usr/lib/system/libsystem_symptoms.dylib
0x0000000038dc7000 	/usr/lib/system/libsystem_trace.dylib
0x0000000038dc7000 	/usr/lib/system/libunwind.dylib
0x0000000038dc7000 	/usr/lib/system/libxpc.dylib
0x0000000038dc7000 	/usr/lib/libbsm.0.dylib
0x0000000038dc7000 	/usr/lib/system/libkxld.dylib
0x0000000038dc7000 	/usr/lib/libcoretls.dylib
0x0000000038dc7000 	/usr/lib/libcoretls_cfhelpers.dylib
0x0000000038dc7000 	/usr/lib/libxar.1.dylib
0x0000000038dc7000 	/usr/lib/libsqlite3.dylib
0x0000000038dc7000 	/usr/lib/libpam.2.dylib
0x0000000038dc7000 	/usr/lib/libOpenScriptingUtil.dylib
0x0000000038dc7000 	/usr/lib/libbz2.1.0.dylib
0x0000000038dc7000 	/usr/lib/liblzma.5.dylib
0x0000000038dc7000 	/usr/lib/libnetwork.dylib
0x0000000038dc7000 	/usr/lib/libpcap.A.dylib
0x0000000038dc7000 	/System/Library/Frameworks/CoreServices.framework/Versions/A/Frameworks/FSEvents.framework/Versions/A/FSEvents
0x0000000038dc7000 	/System/Library/Frameworks/CoreServices.framework/Versions/A/Frameworks/CarbonCore.framework/Versions/A/CarbonCore
0x0000000038dc7000 	/System/Library/Frameworks/CoreServices.framework/Versions/A/Frameworks/Metadata.framework/Versions/A/Metadata
0x0000000038dc7000 	/System/Library/Frameworks/CoreServices.framework/Versions/A/Frameworks/OSServices.framework/Versions/A/OSServices
0x0000000038dc7000 	/System/Library/Frameworks/CoreServices.framework/Versions/A/Frameworks/SearchKit.framework/Versions/A/SearchKit
0x0000000038dc7000 	/System/Library/Frameworks/CoreServices.framework/Versions/A/Frameworks/AE.framework/Versions/A/AE
0x0000000038dc7000 	/System/Library/Frameworks/CoreServices.framework/Versions/A/Frameworks/LaunchServices.framework/Versions/A/LaunchServices
0x0000000038dc7000 	/System/Library/Frameworks/CoreServices.framework/Versions/A/Frameworks/DictionaryServices.framework/Versions/A/DictionaryServices
0x0000000038dc7000 	/System/Library/Frameworks/CoreServices.framework/Versions/A/Frameworks/SharedFileList.framework/Versions/A/SharedFileList
0x0000000038dc7000 	/System/Library/Frameworks/NetFS.framework/Versions/A/NetFS
0x0000000038dc7000 	/System/Library/PrivateFrameworks/NetAuth.framework/Versions/A/NetAuth
0x0000000038dc7000 	/System/Library/PrivateFrameworks/login.framework/Versions/A/Frameworks/loginsupport.framework/Versions/A/loginsupport
0x0000000038dc7000 	/System/Library/PrivateFrameworks/TCC.framework/Versions/A/TCC
0x0000000038dc7000 	/usr/lib/libmecabra.dylib
0x0000000038dc7000 	/System/Library/Frameworks/ApplicationServices.framework/Versions/A/Frameworks/ATS.framework/Versions/A/ATS
0x0000000038dc7000 	/System/Library/Frameworks/ApplicationServices.framework/Versions/A/Frameworks/ColorSync.framework/Versions/A/ColorSync
0x0000000038dc7000 	/System/Library/Frameworks/ApplicationServices.framework/Versions/A/Frameworks/HIServices.framework/Versions/A/HIServices
0x0000000038dc7000 	/System/Library/Frameworks/ApplicationServices.framework/Versions/A/Frameworks/LangAnalysis.framework/Versions/A/LangAnalysis
0x0000000038dc7000 	/System/Library/Frameworks/ApplicationServices.framework/Versions/A/Frameworks/PrintCore.framework/Versions/A/PrintCore
0x0000000038dc7000 	/System/Library/Frameworks/ApplicationServices.framework/Versions/A/Frameworks/QD.framework/Versions/A/QD
0x0000000038dc7000 	/System/Library/Frameworks/ApplicationServices.framework/Versions/A/Frameworks/SpeechSynthesis.framework/Versions/A/SpeechSynthesis
0x0000000038dc7000 	/System/Library/Frameworks/Accelerate.framework/Versions/A/Frameworks/vImage.framework/Versions/A/vImage
0x0000000038dc7000 	/System/Library/Frameworks/Accelerate.framework/Versions/A/Frameworks/vecLib.framework/Versions/A/vecLib
0x0000000038dc7000 	/System/Library/Frameworks/Accelerate.framework/Versions/A/Frameworks/vecLib.framework/Versions/A/libvDSP.dylib
0x0000000038dc7000 	/System/Library/Frameworks/Accelerate.framework/Versions/A/Frameworks/vecLib.framework/Versions/A/libBNNS.dylib
0x0000000038dc7000 	/System/Library/Frameworks/Accelerate.framework/Versions/A/Frameworks/vecLib.framework/Versions/A/libQuadrature.dylib
0x0000000038dc7000 	/System/Library/Frameworks/Accelerate.framework/Versions/A/Frameworks/vecLib.framework/Versions/A/libvMisc.dylib
0x0000000038dc7000 	/System/Library/Frameworks/Accelerate.framework/Versions/A/Frameworks/vecLib.framework/Versions/A/libLAPACK.dylib
0x0000000038dc7000 	/System/Library/Frameworks/Accelerate.framework/Versions/A/Frameworks/vecLib.framework/Versions/A/libBLAS.dylib
0x0000000038dc7000 	/System/Library/Frameworks/Accelerate.framework/Versions/A/Frameworks/vecLib.framework/Versions/A/libLinearAlgebra.dylib
0x0000000038dc7000 	/System/Library/Frameworks/Accelerate.framework/Versions/A/Frameworks/vecLib.framework/Versions/A/libSparseBLAS.dylib
0x0000000038dc7000 	/System/Library/Frameworks/ApplicationServices.framework/Versions/A/Frameworks/ATS.framework/Versions/A/Resources/libFontParser.dylib
0x0000000038dc7000 	/System/Library/Frameworks/ApplicationServices.framework/Versions/A/Frameworks/ATS.framework/Versions/A/Resources/libFontRegistry.dylib
0x0000000038dc7000 	/System/Library/Frameworks/ImageIO.framework/Versions/A/Resources/libJPEG.dylib
0x0000000038dc7000 	/System/Library/Frameworks/ImageIO.framework/Versions/A/Resources/libTIFF.dylib
0x0000000038dc7000 	/System/Library/Frameworks/ImageIO.framework/Versions/A/Resources/libPng.dylib
0x0000000038dc7000 	/System/Library/Frameworks/ImageIO.framework/Versions/A/Resources/libGIF.dylib
0x0000000038dc7000 	/System/Library/Frameworks/ImageIO.framework/Versions/A/Resources/libJP2.dylib
0x0000000038dc7000 	/System/Library/Frameworks/ImageIO.framework/Versions/A/Resources/libRadiance.dylib
0x0000000038dc7000 	/usr/lib/libcompression.dylib
0x0000000038dc7000 	/System/Library/PrivateFrameworks/AppleJPEG.framework/Versions/A/AppleJPEG
0x0000000038dc7000 	/usr/lib/libcups.2.dylib
0x0000000038dc7000 	/System/Library/Frameworks/Kerberos.framework/Versions/A/Kerberos
0x0000000038dc7000 	/System/Library/Frameworks/GSS.framework/Versions/A/GSS
0x0000000038dc7000 	/usr/lib/libresolv.9.dylib
0x0000000038dc7000 	/usr/lib/libiconv.2.dylib
0x0000000038dc7000 	/System/Library/PrivateFrameworks/Heimdal.framework/Versions/A/Heimdal
0x0000000038dc7000 	/usr/lib/libheimdal-asn1.dylib
0x0000000038dc7000 	/System/Library/Frameworks/OpenDirectory.framework/Versions/A/OpenDirectory
0x0000000038dc7000 	/System/Library/PrivateFrameworks/CommonAuth.framework/Versions/A/CommonAuth
0x0000000038dc7000 	/System/Library/Frameworks/OpenDirectory.framework/Versions/A/Frameworks/CFOpenDirectory.framework/Versions/A/CFOpenDirectory
0x0000000038dc7000 	/System/Library/Frameworks/SecurityFoundation.framework/Versions/A/SecurityFoundation
0x0000000038dc7000 	/System/Library/PrivateFrameworks/LanguageModeling.framework/Versions/A/LanguageModeling
0x0000000038dc7000 	/usr/lib/libmarisa.dylib
0x0000000038dc7000 	/usr/lib/libChineseTokenizer.dylib
0x0000000038dc7000 	/usr/lib/libcmph.dylib
0x0000000038dc7000 	/System/Library/PrivateFrameworks/CoreEmoji.framework/Versions/A/CoreEmoji
0x0000000038dc7000 	/System/Library/Frameworks/ServiceManagement.framework/Versions/A/ServiceManagement
0x0000000038dc7000 	/usr/lib/libxslt.1.dylib
0x0000000038dc7000 	/System/Library/Frameworks/Carbon.framework/Versions/A/Frameworks/Ink.framework/Versions/A/Ink
0x0000000038dc7000 	/System/Library/PrivateFrameworks/TextureIO.framework/Versions/A/TextureIO
0x0000000038dc7000 	/System/Library/Frameworks/Metal.framework/Versions/A/Metal
0x0000000038dc7000 	/usr/lib/libate.dylib
0x0000000038dc7000 	/System/Library/PrivateFrameworks/GPUCompiler.framework/libmetal_timestamp.dylib
0x0000000038dc7000 	/System/Library/Frameworks/OpenGL.framework/Versions/A/Libraries/libCoreFSCache.dylib
0x0000000038dc7000 	/System/Library/PrivateFrameworks/IOAccelerator.framework/Versions/A/IOAccelerator
0x0000000038dc7000 	/System/Library/Frameworks/CoreVideo.framework/Versions/A/CoreVideo
0x0000000038dc7000 	/usr/lib/libFosl_dynamic.dylib
0x0000000038dc7000 	/System/Library/PrivateFrameworks/MetalPerformanceShaders.framework/Versions/A/MetalPerformanceShaders
0x0000000038dc7000 	/System/Library/PrivateFrameworks/FaceCore.framework/Versions/A/FaceCore
0x0000000038dc7000 	/System/Library/Frameworks/OpenCL.framework/Versions/A/OpenCL
0x0000000038dc7000 	/System/Library/Frameworks/OpenGL.framework/Versions/A/Libraries/libGLU.dylib
0x0000000038dc7000 	/System/Library/Frameworks/OpenGL.framework/Versions/A/Libraries/libGFXShared.dylib
0x0000000038dc7000 	/System/Library/Frameworks/OpenGL.framework/Versions/A/Libraries/libGL.dylib
0x0000000038dc7000 	/System/Library/Frameworks/OpenGL.framework/Versions/A/Libraries/libGLImage.dylib
0x0000000038dc7000 	/System/Library/Frameworks/OpenGL.framework/Versions/A/Libraries/libCVMSPluginSupport.dylib
0x0000000038dc7000 	/System/Library/Frameworks/OpenGL.framework/Versions/A/Libraries/libCoreVMClient.dylib
0x0000000038dc7000 	/System/Library/PrivateFrameworks/CrashReporterSupport.framework/Versions/A/CrashReporterSupport
0x0000000038dc7000 	/System/Library/PrivateFrameworks/Sharing.framework/Versions/A/Sharing
0x0000000038dc7000 	/System/Library/PrivateFrameworks/IconServices.framework/Versions/A/IconServices
0x0000000038dc7000 	/System/Library/PrivateFrameworks/ProtocolBuffer.framework/Versions/A/ProtocolBuffer
0x0000000038dc7000 	/System/Library/PrivateFrameworks/Apple80211.framework/Versions/A/Apple80211
0x0000000038dc7000 	/System/Library/Frameworks/CoreWLAN.framework/Versions/A/CoreWLAN
0x0000000038dc7000 	/System/Library/PrivateFrameworks/CoreUtils.framework/Versions/A/CoreUtils
0x0000000038dc7000 	/System/Library/Frameworks/IOBluetooth.framework/Versions/A/IOBluetooth
0x0000000038dc7000 	/System/Library/PrivateFrameworks/CoreWiFi.framework/Versions/A/CoreWiFi
0x0000000038dc7000 	/System/Library/Frameworks/CoreBluetooth.framework/Versions/A/CoreBluetooth
0x0000000038dc7000 	/System/Library/Frameworks/CoreDisplay.framework/Versions/A/CoreDisplay
0x0000000038dc7000 	/System/Library/PrivateFrameworks/IOPresentment.framework/Versions/A/IOPresentment
0x0000000038dc7000 	/System/Library/PrivateFrameworks/DebugSymbols.framework/Versions/A/DebugSymbols
0x0000000038dc7000 	/System/Library/PrivateFrameworks/CoreSymbolication.framework/Versions/A/CoreSymbolication
0x0000000038dc7000 	/System/Library/PrivateFrameworks/Symbolication.framework/Versions/A/Symbolication
0x0000000038dc7000 	/System/Library/PrivateFrameworks/AppleFSCompression.framework/Versions/A/AppleFSCompression
0x0000000038dc7000 	/System/Library/PrivateFrameworks/SpeechRecognitionCore.framework/Versions/A/SpeechRecognitionCore
0x0000000038dc7000 	/System/Library/PrivateFrameworks/ChunkingLibrary.framework/Versions/A/ChunkingLibrary
0x000000010a200000 	/Library/Java/JavaVirtualMachines/jdk1.8.0_111.jdk/Contents/Home/jre/lib/server/libjvm.dylib
0x0000000038dc7000 	/usr/lib/libstdc++.6.dylib
0x0000000109944000 	/Library/Java/JavaVirtualMachines/jdk1.8.0_111.jdk/Contents/Home/jre/lib/libverify.dylib
0x0000000109952000 	/Library/Java/JavaVirtualMachines/jdk1.8.0_111.jdk/Contents/Home/jre/lib/libjava.dylib
0x0000000109991000 	/Library/Java/JavaVirtualMachines/jdk1.8.0_111.jdk/Contents/Home/jre/lib/libzip.dylib
0x0000000111ab4000 	/System/Library/Frameworks/JavaVM.framework/Frameworks/JavaRuntimeSupport.framework/JavaRuntimeSupport
0x00000001099eb000 	/System/Library/Frameworks/JavaVM.framework/Versions/A/Frameworks/JavaNativeFoundation.framework/Versions/A/JavaNativeFoundation
0x0000000111ace000 	/System/Library/Frameworks/JavaVM.framework/Versions/A/JavaVM
0x0000000038dc7000 	/System/Library/Frameworks/Carbon.framework/Versions/A/Carbon
0x0000000111adb000 	/System/Library/PrivateFrameworks/JavaLaunching.framework/Versions/A/JavaLaunching
0x0000000038dc7000 	/System/Library/Frameworks/Carbon.framework/Versions/A/Frameworks/CommonPanels.framework/Versions/A/CommonPanels
0x0000000038dc7000 	/System/Library/Frameworks/Carbon.framework/Versions/A/Frameworks/Help.framework/Versions/A/Help
0x0000000038dc7000 	/System/Library/Frameworks/Carbon.framework/Versions/A/Frameworks/ImageCapture.framework/Versions/A/ImageCapture
0x0000000038dc7000 	/System/Library/Frameworks/Carbon.framework/Versions/A/Frameworks/OpenScripting.framework/Versions/A/OpenScripting
0x0000000038dc7000 	/System/Library/Frameworks/Carbon.framework/Versions/A/Frameworks/Print.framework/Versions/A/Print
0x0000000038dc7000 	/System/Library/Frameworks/Carbon.framework/Versions/A/Frameworks/SecurityHI.framework/Versions/A/SecurityHI
0x0000000113413000 	/Users/AlexHope/Documents/workspace/Timetable/lib/libjniortools.jnilib
0x00000001135e3000 	/Users/AlexHope/Documents/workspace/Timetable/lib/libortools.dylib

VM Arguments:
jvm_args: -Djava.library.path=/Users/AlexHope/Documents/workspace/Timetable/lib:/Users/AlexHope/Documents/workspace/Timetable/lib -Dfile.encoding=UTF-8 
java_command: Model.Main
java_class_path (initial): /Users/AlexHope/Documents/workspace/Timetable/bin:/Users/AlexHope/Documents/workspace/Timetable/lib/com.google.ortools.jar:/Users/AlexHope/Documents/workspace/Timetable/lib/protobuf.jar:/Users/AlexHope/Documents/workspace/Timetable/objs:/Users/AlexHope/.p2/pool/plugins/org.junit_4.12.0.v201504281640/junit.jar:/Users/AlexHope/.p2/pool/plugins/org.hamcrest.core_1.3.0.v201303031735.jar
Launcher Type: SUN_STANDARD

Environment Variables:
PATH=/usr/bin:/bin:/usr/sbin:/sbin
SHELL=/bin/bash

Signal Handlers:
SIGSEGV: [libjvm.dylib+0x5b03ed], sa_mask[0]=11111111011111110111111111111111, sa_flags=SA_ONSTACK|SA_RESTART|SA_SIGINFO
SIGBUS: [libjvm.dylib+0x5b03ed], sa_mask[0]=11111111011111110111111111111111, sa_flags=SA_RESTART|SA_SIGINFO
SIGFPE: [libjvm.dylib+0x48711c], sa_mask[0]=11111111011111110111111111111111, sa_flags=SA_RESTART|SA_SIGINFO
SIGPIPE: [libjvm.dylib+0x48711c], sa_mask[0]=11111111011111110111111111111111, sa_flags=SA_RESTART|SA_SIGINFO
SIGXFSZ: [libjvm.dylib+0x48711c], sa_mask[0]=11111111011111110111111111111111, sa_flags=SA_RESTART|SA_SIGINFO
SIGILL: [libjvm.dylib+0x48711c], sa_mask[0]=11111111011111110111111111111111, sa_flags=SA_RESTART|SA_SIGINFO
SIGUSR1: SIG_DFL, sa_mask[0]=00000000000000000000000000000000, sa_flags=none
SIGUSR2: [libjvm.dylib+0x486c3a], sa_mask[0]=00100000000000000000000000000000, sa_flags=SA_RESTART|SA_SIGINFO
SIGHUP: [libjvm.dylib+0x485211], sa_mask[0]=11111111011111110111111111111111, sa_flags=SA_RESTART|SA_SIGINFO
SIGINT: [libjvm.dylib+0x485211], sa_mask[0]=11111111011111110111111111111111, sa_flags=SA_RESTART|SA_SIGINFO
SIGTERM: [libjvm.dylib+0x485211], sa_mask[0]=11111111011111110111111111111111, sa_flags=SA_RESTART|SA_SIGINFO
SIGQUIT: [libjvm.dylib+0x485211], sa_mask[0]=11111111011111110111111111111111, sa_flags=SA_RESTART|SA_SIGINFO


---------------  S Y S T E M  ---------------

OS:Bsduname:Darwin 16.4.0 Darwin Kernel Version 16.4.0: Thu Dec 22 22:53:21 PST 2016; root:xnu-3789.41.3~3/RELEASE_X86_64 x86_64
rlimit: STACK 8192k, CORE 0k, NPROC 709, NOFILE 10240, AS infinity
load average:1.15 1.13 1.09

CPU:total 4 (2 cores per cpu, 2 threads per core) family 6 model 61 stepping 4, cmov, cx8, fxsr, mmx, sse, sse2, sse3, ssse3, sse4.1, sse4.2, popcnt, avx, avx2, aes, clmul, erms, 3dnowpref, lzcnt, ht, tsc, tscinvbit, bmi1, bmi2, adx

Memory: 4k page, physical 8388608k(2710000k free)

/proc/meminfo:


vm_info: Java HotSpot(TM) 64-Bit Server VM (25.111-b14) for bsd-amd64 JRE (1.8.0_111-b14), built on Sep 22 2016 15:31:41 by "java_re" with gcc 4.2.1 (Based on Apple Inc. build 5658) (LLVM build 2336.11.00)

time: Tue Mar 14 21:18:24 2017
elapsed time: 0 seconds (0d 0h 0m 0s)

