#
# A fatal error has been detected by the Java Runtime Environment:
#
#  SIGSEGV (0xb) at pc=0x000000016af7a78e, pid=2842, tid=0x000000000000bd33
#
# JRE version: Java(TM) SE Runtime Environment (8.0_111-b14) (build 1.8.0_111-b14)
# Java VM: Java HotSpot(TM) 64-Bit Server VM (25.111-b14 mixed mode bsd-amd64 compressed oops)
# Problematic frame:
# C  [libjniortools.jnilib+0x2678e]  Java_com_google_ortools_constraintsolver_operations_1research_1constraint_1solverJNI_PropagationBaseObject_1toString+0x1e
#
# Failed to write core dump. Core dumps have been disabled. To enable core dumping, try "ulimit -c unlimited" before starting Java again
#
# If you would like to submit a bug report, please visit:
#   http://bugreport.java.com/bugreport/crash.jsp
# The crash happened outside the Java Virtual Machine in native code.
# See problematic frame for where to report the bug.
#

---------------  T H R E A D  ---------------

Current thread (0x00007f924b286000):  JavaThread "AWT-EventQueue-0" [_thread_in_native, id=48435, stack(0x0000700004d72000,0x0000700004e72000)]

siginfo: si_signo: 11 (SIGSEGV), si_code: 0 (unknown), si_addr: 0x0000000000000000

Registers:
RAX=0xc000000000000000, RBX=0x00007f924b2861f8, RCX=0x0000700004e6efe8, RDX=0x00007f924f05eba0
RSP=0x0000700004e6ef80, RBP=0x0000700004e6efd0, RSI=0x0000700004e6f010, RDI=0x00007f924b2861f8
R8 =0x00000000e81f9599, R9 =0x00000000f3375343, R10=0x000000011fe1e8d5, R11=0x000000010dda7000
R12=0x0000000000000000, R13=0x000000074110c298, R14=0x0000700004e6f010, R15=0x00007f924b286000
RIP=0x000000016af7a78e, EFLAGS=0x0000000000010202, ERR=0x0000000000000000
  TRAPNO=0x000000000000000d

Top of Stack: (sp=0x0000700004e6ef80)
0x0000700004e6ef80:   000001e0e81fa59f 0000000740fcace0
0x0000700004e6ef90:   0000000740fc4db8 00000007e820ff30
0x0000700004e6efa0:   0000000000000000 0000000000000000
0x0000700004e6efb0:   0000000000000000 000000011fcb54c4
0x0000700004e6efc0:   0000000000000000 0000000000000000
0x0000700004e6efd0:   0000700004e6f020 000000011fe1e947
0x0000700004e6efe0:   000000074110c298 0000000799b826c8
0x0000700004e6eff0:   0000000740fcacc8 0000000740fcace0
0x0000700004e6f000:   0000000799bacfa8 0000000799b90ec8
0x0000700004e6f010:   0000000799b813a8 0000000799b97900
0x0000700004e6f020:   00000000f3375343 000000011ffbd654
0x0000700004e6f030:   0000700004e6f0b8 000000011f8fc2bd
0x0000700004e6f040:   0000000799b826c8 0000000000000000
0x0000700004e6f050:   0000000799ba9668 0000000000000000
0x0000700004e6f060:   0000000799ba90e8 0000000799b90ec8
0x0000700004e6f070:   000000079558a8e8 0000000740001138
0x0000700004e6f080:   0000000000000007 000070001b6d3586
0x0000700004e6f090:   0000000799badc30 000000016c29bb10
0x0000700004e6f0a0:   0000000000000009 000000011fe76ce4
0x0000700004e6f0b0:   00000000ffffffff 000000011ff8f9ac
0x0000700004e6f0c0:   0000000000000000 0000000799ba94c0
0x0000700004e6f0d0:   000000079558a8e8 000000079558aad8
0x0000700004e6f0e0:   f337521d00000000 0000000799ba90e8
0x0000700004e6f0f0:   0000000799ba9668 00000007f337599b
0x0000700004e6f100:   0000000799ba90e8 0000000000000050
0x0000700004e6f110:   0000000799bacfa8 0000000799bacfa8
0x0000700004e6f120:   0000004f00000299 000000079558aa98
0x0000700004e6f130:   0000700004e6f290 000000011ff7a864
0x0000700004e6f140:   0000000000000000 000000079558a8e8
0x0000700004e6f150:   0000700004e6f290 000000011fea4724
0x0000700004e6f160:   000001e0000002d0 000000079558a510
0x0000700004e6f170:   000000079558a758 00000007410b3aa8 

Instructions: (pc=0x000000016af7a78e)
0x000000016af7a76e:   00 00 55 48 89 e5 53 48 83 ec 48 48 89 fb 0f 57
0x000000016af7a77e:   c0 0f 29 45 d0 48 c7 45 e0 00 00 00 00 48 8b 02
0x000000016af7a78e:   48 8b 40 10 48 8d 7d b0 48 89 d6 ff d0 f6 45 d0
0x000000016af7a79e:   01 75 17 48 8d 7d d1 c6 45 f6 00 48 8d 75 f6 e8 

Register to memory mapping:

RAX=0xc000000000000000 is an unknown value
RBX=0x00007f924b2861f8 is an unknown value
RCX=0x0000700004e6efe8 is pointing into the stack for thread: 0x00007f924b286000
RDX=0x00007f924f05eba0 is an unknown value
RSP=0x0000700004e6ef80 is pointing into the stack for thread: 0x00007f924b286000
RBP=0x0000700004e6efd0 is pointing into the stack for thread: 0x00007f924b286000
RSI=0x0000700004e6f010 is pointing into the stack for thread: 0x00007f924b286000
RDI=0x00007f924b2861f8 is an unknown value
R8 =0x00000000e81f9599 is an unknown value
R9 =0x00000000f3375343 is an unknown value
R10=0x000000011fe1e8d5 is at entry_point+85 in (nmethod*)0x000000011fe1e710
R11=0x000000010dda7000 is an unknown value
R12=0x0000000000000000 is an unknown value
R13=0x000000074110c298 is an oop
java.lang.String 
 - klass: 'java/lang/String'
R14=0x0000700004e6f010 is pointing into the stack for thread: 0x00007f924b286000
R15=0x00007f924b286000 is a thread


Stack: [0x0000700004d72000,0x0000700004e72000],  sp=0x0000700004e6ef80,  free space=1011k
Native frames: (J=compiled Java code, j=interpreted, Vv=VM code, C=native code)
C  [libjniortools.jnilib+0x2678e]  Java_com_google_ortools_constraintsolver_operations_1research_1constraint_1solverJNI_PropagationBaseObject_1toString+0x1e
J 1559  com.google.ortools.constraintsolver.operations_research_constraint_solverJNI.PropagationBaseObject_toString(JLcom/google/ortools/constraintsolver/PropagationBaseObject;)Ljava/lang/String; (0 bytes) @ 0x000000011fe1e947 [0x000000011fe1e880+0xc7]
J 2042 C2 javax.swing.table.DefaultTableCellRenderer.getTableCellRendererComponent(Ljavax/swing/JTable;Ljava/lang/Object;ZZII)Ljava/awt/Component; (351 bytes) @ 0x000000011ffbd654 [0x000000011ffbd300+0x354]
J 1990 C2 javax.swing.plaf.basic.BasicTableUI.paintCell(Ljava/awt/Graphics;Ljava/awt/Rectangle;II)V (114 bytes) @ 0x000000011ff8f9ac [0x000000011ff8f4e0+0x4cc]
J 1987 C1 javax.swing.plaf.basic.BasicTableUI.paintCells(Ljava/awt/Graphics;IIII)V (342 bytes) @ 0x000000011ff7a864 [0x000000011ff79fa0+0x8c4]
j  javax.swing.plaf.basic.BasicTableUI.paint(Ljava/awt/Graphics;Ljavax/swing/JComponent;)V+249
J 1859 C2 javax.swing.plaf.ComponentUI.update(Ljava/awt/Graphics;Ljavax/swing/JComponent;)V (36 bytes) @ 0x000000011ff22598 [0x000000011ff20f60+0x1638]
J 1996 C2 javax.swing.JComponent.paintComponent(Ljava/awt/Graphics;)V (44 bytes) @ 0x000000011ff86e40 [0x000000011ff86ba0+0x2a0]
J 1957 C2 javax.swing.JComponent.paint(Ljava/awt/Graphics;)V (409 bytes) @ 0x000000011ff7cc40 [0x000000011ff7c600+0x640]
j  javax.swing.JComponent.paintToOffscreen(Ljava/awt/Graphics;IIIIII)V+41
j  javax.swing.RepaintManager$PaintManager.paintDoubleBuffered(Ljavax/swing/JComponent;Ljava/awt/Image;Ljava/awt/Graphics;IIII)V+163
j  javax.swing.RepaintManager$PaintManager.paint(Ljavax/swing/JComponent;Ljavax/swing/JComponent;Ljava/awt/Graphics;IIII)Z+116
J 2029 C1 javax.swing.RepaintManager.paint(Ljavax/swing/JComponent;Ljavax/swing/JComponent;Ljava/awt/Graphics;IIII)V (93 bytes) @ 0x000000011ffaad54 [0x000000011ffaa860+0x4f4]
j  javax.swing.JComponent._paintImmediately(IIII)V+683
J 1984 C1 javax.swing.JComponent.paintImmediately(IIII)V (155 bytes) @ 0x000000011ff6c194 [0x000000011ff6b380+0xe14]
J 1977 C1 javax.swing.RepaintManager$4.run()Ljava/lang/Void; (278 bytes) @ 0x000000011ff61d4c [0x000000011ff616a0+0x6ac]
J 1976 C1 javax.swing.RepaintManager$4.run()Ljava/lang/Object; (5 bytes) @ 0x000000011ff55bcc [0x000000011ff55b40+0x8c]
v  ~StubRoutines::call_stub
V  [libjvm.dylib+0x2ecf8a]  JavaCalls::call_helper(JavaValue*, methodHandle*, JavaCallArguments*, Thread*)+0x6ae
V  [libjvm.dylib+0x34d6c8]  JVM_DoPrivileged+0x4b8
J 518  java.security.AccessController.doPrivileged(Ljava/security/PrivilegedAction;Ljava/security/AccessControlContext;)Ljava/lang/Object; (0 bytes) @ 0x000000011fb20855 [0x000000011fb20780+0xd5]
J 526 C1 java.security.ProtectionDomain$JavaSecurityAccessImpl.doIntersectionPrivilege(Ljava/security/PrivilegedAction;Ljava/security/AccessControlContext;Ljava/security/AccessControlContext;)Ljava/lang/Object; (22 bytes) @ 0x000000011fb248dc [0x000000011fb24460+0x47c]
j  javax.swing.RepaintManager.paintDirtyRegions(Ljava/util/Map;)V+154
j  javax.swing.RepaintManager.paintDirtyRegions()V+46
j  javax.swing.RepaintManager.prePaintDirtyRegions()V+73
J 1991 C1 javax.swing.RepaintManager$ProcessingRunnable.run()V (41 bytes) @ 0x000000011ff6ed5c [0x000000011ff6eb00+0x25c]
J 766 C1 java.awt.event.InvocationEvent.dispatch()V (69 bytes) @ 0x000000011fbb63d4 [0x000000011fbb61c0+0x214]
J 753 C1 java.awt.EventQueue.dispatchEventImpl(Ljava/awt/AWTEvent;Ljava/lang/Object;)V (149 bytes) @ 0x000000011fbaddac [0x000000011fbac2c0+0x1aec]
J 757 C1 java.awt.EventQueue$3.run()Ljava/lang/Void; (60 bytes) @ 0x000000011fbb2254 [0x000000011fbb2040+0x214]
J 697 C1 java.awt.EventQueue$3.run()Ljava/lang/Object; (5 bytes) @ 0x000000011fb8c90c [0x000000011fb8c880+0x8c]
v  ~StubRoutines::call_stub
V  [libjvm.dylib+0x2ecf8a]  JavaCalls::call_helper(JavaValue*, methodHandle*, JavaCallArguments*, Thread*)+0x6ae
V  [libjvm.dylib+0x34d6c8]  JVM_DoPrivileged+0x4b8
J 518  java.security.AccessController.doPrivileged(Ljava/security/PrivilegedAction;Ljava/security/AccessControlContext;)Ljava/lang/Object; (0 bytes) @ 0x000000011fb20855 [0x000000011fb20780+0xd5]
J 695 C1 java.awt.EventQueue.dispatchEvent(Ljava/awt/AWTEvent;)V (80 bytes) @ 0x000000011fb86c2c [0x000000011fb86280+0x9ac]
J 698 C1 java.awt.EventDispatchThread.pumpOneEventForFilters(I)V (295 bytes) @ 0x000000011fb8a2bc [0x000000011fb88740+0x1b7c]
j  java.awt.EventDispatchThread.pumpEventsForFilter(ILjava/awt/Conditional;Ljava/awt/EventFilter;)V+35
j  java.awt.EventDispatchThread.pumpEventsForHierarchy(ILjava/awt/Conditional;Ljava/awt/Component;)V+11
j  java.awt.EventDispatchThread.pumpEvents(ILjava/awt/Conditional;)V+4
j  java.awt.EventDispatchThread.pumpEvents(Ljava/awt/Conditional;)V+3
j  java.awt.EventDispatchThread.run()V+9
v  ~StubRoutines::call_stub
V  [libjvm.dylib+0x2ecf8a]  JavaCalls::call_helper(JavaValue*, methodHandle*, JavaCallArguments*, Thread*)+0x6ae
V  [libjvm.dylib+0x2ed718]  JavaCalls::call_virtual(JavaValue*, KlassHandle, Symbol*, Symbol*, JavaCallArguments*, Thread*)+0x164
V  [libjvm.dylib+0x2ed8c4]  JavaCalls::call_virtual(JavaValue*, Handle, KlassHandle, Symbol*, Symbol*, Thread*)+0x4a
V  [libjvm.dylib+0x348039]  thread_entry(JavaThread*, Thread*)+0x7c
V  [libjvm.dylib+0x56a27b]  JavaThread::thread_main_inner()+0x9b
V  [libjvm.dylib+0x56b968]  JavaThread::run()+0x1c2
V  [libjvm.dylib+0x489b0a]  java_start(Thread*)+0xf6
C  [libsystem_pthread.dylib+0x3aab]  _pthread_body+0xb4
C  [libsystem_pthread.dylib+0x39f7]  _pthread_body+0x0
C  [libsystem_pthread.dylib+0x31fd]  thread_start+0xd
C  0x0000000000000000

Java frames: (J=compiled Java code, j=interpreted, Vv=VM code)
J 1559  com.google.ortools.constraintsolver.operations_research_constraint_solverJNI.PropagationBaseObject_toString(JLcom/google/ortools/constraintsolver/PropagationBaseObject;)Ljava/lang/String; (0 bytes) @ 0x000000011fe1e8d5 [0x000000011fe1e880+0x55]
J 2042 C2 javax.swing.table.DefaultTableCellRenderer.getTableCellRendererComponent(Ljavax/swing/JTable;Ljava/lang/Object;ZZII)Ljava/awt/Component; (351 bytes) @ 0x000000011ffbd654 [0x000000011ffbd300+0x354]
J 1990 C2 javax.swing.plaf.basic.BasicTableUI.paintCell(Ljava/awt/Graphics;Ljava/awt/Rectangle;II)V (114 bytes) @ 0x000000011ff8f9ac [0x000000011ff8f4e0+0x4cc]
J 1987 C1 javax.swing.plaf.basic.BasicTableUI.paintCells(Ljava/awt/Graphics;IIII)V (342 bytes) @ 0x000000011ff7a864 [0x000000011ff79fa0+0x8c4]
j  javax.swing.plaf.basic.BasicTableUI.paint(Ljava/awt/Graphics;Ljavax/swing/JComponent;)V+249
J 1859 C2 javax.swing.plaf.ComponentUI.update(Ljava/awt/Graphics;Ljavax/swing/JComponent;)V (36 bytes) @ 0x000000011ff22598 [0x000000011ff20f60+0x1638]
J 1996 C2 javax.swing.JComponent.paintComponent(Ljava/awt/Graphics;)V (44 bytes) @ 0x000000011ff86e40 [0x000000011ff86ba0+0x2a0]
J 1957 C2 javax.swing.JComponent.paint(Ljava/awt/Graphics;)V (409 bytes) @ 0x000000011ff7cc40 [0x000000011ff7c600+0x640]
j  javax.swing.JComponent.paintToOffscreen(Ljava/awt/Graphics;IIIIII)V+41
j  javax.swing.RepaintManager$PaintManager.paintDoubleBuffered(Ljavax/swing/JComponent;Ljava/awt/Image;Ljava/awt/Graphics;IIII)V+163
j  javax.swing.RepaintManager$PaintManager.paint(Ljavax/swing/JComponent;Ljavax/swing/JComponent;Ljava/awt/Graphics;IIII)Z+116
J 2029 C1 javax.swing.RepaintManager.paint(Ljavax/swing/JComponent;Ljavax/swing/JComponent;Ljava/awt/Graphics;IIII)V (93 bytes) @ 0x000000011ffaad54 [0x000000011ffaa860+0x4f4]
j  javax.swing.JComponent._paintImmediately(IIII)V+683
J 1984 C1 javax.swing.JComponent.paintImmediately(IIII)V (155 bytes) @ 0x000000011ff6c194 [0x000000011ff6b380+0xe14]
J 1977 C1 javax.swing.RepaintManager$4.run()Ljava/lang/Void; (278 bytes) @ 0x000000011ff61d4c [0x000000011ff616a0+0x6ac]
J 1976 C1 javax.swing.RepaintManager$4.run()Ljava/lang/Object; (5 bytes) @ 0x000000011ff55bcc [0x000000011ff55b40+0x8c]
v  ~StubRoutines::call_stub
J 518  java.security.AccessController.doPrivileged(Ljava/security/PrivilegedAction;Ljava/security/AccessControlContext;)Ljava/lang/Object; (0 bytes) @ 0x000000011fb207e3 [0x000000011fb20780+0x63]
J 526 C1 java.security.ProtectionDomain$JavaSecurityAccessImpl.doIntersectionPrivilege(Ljava/security/PrivilegedAction;Ljava/security/AccessControlContext;Ljava/security/AccessControlContext;)Ljava/lang/Object; (22 bytes) @ 0x000000011fb248dc [0x000000011fb24460+0x47c]
j  javax.swing.RepaintManager.paintDirtyRegions(Ljava/util/Map;)V+154
j  javax.swing.RepaintManager.paintDirtyRegions()V+46
j  javax.swing.RepaintManager.prePaintDirtyRegions()V+73
J 1991 C1 javax.swing.RepaintManager$ProcessingRunnable.run()V (41 bytes) @ 0x000000011ff6ed5c [0x000000011ff6eb00+0x25c]
J 766 C1 java.awt.event.InvocationEvent.dispatch()V (69 bytes) @ 0x000000011fbb63d4 [0x000000011fbb61c0+0x214]
J 753 C1 java.awt.EventQueue.dispatchEventImpl(Ljava/awt/AWTEvent;Ljava/lang/Object;)V (149 bytes) @ 0x000000011fbaddac [0x000000011fbac2c0+0x1aec]
J 757 C1 java.awt.EventQueue$3.run()Ljava/lang/Void; (60 bytes) @ 0x000000011fbb2254 [0x000000011fbb2040+0x214]
J 697 C1 java.awt.EventQueue$3.run()Ljava/lang/Object; (5 bytes) @ 0x000000011fb8c90c [0x000000011fb8c880+0x8c]
v  ~StubRoutines::call_stub
J 518  java.security.AccessController.doPrivileged(Ljava/security/PrivilegedAction;Ljava/security/AccessControlContext;)Ljava/lang/Object; (0 bytes) @ 0x000000011fb207e3 [0x000000011fb20780+0x63]
J 695 C1 java.awt.EventQueue.dispatchEvent(Ljava/awt/AWTEvent;)V (80 bytes) @ 0x000000011fb86c2c [0x000000011fb86280+0x9ac]
J 698 C1 java.awt.EventDispatchThread.pumpOneEventForFilters(I)V (295 bytes) @ 0x000000011fb8a2bc [0x000000011fb88740+0x1b7c]
j  java.awt.EventDispatchThread.pumpEventsForFilter(ILjava/awt/Conditional;Ljava/awt/EventFilter;)V+35
j  java.awt.EventDispatchThread.pumpEventsForHierarchy(ILjava/awt/Conditional;Ljava/awt/Component;)V+11
j  java.awt.EventDispatchThread.pumpEvents(ILjava/awt/Conditional;)V+4
j  java.awt.EventDispatchThread.pumpEvents(Ljava/awt/Conditional;)V+3
j  java.awt.EventDispatchThread.run()V+9
v  ~StubRoutines::call_stub

---------------  P R O C E S S  ---------------

Java Threads: ( => current thread )
  0x00007f924b69b800 JavaThread "TimerQueue" daemon [_thread_blocked, id=66411, stack(0x0000700005201000,0x0000700005301000)]
  0x00007f924aa61000 JavaThread "Java2D Disposer" daemon [_thread_blocked, id=55823, stack(0x0000700004f78000,0x0000700005078000)]
  0x00007f924b294800 JavaThread "Java2D Queue Flusher" daemon [_thread_blocked, id=56075, stack(0x0000700004e75000,0x0000700004f75000)]
  0x00007f924b287000 JavaThread "DestroyJavaVM" [_thread_blocked, id=7171, stack(0x0000700003cbc000,0x0000700003dbc000)]
=>0x00007f924b286000 JavaThread "AWT-EventQueue-0" [_thread_in_native, id=48435, stack(0x0000700004d72000,0x0000700004e72000)]
  0x00007f924b222800 JavaThread "AWT-Shutdown" [_thread_blocked, id=30495, stack(0x0000700004b69000,0x0000700004c69000)]
  0x00007f924b203000 JavaThread "AppKit Thread" daemon [_thread_in_native, id=775, stack(0x00007fff4f893000,0x00007fff50093000)]
  0x00007f924a84f000 JavaThread "Service Thread" daemon [_thread_blocked, id=18691, stack(0x00007000048e0000,0x00007000049e0000)]
  0x00007f924b805800 JavaThread "C1 CompilerThread2" daemon [_thread_blocked, id=18179, stack(0x00007000047dd000,0x00007000048dd000)]
  0x00007f924a84e800 JavaThread "C2 CompilerThread1" daemon [_thread_blocked, id=17667, stack(0x00007000046da000,0x00007000047da000)]
  0x00007f924a015800 JavaThread "C2 CompilerThread0" daemon [_thread_blocked, id=17155, stack(0x00007000045d7000,0x00007000046d7000)]
  0x00007f924b803800 JavaThread "Signal Dispatcher" daemon [_thread_blocked, id=16643, stack(0x00007000044d4000,0x00007000045d4000)]
  0x00007f924b03d800 JavaThread "Finalizer" daemon [_thread_blocked, id=12547, stack(0x00007000043d1000,0x00007000044d1000)]
  0x00007f924b037000 JavaThread "Reference Handler" daemon [_thread_blocked, id=12035, stack(0x00007000042ce000,0x00007000043ce000)]

Other Threads:
  0x00007f924b032800 VMThread [stack: 0x00007000041cb000,0x00007000042cb000] [id=11523]
  0x00007f924b00e000 WatcherThread [stack: 0x00007000049e3000,0x0000700004ae3000] [id=19203]

VM state:not at safepoint (normal execution)

VM Mutex/Monitor currently owned by a thread: None

Heap:
 PSYoungGen      total 54272K, used 5904K [0x0000000795580000, 0x0000000799f00000, 0x00000007c0000000)
  eden space 50688K, 4% used [0x0000000795580000,0x00000007957e45d8,0x0000000798700000)
  from space 3584K, 96% used [0x0000000799b80000,0x0000000799edfaa8,0x0000000799f00000)
  to   space 5120K, 0% used [0x0000000799500000,0x0000000799500000,0x0000000799a00000)
 ParOldGen       total 109568K, used 17464K [0x0000000740000000, 0x0000000746b00000, 0x0000000795580000)
  object space 109568K, 15% used [0x0000000740000000,0x000000074110e280,0x0000000746b00000)
 Metaspace       used 14989K, capacity 15242K, committed 15616K, reserved 1062912K
  class space    used 1850K, capacity 1951K, committed 2048K, reserved 1048576K

Card table byte_map: [0x00000001117a7000,0x0000000111ba8000] byte_map_base: 0x000000010dda7000

Marking Bits: (ParMarkBitMap*) 0x0000000110cefd20
 Begin Bits: [0x0000000111e53000, 0x0000000113e53000)
 End Bits:   [0x0000000113e53000, 0x0000000115e53000)

Polling page: 0x000000010fbf8000

CodeCache: size=245760Kb used=6913Kb max_used=6924Kb free=238846Kb
 bounds [0x000000011f8f4000, 0x000000011ffc4000, 0x000000012e8f4000]
 total_blobs=2704 nmethods=2049 adapters=567
 compilation: enabled

Compilation events (10 events):
Event: 19.234 Thread 0x00007f924a84e800 2044       4       sun.awt.AppContext::getSoftReferenceValue (59 bytes)
Event: 19.238 Thread 0x00007f924a84e800 nmethod 2044 0x000000011ffadc50 code [0x000000011ffadde0, 0x000000011ffae0c8]
Event: 19.240 Thread 0x00007f924a84e800 2045       4       javax.swing.SwingUtilities::computeIntersection (189 bytes)
Event: 19.242 Thread 0x00007f924a84e800 nmethod 2045 0x000000011ffad8d0 code [0x000000011ffada20, 0x000000011ffadb18]
Event: 19.254 Thread 0x00007f924b805800 2046       3       javax.swing.plaf.basic.BasicTableUI::paintGrid (299 bytes)
Event: 19.257 Thread 0x00007f924b805800 nmethod 2046 0x000000011ffb8710 code [0x000000011ffb89a0, 0x000000011ffb9eb8]
Event: 19.258 Thread 0x00007f924a015800 nmethod 2042 0x000000011ffbd010 code [0x000000011ffbd300, 0x000000011ffbe218]
Event: 19.263 Thread 0x00007f924a84e800 2047       4       java.util.ArrayList::add (29 bytes)
Event: 19.269 Thread 0x00007f924b805800 2048   !   3       java.lang.ref.Reference::tryHandlePending (115 bytes)
Event: 19.271 Thread 0x00007f924b805800 nmethod 2048 0x000000011ffb1fd0 code [0x000000011ffb2200, 0x000000011ffb2ec8]

GC Heap History (6 events):
Event: 0.718 GC heap before
{Heap before GC invocations=1 (full 0):
 PSYoungGen      total 38400K, used 33280K [0x0000000795580000, 0x0000000798000000, 0x00000007c0000000)
  eden space 33280K, 100% used [0x0000000795580000,0x0000000797600000,0x0000000797600000)
  from space 5120K, 0% used [0x0000000797b00000,0x0000000797b00000,0x0000000798000000)
  to   space 5120K, 0% used [0x0000000797600000,0x0000000797600000,0x0000000797b00000)
 ParOldGen       total 87552K, used 0K [0x0000000740000000, 0x0000000745580000, 0x0000000795580000)
  object space 87552K, 0% used [0x0000000740000000,0x0000000740000000,0x0000000745580000)
 Metaspace       used 8789K, capacity 8962K, committed 9088K, reserved 1056768K
  class space    used 1065K, capacity 1151K, committed 1152K, reserved 1048576K
Event: 0.745 GC heap after
Heap after GC invocations=1 (full 0):
 PSYoungGen      total 38400K, used 1552K [0x0000000795580000, 0x000000079a080000, 0x00000007c0000000)
  eden space 33280K, 0% used [0x0000000795580000,0x0000000795580000,0x0000000797600000)
  from space 5120K, 30% used [0x0000000797600000,0x0000000797784010,0x0000000797b00000)
  to   space 5120K, 0% used [0x0000000799b80000,0x0000000799b80000,0x000000079a080000)
 ParOldGen       total 87552K, used 48008K [0x0000000740000000, 0x0000000745580000, 0x0000000795580000)
  object space 87552K, 54% used [0x0000000740000000,0x0000000742ee2030,0x0000000745580000)
 Metaspace       used 8789K, capacity 8962K, committed 9088K, reserved 1056768K
  class space    used 1065K, capacity 1151K, committed 1152K, reserved 1048576K
}
Event: 0.745 GC heap before
{Heap before GC invocations=2 (full 1):
 PSYoungGen      total 38400K, used 1552K [0x0000000795580000, 0x000000079a080000, 0x00000007c0000000)
  eden space 33280K, 0% used [0x0000000795580000,0x0000000795580000,0x0000000797600000)
  from space 5120K, 30% used [0x0000000797600000,0x0000000797784010,0x0000000797b00000)
  to   space 5120K, 0% used [0x0000000799b80000,0x0000000799b80000,0x000000079a080000)
 ParOldGen       total 87552K, used 48008K [0x0000000740000000, 0x0000000745580000, 0x0000000795580000)
  object space 87552K, 54% used [0x0000000740000000,0x0000000742ee2030,0x0000000745580000)
 Metaspace       used 8789K, capacity 8962K, committed 9088K, reserved 1056768K
  class space    used 1065K, capacity 1151K, committed 1152K, reserved 1048576K
Event: 0.757 GC heap after
Heap after GC invocations=2 (full 1):
 PSYoungGen      total 38400K, used 0K [0x0000000795580000, 0x000000079a080000, 0x00000007c0000000)
  eden space 33280K, 0% used [0x0000000795580000,0x0000000795580000,0x0000000797600000)
  from space 5120K, 0% used [0x0000000797600000,0x0000000797600000,0x0000000797b00000)
  to   space 5120K, 0% used [0x0000000799b80000,0x0000000799b80000,0x000000079a080000)
 ParOldGen       total 109568K, used 17456K [0x0000000740000000, 0x0000000746b00000, 0x0000000795580000)
  object space 109568K, 15% used [0x0000000740000000,0x000000074110c280,0x0000000746b00000)
 Metaspace       used 8789K, capacity 8962K, committed 9088K, reserved 1056768K
  class space    used 1065K, capacity 1151K, committed 1152K, reserved 1048576K
}
Event: 19.264 GC heap before
{Heap before GC invocations=3 (full 1):
 PSYoungGen      total 38400K, used 33280K [0x0000000795580000, 0x000000079a080000, 0x00000007c0000000)
  eden space 33280K, 100% used [0x0000000795580000,0x0000000797600000,0x0000000797600000)
  from space 5120K, 0% used [0x0000000797600000,0x0000000797600000,0x0000000797b00000)
  to   space 5120K, 0% used [0x0000000799b80000,0x0000000799b80000,0x000000079a080000)
 ParOldGen       total 109568K, used 17456K [0x0000000740000000, 0x0000000746b00000, 0x0000000795580000)
  object space 109568K, 15% used [0x0000000740000000,0x000000074110c280,0x0000000746b00000)
 Metaspace       used 14987K, capacity 15242K, committed 15616K, reserved 1062912K
  class space    used 1850K, capacity 1951K, committed 2048K, reserved 1048576K
Event: 19.269 GC heap after
Heap after GC invocations=3 (full 1):
 PSYoungGen      total 54272K, used 3454K [0x0000000795580000, 0x0000000799f00000, 0x00000007c0000000)
  eden space 50688K, 0% used [0x0000000795580000,0x0000000795580000,0x0000000798700000)
  from space 3584K, 96% used [0x0000000799b80000,0x0000000799edfaa8,0x0000000799f00000)
  to   space 5120K, 0% used [0x0000000799500000,0x0000000799500000,0x0000000799a00000)
 ParOldGen       total 109568K, used 17464K [0x0000000740000000, 0x0000000746b00000, 0x0000000795580000)
  object space 109568K, 15% used [0x0000000740000000,0x000000074110e280,0x0000000746b00000)
 Metaspace       used 14987K, capacity 15242K, committed 15616K, reserved 1062912K
  class space    used 1850K, capacity 1951K, committed 2048K, reserved 1048576K
}

Deoptimization events (10 events):
Event: 3.679 Thread 0x00007f924b286000 Uncommon trap: reason=bimorphic action=maybe_recompile pc=0x000000011fb69db8 method=java.util.HashMap.getNode(ILjava/lang/Object;)Ljava/util/HashMap$Node; @ 126
Event: 3.680 Thread 0x00007f924b286000 Uncommon trap: reason=bimorphic action=maybe_recompile pc=0x000000011fb69db8 method=java.util.HashMap.getNode(ILjava/lang/Object;)Ljava/util/HashMap$Node; @ 126
Event: 4.882 Thread 0x00007f924b286000 Uncommon trap: reason=class_check action=maybe_recompile pc=0x000000011fa61d9c method=java.lang.String.equals(Ljava/lang/Object;)Z @ 8
Event: 5.067 Thread 0x00007f924b286000 Uncommon trap: reason=class_check action=maybe_recompile pc=0x000000011fa61d9c method=java.lang.String.equals(Ljava/lang/Object;)Z @ 8
Event: 5.627 Thread 0x00007f924b286000 Uncommon trap: reason=class_check action=maybe_recompile pc=0x000000011fa61d9c method=java.lang.String.equals(Ljava/lang/Object;)Z @ 8
Event: 5.676 Thread 0x00007f924b286000 Uncommon trap: reason=class_check action=maybe_recompile pc=0x000000011fa61d9c method=java.lang.String.equals(Ljava/lang/Object;)Z @ 8
Event: 9.612 Thread 0x00007f924b286000 Uncommon trap: reason=unstable_if action=reinterpret pc=0x000000011fae729c method=java.lang.String.toLowerCase(Ljava/util/Locale;)Ljava/lang/String; @ 22
Event: 9.643 Thread 0x00007f924b286000 Uncommon trap: reason=bimorphic action=maybe_recompile pc=0x000000011fcfa998 method=javax.swing.UIDefaults.getFromHashtable(Ljava/lang/Object;)Ljava/lang/Object; @ 126
Event: 9.669 Thread 0x00007f924b286000 Uncommon trap: reason=bimorphic action=maybe_recompile pc=0x000000011fcfa998 method=javax.swing.UIDefaults.getFromHashtable(Ljava/lang/Object;)Ljava/lang/Object; @ 126
Event: 9.815 Thread 0x00007f924b286000 Uncommon trap: reason=unstable_if action=reinterpret pc=0x000000011fc45128 method=java.awt.Container.findComponentAtImpl(IIZ)Ljava/awt/Component; @ 24

Internal exceptions (10 events):
Event: 0.115 Thread 0x00007f924a006800 Exception <a 'java/security/PrivilegedActionException'> (0x000000079560efc0) thrown at [/Users/java_re/workspace/8-2-build-macosx-x86_64/jdk8u111/7883/hotspot/src/share/vm/prims/jvm.cpp, line 1386]
Event: 0.115 Thread 0x00007f924a006800 Exception <a 'java/security/PrivilegedActionException'> (0x000000079560f1d0) thrown at [/Users/java_re/workspace/8-2-build-macosx-x86_64/jdk8u111/7883/hotspot/src/share/vm/prims/jvm.cpp, line 1386]
Event: 0.116 Thread 0x00007f924a006800 Exception <a 'java/security/PrivilegedActionException'> (0x00000007956124d8) thrown at [/Users/java_re/workspace/8-2-build-macosx-x86_64/jdk8u111/7883/hotspot/src/share/vm/prims/jvm.cpp, line 1386]
Event: 0.116 Thread 0x00007f924a006800 Exception <a 'java/security/PrivilegedActionException'> (0x00000007956126e8) thrown at [/Users/java_re/workspace/8-2-build-macosx-x86_64/jdk8u111/7883/hotspot/src/share/vm/prims/jvm.cpp, line 1386]
Event: 0.164 Thread 0x00007f924a006800 Exception <a 'java/lang/NoSuchFieldError': method resolution failed> (0x00000007957949b0) thrown at [/Users/java_re/workspace/8-2-build-macosx-x86_64/jdk8u111/7883/hotspot/src/share/vm/prims/methodHandles.cpp, line 1146]
Event: 0.166 Thread 0x00007f924a006800 Exception <a 'java/lang/NoSuchFieldError': method resolution failed> (0x00000007957a2180) thrown at [/Users/java_re/workspace/8-2-build-macosx-x86_64/jdk8u111/7883/hotspot/src/share/vm/prims/methodHandles.cpp, line 1146]
Event: 0.356 Thread 0x00007f924a006800 Exception <a 'java/io/FileNotFoundException'> (0x000000079581cce8) thrown at [/Users/java_re/workspace/8-2-build-macosx-x86_64/jdk8u111/7883/hotspot/src/share/vm/prims/jni.cpp, line 709]
Event: 0.356 Thread 0x00007f924a006800 Exception <a 'java/io/FileNotFoundException'> (0x000000079581d868) thrown at [/Users/java_re/workspace/8-2-build-macosx-x86_64/jdk8u111/7883/hotspot/src/share/vm/prims/jni.cpp, line 709]
Event: 0.609 Thread 0x00007f924b286000 Exception <a 'java/io/FileNotFoundException'> (0x0000000795b756d0) thrown at [/Users/java_re/workspace/8-2-build-macosx-x86_64/jdk8u111/7883/hotspot/src/share/vm/prims/jni.cpp, line 709]
Event: 0.758 Thread 0x00007f924b03d800 Exception <a 'java/lang/NullPointerException'> (0x000000079561b1a0) thrown at [/Users/java_re/workspace/8-2-build-macosx-x86_64/jdk8u111/7883/hotspot/src/share/vm/interpreter/linkResolver.cpp, line 1178]

Events (10 events):
Event: 19.272 Executing VM operation: RevokeBias
Event: 19.272 Executing VM operation: RevokeBias done
Event: 19.272 Executing VM operation: RevokeBias
Event: 19.272 Executing VM operation: RevokeBias done
Event: 19.272 Executing VM operation: RevokeBias
Event: 19.272 Executing VM operation: RevokeBias done
Event: 19.273 Executing VM operation: RevokeBias
Event: 19.273 Executing VM operation: RevokeBias done
Event: 19.273 Executing VM operation: RevokeBias
Event: 19.273 Executing VM operation: RevokeBias done


Dynamic libraries:
0x0000000030fe4000 	/System/Library/Frameworks/Cocoa.framework/Versions/A/Cocoa
0x0000000030fe4000 	/System/Library/Frameworks/Security.framework/Versions/A/Security
0x0000000030fe4000 	/System/Library/Frameworks/ApplicationServices.framework/Versions/A/ApplicationServices
0x0000000030fe4000 	/usr/lib/libz.1.dylib
0x0000000030fe4000 	/usr/lib/libSystem.B.dylib
0x0000000030fe4000 	/usr/lib/libobjc.A.dylib
0x0000000030fe4000 	/System/Library/Frameworks/CoreFoundation.framework/Versions/A/CoreFoundation
0x0000000030fe4000 	/System/Library/Frameworks/Foundation.framework/Versions/C/Foundation
0x0000000030fe4000 	/System/Library/Frameworks/AppKit.framework/Versions/C/AppKit
0x0000000030fe4000 	/System/Library/Frameworks/CoreData.framework/Versions/A/CoreData
0x0000000030fe4000 	/System/Library/PrivateFrameworks/RemoteViewServices.framework/Versions/A/RemoteViewServices
0x0000000030fe4000 	/System/Library/PrivateFrameworks/UIFoundation.framework/Versions/A/UIFoundation
0x0000000030fe4000 	/System/Library/PrivateFrameworks/DFRFoundation.framework/Versions/A/DFRFoundation
0x0000000030fe4000 	/usr/lib/libenergytrace.dylib
0x0000000030fe4000 	/System/Library/PrivateFrameworks/SkyLight.framework/Versions/A/SkyLight
0x0000000030fe4000 	/System/Library/Frameworks/CoreGraphics.framework/Versions/A/CoreGraphics
0x0000000030fe4000 	/usr/lib/libScreenReader.dylib
0x0000000030fe4000 	/System/Library/Frameworks/Accelerate.framework/Versions/A/Accelerate
0x0000000030fe4000 	/System/Library/Frameworks/IOSurface.framework/Versions/A/IOSurface
0x0000000030fe4000 	/System/Library/Frameworks/AudioToolbox.framework/Versions/A/AudioToolbox
0x0000000030fe4000 	/System/Library/Frameworks/AudioUnit.framework/Versions/A/AudioUnit
0x0000000030fe4000 	/System/Library/PrivateFrameworks/DataDetectorsCore.framework/Versions/A/DataDetectorsCore
0x0000000030fe4000 	/System/Library/PrivateFrameworks/DesktopServicesPriv.framework/Versions/A/DesktopServicesPriv
0x0000000030fe4000 	/System/Library/Frameworks/Carbon.framework/Versions/A/Frameworks/HIToolbox.framework/Versions/A/HIToolbox
0x0000000030fe4000 	/usr/lib/libicucore.A.dylib
0x0000000030fe4000 	/System/Library/Frameworks/QuartzCore.framework/Versions/A/QuartzCore
0x0000000030fe4000 	/System/Library/Frameworks/Carbon.framework/Versions/A/Frameworks/SpeechRecognition.framework/Versions/A/SpeechRecognition
0x0000000030fe4000 	/usr/lib/libauto.dylib
0x0000000030fe4000 	/usr/lib/libxml2.2.dylib
0x0000000030fe4000 	/System/Library/PrivateFrameworks/CoreUI.framework/Versions/A/CoreUI
0x0000000030fe4000 	/System/Library/Frameworks/CoreAudio.framework/Versions/A/CoreAudio
0x0000000030fe4000 	/System/Library/Frameworks/DiskArbitration.framework/Versions/A/DiskArbitration
0x0000000030fe4000 	/usr/lib/liblangid.dylib
0x0000000030fe4000 	/System/Library/PrivateFrameworks/MultitouchSupport.framework/Versions/A/MultitouchSupport
0x0000000030fe4000 	/System/Library/Frameworks/IOKit.framework/Versions/A/IOKit
0x0000000030fe4000 	/usr/lib/libDiagnosticMessagesClient.dylib
0x0000000030fe4000 	/System/Library/Frameworks/CoreServices.framework/Versions/A/CoreServices
0x0000000030fe4000 	/System/Library/PrivateFrameworks/PerformanceAnalysis.framework/Versions/A/PerformanceAnalysis
0x0000000030fe4000 	/System/Library/PrivateFrameworks/GenerationalStorage.framework/Versions/A/GenerationalStorage
0x0000000030fe4000 	/System/Library/Frameworks/OpenGL.framework/Versions/A/OpenGL
0x0000000030fe4000 	/System/Library/Frameworks/CoreImage.framework/Versions/A/CoreImage
0x0000000030fe4000 	/System/Library/Frameworks/CoreText.framework/Versions/A/CoreText
0x0000000030fe4000 	/System/Library/Frameworks/ImageIO.framework/Versions/A/ImageIO
0x0000000030fe4000 	/System/Library/PrivateFrameworks/Backup.framework/Versions/A/Backup
0x0000000030fe4000 	/usr/lib/libarchive.2.dylib
0x0000000030fe4000 	/System/Library/Frameworks/CFNetwork.framework/Versions/A/CFNetwork
0x0000000030fe4000 	/System/Library/Frameworks/SystemConfiguration.framework/Versions/A/SystemConfiguration
0x0000000030fe4000 	/usr/lib/libCRFSuite.dylib
0x0000000030fe4000 	/usr/lib/libc++.1.dylib
0x0000000030fe4000 	/usr/lib/libc++abi.dylib
0x0000000030fe4000 	/usr/lib/system/libcache.dylib
0x0000000030fe4000 	/usr/lib/system/libcommonCrypto.dylib
0x0000000030fe4000 	/usr/lib/system/libcompiler_rt.dylib
0x0000000030fe4000 	/usr/lib/system/libcopyfile.dylib
0x0000000030fe4000 	/usr/lib/system/libcorecrypto.dylib
0x0000000030fe4000 	/usr/lib/system/libdispatch.dylib
0x0000000030fe4000 	/usr/lib/system/libdyld.dylib
0x0000000030fe4000 	/usr/lib/system/libkeymgr.dylib
0x0000000030fe4000 	/usr/lib/system/liblaunch.dylib
0x0000000030fe4000 	/usr/lib/system/libmacho.dylib
0x0000000030fe4000 	/usr/lib/system/libquarantine.dylib
0x0000000030fe4000 	/usr/lib/system/libremovefile.dylib
0x0000000030fe4000 	/usr/lib/system/libsystem_asl.dylib
0x0000000030fe4000 	/usr/lib/system/libsystem_blocks.dylib
0x0000000030fe4000 	/usr/lib/system/libsystem_c.dylib
0x0000000030fe4000 	/usr/lib/system/libsystem_configuration.dylib
0x0000000030fe4000 	/usr/lib/system/libsystem_coreservices.dylib
0x0000000030fe4000 	/usr/lib/system/libsystem_coretls.dylib
0x0000000030fe4000 	/usr/lib/system/libsystem_dnssd.dylib
0x0000000030fe4000 	/usr/lib/system/libsystem_info.dylib
0x0000000030fe4000 	/usr/lib/system/libsystem_kernel.dylib
0x0000000030fe4000 	/usr/lib/system/libsystem_m.dylib
0x0000000030fe4000 	/usr/lib/system/libsystem_malloc.dylib
0x0000000030fe4000 	/usr/lib/system/libsystem_network.dylib
0x0000000030fe4000 	/usr/lib/system/libsystem_networkextension.dylib
0x0000000030fe4000 	/usr/lib/system/libsystem_notify.dylib
0x0000000030fe4000 	/usr/lib/system/libsystem_platform.dylib
0x0000000030fe4000 	/usr/lib/system/libsystem_pthread.dylib
0x0000000030fe4000 	/usr/lib/system/libsystem_sandbox.dylib
0x0000000030fe4000 	/usr/lib/system/libsystem_secinit.dylib
0x0000000030fe4000 	/usr/lib/system/libsystem_symptoms.dylib
0x0000000030fe4000 	/usr/lib/system/libsystem_trace.dylib
0x0000000030fe4000 	/usr/lib/system/libunwind.dylib
0x0000000030fe4000 	/usr/lib/system/libxpc.dylib
0x0000000030fe4000 	/usr/lib/libbsm.0.dylib
0x0000000030fe4000 	/usr/lib/system/libkxld.dylib
0x0000000030fe4000 	/usr/lib/libcoretls.dylib
0x0000000030fe4000 	/usr/lib/libcoretls_cfhelpers.dylib
0x0000000030fe4000 	/usr/lib/libxar.1.dylib
0x0000000030fe4000 	/usr/lib/libsqlite3.dylib
0x0000000030fe4000 	/usr/lib/libpam.2.dylib
0x0000000030fe4000 	/usr/lib/libOpenScriptingUtil.dylib
0x0000000030fe4000 	/usr/lib/libbz2.1.0.dylib
0x0000000030fe4000 	/usr/lib/liblzma.5.dylib
0x0000000030fe4000 	/usr/lib/libnetwork.dylib
0x0000000030fe4000 	/usr/lib/libpcap.A.dylib
0x0000000030fe4000 	/System/Library/Frameworks/CoreServices.framework/Versions/A/Frameworks/FSEvents.framework/Versions/A/FSEvents
0x0000000030fe4000 	/System/Library/Frameworks/CoreServices.framework/Versions/A/Frameworks/CarbonCore.framework/Versions/A/CarbonCore
0x0000000030fe4000 	/System/Library/Frameworks/CoreServices.framework/Versions/A/Frameworks/Metadata.framework/Versions/A/Metadata
0x0000000030fe4000 	/System/Library/Frameworks/CoreServices.framework/Versions/A/Frameworks/OSServices.framework/Versions/A/OSServices
0x0000000030fe4000 	/System/Library/Frameworks/CoreServices.framework/Versions/A/Frameworks/SearchKit.framework/Versions/A/SearchKit
0x0000000030fe4000 	/System/Library/Frameworks/CoreServices.framework/Versions/A/Frameworks/AE.framework/Versions/A/AE
0x0000000030fe4000 	/System/Library/Frameworks/CoreServices.framework/Versions/A/Frameworks/LaunchServices.framework/Versions/A/LaunchServices
0x0000000030fe4000 	/System/Library/Frameworks/CoreServices.framework/Versions/A/Frameworks/DictionaryServices.framework/Versions/A/DictionaryServices
0x0000000030fe4000 	/System/Library/Frameworks/CoreServices.framework/Versions/A/Frameworks/SharedFileList.framework/Versions/A/SharedFileList
0x0000000030fe4000 	/System/Library/Frameworks/NetFS.framework/Versions/A/NetFS
0x0000000030fe4000 	/System/Library/PrivateFrameworks/NetAuth.framework/Versions/A/NetAuth
0x0000000030fe4000 	/System/Library/PrivateFrameworks/login.framework/Versions/A/Frameworks/loginsupport.framework/Versions/A/loginsupport
0x0000000030fe4000 	/System/Library/PrivateFrameworks/TCC.framework/Versions/A/TCC
0x0000000030fe4000 	/usr/lib/libmecabra.dylib
0x0000000030fe4000 	/System/Library/Frameworks/ApplicationServices.framework/Versions/A/Frameworks/ATS.framework/Versions/A/ATS
0x0000000030fe4000 	/System/Library/Frameworks/ApplicationServices.framework/Versions/A/Frameworks/ColorSync.framework/Versions/A/ColorSync
0x0000000030fe4000 	/System/Library/Frameworks/ApplicationServices.framework/Versions/A/Frameworks/HIServices.framework/Versions/A/HIServices
0x0000000030fe4000 	/System/Library/Frameworks/ApplicationServices.framework/Versions/A/Frameworks/LangAnalysis.framework/Versions/A/LangAnalysis
0x0000000030fe4000 	/System/Library/Frameworks/ApplicationServices.framework/Versions/A/Frameworks/PrintCore.framework/Versions/A/PrintCore
0x0000000030fe4000 	/System/Library/Frameworks/ApplicationServices.framework/Versions/A/Frameworks/QD.framework/Versions/A/QD
0x0000000030fe4000 	/System/Library/Frameworks/ApplicationServices.framework/Versions/A/Frameworks/SpeechSynthesis.framework/Versions/A/SpeechSynthesis
0x0000000030fe4000 	/System/Library/Frameworks/Accelerate.framework/Versions/A/Frameworks/vImage.framework/Versions/A/vImage
0x0000000030fe4000 	/System/Library/Frameworks/Accelerate.framework/Versions/A/Frameworks/vecLib.framework/Versions/A/vecLib
0x0000000030fe4000 	/System/Library/Frameworks/Accelerate.framework/Versions/A/Frameworks/vecLib.framework/Versions/A/libvDSP.dylib
0x0000000030fe4000 	/System/Library/Frameworks/Accelerate.framework/Versions/A/Frameworks/vecLib.framework/Versions/A/libBNNS.dylib
0x0000000030fe4000 	/System/Library/Frameworks/Accelerate.framework/Versions/A/Frameworks/vecLib.framework/Versions/A/libQuadrature.dylib
0x0000000030fe4000 	/System/Library/Frameworks/Accelerate.framework/Versions/A/Frameworks/vecLib.framework/Versions/A/libvMisc.dylib
0x0000000030fe4000 	/System/Library/Frameworks/Accelerate.framework/Versions/A/Frameworks/vecLib.framework/Versions/A/libLAPACK.dylib
0x0000000030fe4000 	/System/Library/Frameworks/Accelerate.framework/Versions/A/Frameworks/vecLib.framework/Versions/A/libBLAS.dylib
0x0000000030fe4000 	/System/Library/Frameworks/Accelerate.framework/Versions/A/Frameworks/vecLib.framework/Versions/A/libLinearAlgebra.dylib
0x0000000030fe4000 	/System/Library/Frameworks/Accelerate.framework/Versions/A/Frameworks/vecLib.framework/Versions/A/libSparseBLAS.dylib
0x0000000030fe4000 	/System/Library/Frameworks/ApplicationServices.framework/Versions/A/Frameworks/ATS.framework/Versions/A/Resources/libFontParser.dylib
0x0000000030fe4000 	/System/Library/Frameworks/ApplicationServices.framework/Versions/A/Frameworks/ATS.framework/Versions/A/Resources/libFontRegistry.dylib
0x0000000030fe4000 	/System/Library/Frameworks/ImageIO.framework/Versions/A/Resources/libJPEG.dylib
0x0000000030fe4000 	/System/Library/Frameworks/ImageIO.framework/Versions/A/Resources/libTIFF.dylib
0x0000000030fe4000 	/System/Library/Frameworks/ImageIO.framework/Versions/A/Resources/libPng.dylib
0x0000000030fe4000 	/System/Library/Frameworks/ImageIO.framework/Versions/A/Resources/libGIF.dylib
0x0000000030fe4000 	/System/Library/Frameworks/ImageIO.framework/Versions/A/Resources/libJP2.dylib
0x0000000030fe4000 	/System/Library/Frameworks/ImageIO.framework/Versions/A/Resources/libRadiance.dylib
0x0000000030fe4000 	/usr/lib/libcompression.dylib
0x0000000030fe4000 	/System/Library/PrivateFrameworks/AppleJPEG.framework/Versions/A/AppleJPEG
0x0000000030fe4000 	/usr/lib/libcups.2.dylib
0x0000000030fe4000 	/System/Library/Frameworks/Kerberos.framework/Versions/A/Kerberos
0x0000000030fe4000 	/System/Library/Frameworks/GSS.framework/Versions/A/GSS
0x0000000030fe4000 	/usr/lib/libresolv.9.dylib
0x0000000030fe4000 	/usr/lib/libiconv.2.dylib
0x0000000030fe4000 	/System/Library/PrivateFrameworks/Heimdal.framework/Versions/A/Heimdal
0x0000000030fe4000 	/usr/lib/libheimdal-asn1.dylib
0x0000000030fe4000 	/System/Library/Frameworks/OpenDirectory.framework/Versions/A/OpenDirectory
0x0000000030fe4000 	/System/Library/PrivateFrameworks/CommonAuth.framework/Versions/A/CommonAuth
0x0000000030fe4000 	/System/Library/Frameworks/OpenDirectory.framework/Versions/A/Frameworks/CFOpenDirectory.framework/Versions/A/CFOpenDirectory
0x0000000030fe4000 	/System/Library/Frameworks/SecurityFoundation.framework/Versions/A/SecurityFoundation
0x0000000030fe4000 	/System/Library/PrivateFrameworks/LanguageModeling.framework/Versions/A/LanguageModeling
0x0000000030fe4000 	/usr/lib/libmarisa.dylib
0x0000000030fe4000 	/usr/lib/libChineseTokenizer.dylib
0x0000000030fe4000 	/usr/lib/libcmph.dylib
0x0000000030fe4000 	/System/Library/PrivateFrameworks/CoreEmoji.framework/Versions/A/CoreEmoji
0x0000000030fe4000 	/System/Library/Frameworks/ServiceManagement.framework/Versions/A/ServiceManagement
0x0000000030fe4000 	/usr/lib/libxslt.1.dylib
0x0000000030fe4000 	/System/Library/Frameworks/Carbon.framework/Versions/A/Frameworks/Ink.framework/Versions/A/Ink
0x0000000030fe4000 	/System/Library/PrivateFrameworks/TextureIO.framework/Versions/A/TextureIO
0x0000000030fe4000 	/System/Library/Frameworks/Metal.framework/Versions/A/Metal
0x0000000030fe4000 	/usr/lib/libate.dylib
0x0000000030fe4000 	/System/Library/PrivateFrameworks/GPUCompiler.framework/libmetal_timestamp.dylib
0x0000000030fe4000 	/System/Library/Frameworks/OpenGL.framework/Versions/A/Libraries/libCoreFSCache.dylib
0x0000000030fe4000 	/System/Library/PrivateFrameworks/IOAccelerator.framework/Versions/A/IOAccelerator
0x0000000030fe4000 	/System/Library/Frameworks/CoreVideo.framework/Versions/A/CoreVideo
0x0000000030fe4000 	/usr/lib/libFosl_dynamic.dylib
0x0000000030fe4000 	/System/Library/PrivateFrameworks/MetalPerformanceShaders.framework/Versions/A/MetalPerformanceShaders
0x0000000030fe4000 	/System/Library/PrivateFrameworks/FaceCore.framework/Versions/A/FaceCore
0x0000000030fe4000 	/System/Library/Frameworks/OpenCL.framework/Versions/A/OpenCL
0x0000000030fe4000 	/System/Library/Frameworks/OpenGL.framework/Versions/A/Libraries/libGLU.dylib
0x0000000030fe4000 	/System/Library/Frameworks/OpenGL.framework/Versions/A/Libraries/libGFXShared.dylib
0x0000000030fe4000 	/System/Library/Frameworks/OpenGL.framework/Versions/A/Libraries/libGL.dylib
0x0000000030fe4000 	/System/Library/Frameworks/OpenGL.framework/Versions/A/Libraries/libGLImage.dylib
0x0000000030fe4000 	/System/Library/Frameworks/OpenGL.framework/Versions/A/Libraries/libCVMSPluginSupport.dylib
0x0000000030fe4000 	/System/Library/Frameworks/OpenGL.framework/Versions/A/Libraries/libCoreVMClient.dylib
0x0000000030fe4000 	/System/Library/PrivateFrameworks/CrashReporterSupport.framework/Versions/A/CrashReporterSupport
0x0000000030fe4000 	/System/Library/PrivateFrameworks/Sharing.framework/Versions/A/Sharing
0x0000000030fe4000 	/System/Library/PrivateFrameworks/IconServices.framework/Versions/A/IconServices
0x0000000030fe4000 	/System/Library/PrivateFrameworks/ProtocolBuffer.framework/Versions/A/ProtocolBuffer
0x0000000030fe4000 	/System/Library/PrivateFrameworks/Apple80211.framework/Versions/A/Apple80211
0x0000000030fe4000 	/System/Library/Frameworks/CoreWLAN.framework/Versions/A/CoreWLAN
0x0000000030fe4000 	/System/Library/PrivateFrameworks/CoreUtils.framework/Versions/A/CoreUtils
0x0000000030fe4000 	/System/Library/Frameworks/IOBluetooth.framework/Versions/A/IOBluetooth
0x0000000030fe4000 	/System/Library/PrivateFrameworks/CoreWiFi.framework/Versions/A/CoreWiFi
0x0000000030fe4000 	/System/Library/Frameworks/CoreBluetooth.framework/Versions/A/CoreBluetooth
0x0000000030fe4000 	/System/Library/Frameworks/CoreDisplay.framework/Versions/A/CoreDisplay
0x0000000030fe4000 	/System/Library/PrivateFrameworks/IOPresentment.framework/Versions/A/IOPresentment
0x0000000030fe4000 	/System/Library/PrivateFrameworks/DebugSymbols.framework/Versions/A/DebugSymbols
0x0000000030fe4000 	/System/Library/PrivateFrameworks/CoreSymbolication.framework/Versions/A/CoreSymbolication
0x0000000030fe4000 	/System/Library/PrivateFrameworks/Symbolication.framework/Versions/A/Symbolication
0x0000000030fe4000 	/System/Library/PrivateFrameworks/AppleFSCompression.framework/Versions/A/AppleFSCompression
0x0000000030fe4000 	/System/Library/PrivateFrameworks/SpeechRecognitionCore.framework/Versions/A/SpeechRecognitionCore
0x0000000030fe4000 	/System/Library/PrivateFrameworks/ChunkingLibrary.framework/Versions/A/ChunkingLibrary
0x0000000110400000 	/Library/Java/JavaVirtualMachines/jdk1.8.0_111.jdk/Contents/Home/jre/lib/server/libjvm.dylib
0x0000000030fe4000 	/usr/lib/libstdc++.6.dylib
0x000000010fbea000 	/Library/Java/JavaVirtualMachines/jdk1.8.0_111.jdk/Contents/Home/jre/lib/libverify.dylib
0x00000001113a1000 	/Library/Java/JavaVirtualMachines/jdk1.8.0_111.jdk/Contents/Home/jre/lib/libjava.dylib
0x00000001113de000 	/Library/Java/JavaVirtualMachines/jdk1.8.0_111.jdk/Contents/Home/jre/lib/libzip.dylib
0x0000000117d4a000 	/System/Library/Frameworks/JavaVM.framework/Frameworks/JavaRuntimeSupport.framework/JavaRuntimeSupport
0x0000000117d64000 	/System/Library/Frameworks/JavaVM.framework/Versions/A/Frameworks/JavaNativeFoundation.framework/Versions/A/JavaNativeFoundation
0x0000000117d79000 	/System/Library/Frameworks/JavaVM.framework/Versions/A/JavaVM
0x0000000030fe4000 	/System/Library/Frameworks/Carbon.framework/Versions/A/Carbon
0x0000000117d86000 	/System/Library/PrivateFrameworks/JavaLaunching.framework/Versions/A/JavaLaunching
0x0000000030fe4000 	/System/Library/Frameworks/Carbon.framework/Versions/A/Frameworks/CommonPanels.framework/Versions/A/CommonPanels
0x0000000030fe4000 	/System/Library/Frameworks/Carbon.framework/Versions/A/Frameworks/Help.framework/Versions/A/Help
0x0000000030fe4000 	/System/Library/Frameworks/Carbon.framework/Versions/A/Frameworks/ImageCapture.framework/Versions/A/ImageCapture
0x0000000030fe4000 	/System/Library/Frameworks/Carbon.framework/Versions/A/Frameworks/OpenScripting.framework/Versions/A/OpenScripting
0x0000000030fe4000 	/System/Library/Frameworks/Carbon.framework/Versions/A/Frameworks/Print.framework/Versions/A/Print
0x0000000030fe4000 	/System/Library/Frameworks/Carbon.framework/Versions/A/Frameworks/SecurityHI.framework/Versions/A/SecurityHI
0x00000001196a9000 	/Library/Java/JavaVirtualMachines/jdk1.8.0_111.jdk/Contents/Home/jre/lib/libawt.dylib
0x0000000119751000 	/Library/Java/JavaVirtualMachines/jdk1.8.0_111.jdk/Contents/Home/jre/lib/./libmlib_image.dylib
0x000000011981d000 	/Library/Java/JavaVirtualMachines/jdk1.8.0_111.jdk/Contents/Home/jre/lib/libawt_lwawt.dylib
0x00000001198d2000 	/Library/Java/JavaVirtualMachines/jdk1.8.0_111.jdk/Contents/Home/jre/lib/./libosxapp.dylib
0x0000000030fe4000 	/System/Library/Frameworks/ExceptionHandling.framework/Versions/A/ExceptionHandling
0x0000000030fe4000 	/System/Library/PrivateFrameworks/CoreServicesInternal.framework/Versions/A/CoreServicesInternal
0x0000000030fe4000 	/System/Library/CoreServices/RawCamera.bundle/Contents/MacOS/RawCamera
0x0000000030fe4000 	/System/Library/Frameworks/Accelerate.framework/Versions/A/Frameworks/vImage.framework/Versions/A/Libraries/libCGInterfaces.dylib
0x0000000030fe4000 	/System/Library/Frameworks/ApplicationServices.framework/Versions/A/Frameworks/ATS.framework/Versions/A/Resources/libTrueTypeScaler.dylib
0x0000000030fe4000 	/System/Library/Frameworks/OpenGL.framework/Versions/A/Resources/GLEngine.bundle/GLEngine
0x0000000030fe4000 	/System/Library/Frameworks/OpenGL.framework/Versions/A/Libraries/libGLProgrammability.dylib
0x000000011b3bc000 	/System/Library/Extensions/AppleIntelBDWGraphicsGLDriver.bundle/Contents/MacOS/AppleIntelBDWGraphicsGLDriver
0x0000000030fe4000 	/System/Library/PrivateFrameworks/GPUSupport.framework/Versions/A/Libraries/libGPUSupportMercury.dylib
0x0000000030fe4000 	/System/Library/Frameworks/OpenGL.framework/Versions/A/Resources/GLRendererFloat.bundle/GLRendererFloat
0x0000000030fe4000 	/System/Library/Frameworks/OpenCL.framework/Versions/A/Libraries/libcldcpuengine.dylib
0x0000000030fe4000 	/usr/lib/libcrypto.0.9.8.dylib
0x0000000030fe4000 	/System/Library/PrivateFrameworks/TrustEvaluationAgent.framework/Versions/A/TrustEvaluationAgent
0x000000011bb18000 	/System/Library/Extensions/AppleIntelBDWGraphicsMTLDriver.bundle/Contents/MacOS/AppleIntelBDWGraphicsMTLDriver
0x0000000030fe4000 	/System/Library/PrivateFrameworks/FamilyControls.framework/Versions/A/FamilyControls
0x0000000030fe4000 	/System/Library/PrivateFrameworks/CommerceKit.framework/Versions/A/Frameworks/CommerceCore.framework/Versions/A/CommerceCore
0x0000000030fe4000 	/System/Library/PrivateFrameworks/SystemAdministration.framework/Versions/A/SystemAdministration
0x0000000030fe4000 	/System/Library/PrivateFrameworks/AppContainer.framework/Versions/A/AppContainer
0x0000000030fe4000 	/System/Library/PrivateFrameworks/SecCodeWrapper.framework/Versions/A/SecCodeWrapper
0x0000000030fe4000 	/System/Library/Frameworks/DirectoryService.framework/Versions/A/DirectoryService
0x0000000030fe4000 	/System/Library/PrivateFrameworks/DiskImages.framework/Versions/A/DiskImages
0x0000000030fe4000 	/System/Library/PrivateFrameworks/LoginUIKit.framework/Versions/A/Frameworks/LoginUICore.framework/Versions/A/LoginUICore
0x0000000030fe4000 	/usr/lib/libCoreStorage.dylib
0x0000000030fe4000 	/usr/lib/libcsfde.dylib
0x0000000030fe4000 	/usr/lib/libodfde.dylib
0x0000000030fe4000 	/System/Library/Frameworks/DiscRecording.framework/Versions/A/DiscRecording
0x0000000030fe4000 	/usr/lib/libcurl.4.dylib
0x0000000030fe4000 	/System/Library/PrivateFrameworks/MediaKit.framework/Versions/A/MediaKit
0x0000000030fe4000 	/System/Library/PrivateFrameworks/ProtectedCloudStorage.framework/Versions/A/ProtectedCloudStorage
0x0000000030fe4000 	/System/Library/PrivateFrameworks/EFILogin.framework/Versions/A/EFILogin
0x0000000030fe4000 	/usr/lib/libutil.dylib
0x0000000030fe4000 	/System/Library/Frameworks/LDAP.framework/Versions/A/LDAP
0x0000000030fe4000 	/usr/lib/libsasl2.2.dylib
0x0000000030fe4000 	/System/Library/PrivateFrameworks/CoreDaemon.framework/Versions/B/CoreDaemon
0x0000000030fe4000 	/System/Library/PrivateFrameworks/AppleSRP.framework/Versions/A/AppleSRP
0x0000000030fe4000 	/System/Library/PrivateFrameworks/APFS.framework/Versions/A/APFS
0x000000011cf42000 	/Library/Java/JavaVirtualMachines/jdk1.8.0_111.jdk/Contents/Home/jre/lib/libfontmanager.dylib
0x000000011a5eb000 	/Library/Java/JavaVirtualMachines/jdk1.8.0_111.jdk/Contents/Home/jre/lib/libosxui.dylib
0x0000000030fe4000 	/System/Library/PrivateFrameworks/ViewBridge.framework/Versions/A/ViewBridge
0x0000000030fe4000 	/System/Library/PrivateFrameworks/XPCService.framework/Versions/A/XPCService
0x0000000030fe4000 	/System/Library/PrivateFrameworks/AppSandbox.framework/Versions/A/AppSandbox
0x0000000030fe4000 	/usr/lib/libsandbox.1.dylib
0x0000000030fe4000 	/usr/lib/libMatch.1.dylib
0x000000012ed8d000 	/Library/Java/JavaVirtualMachines/jdk1.8.0_111.jdk/Contents/Home/jre/lib/libjpeg.dylib
0x000000012f23f000 	/Library/Java/JavaVirtualMachines/jdk1.8.0_111.jdk/Contents/Home/jre/lib/libnet.dylib
0x000000012f29e000 	/Library/Java/JavaVirtualMachines/jdk1.8.0_111.jdk/Contents/Home/jre/lib/libnio.dylib
0x000000016a6bf000 	/Library/Java/JavaVirtualMachines/jdk1.8.0_111.jdk/Contents/Home/jre/lib/libdcpr.dylib
0x000000016af54000 	/Users/AlexHope/Documents/workspace/Timetable/lib/libjniortools.jnilib
0x000000016b124000 	/Users/AlexHope/Documents/workspace/Timetable/lib/libortools.dylib

VM Arguments:
jvm_args: -Djava.library.path=/Users/AlexHope/Documents/workspace/Timetable/lib:/Users/AlexHope/Documents/workspace/Timetable/lib -Dfile.encoding=UTF-8 
java_command: View.MainFrame
java_class_path (initial): /Users/AlexHope/Documents/workspace/Timetable/bin:/Users/AlexHope/Documents/workspace/Timetable/lib/com.google.ortools.jar:/Users/AlexHope/Documents/workspace/Timetable/lib/protobuf.jar:/Users/AlexHope/Documents/workspace/Timetable/objs:/Users/AlexHope/.p2/pool/plugins/org.junit_4.12.0.v201504281640/junit.jar:/Users/AlexHope/.p2/pool/plugins/org.hamcrest.core_1.3.0.v201303031735.jar
Launcher Type: SUN_STANDARD

Environment Variables:
PATH=/usr/bin:/bin:/usr/sbin:/sbin
SHELL=/bin/bash

Signal Handlers:
SIGSEGV: [libjvm.dylib+0x5b03ed], sa_mask[0]=11111111011111110111111111111111, sa_flags=SA_ONSTACK|SA_RESTART|SA_SIGINFO
SIGBUS: [libjvm.dylib+0x5b03ed], sa_mask[0]=11111111011111110111111111111111, sa_flags=SA_RESTART|SA_SIGINFO
SIGFPE: [libjvm.dylib+0x48711c], sa_mask[0]=11111111011111110111111111111111, sa_flags=SA_RESTART|SA_SIGINFO
SIGPIPE: [libjvm.dylib+0x48711c], sa_mask[0]=11111111011111110111111111111111, sa_flags=SA_RESTART|SA_SIGINFO
SIGXFSZ: [libjvm.dylib+0x48711c], sa_mask[0]=11111111011111110111111111111111, sa_flags=SA_RESTART|SA_SIGINFO
SIGILL: [libjvm.dylib+0x48711c], sa_mask[0]=11111111011111110111111111111111, sa_flags=SA_RESTART|SA_SIGINFO
SIGUSR1: SIG_DFL, sa_mask[0]=00000000000000000000000000000000, sa_flags=none
SIGUSR2: [libjvm.dylib+0x486c3a], sa_mask[0]=00100000000000000000000000000000, sa_flags=SA_RESTART|SA_SIGINFO
SIGHUP: [libjvm.dylib+0x485211], sa_mask[0]=11111111011111110111111111111111, sa_flags=SA_RESTART|SA_SIGINFO
SIGINT: [libjvm.dylib+0x485211], sa_mask[0]=11111111011111110111111111111111, sa_flags=SA_RESTART|SA_SIGINFO
SIGTERM: [libjvm.dylib+0x485211], sa_mask[0]=11111111011111110111111111111111, sa_flags=SA_RESTART|SA_SIGINFO
SIGQUIT: [libjvm.dylib+0x485211], sa_mask[0]=11111111011111110111111111111111, sa_flags=SA_RESTART|SA_SIGINFO


---------------  S Y S T E M  ---------------

OS:Bsduname:Darwin 16.4.0 Darwin Kernel Version 16.4.0: Thu Dec 22 22:53:21 PST 2016; root:xnu-3789.41.3~3/RELEASE_X86_64 x86_64
rlimit: STACK 8192k, CORE 0k, NPROC 709, NOFILE 10240, AS infinity
load average:1.48 1.39 1.33

CPU:total 4 (2 cores per cpu, 2 threads per core) family 6 model 61 stepping 4, cmov, cx8, fxsr, mmx, sse, sse2, sse3, ssse3, sse4.1, sse4.2, popcnt, avx, avx2, aes, clmul, erms, 3dnowpref, lzcnt, ht, tsc, tscinvbit, bmi1, bmi2, adx

Memory: 4k page, physical 8388608k(1646916k free)

/proc/meminfo:


vm_info: Java HotSpot(TM) 64-Bit Server VM (25.111-b14) for bsd-amd64 JRE (1.8.0_111-b14), built on Sep 22 2016 15:31:41 by "java_re" with gcc 4.2.1 (Based on Apple Inc. build 5658) (LLVM build 2336.11.00)

time: Mon Feb 20 13:04:03 2017
elapsed time: 19 seconds (0d 0h 0m 19s)

